<?xml version="1.0" encoding="UTF-8"?>
<!-- Generated by org.testng.reporters.JUnitXMLReporter -->
<testsuite hostname="DESKTOP-A3DICO7" ignored="0" name="TorenzoTest" tests="31" failures="2" timestamp="11 Dec 2018 10:35:35 GMT" time="1648.163" errors="0">
  <testcase name="@BeforeMethod setUp" time="60.913" classname="com.torenzosite.qa.testcases.FeaturePageTest">
    <failure type="org.openqa.selenium.WebDriverException" message="Timed out waiting 45 seconds for Firefox to start.
Build info: version: &amp;apos;3.14.0&amp;apos;, revision: &amp;apos;aacccce0&amp;apos;, time: &amp;apos;2018-08-02T20:19:58.91Z&amp;apos;
System info: host: &amp;apos;DESKTOP-A3DICO7&amp;apos;, ip: &amp;apos;169.254.38.26&amp;apos;, os.name: &amp;apos;Windows 10&amp;apos;, os.arch: &amp;apos;amd64&amp;apos;, os.version: &amp;apos;10.0&amp;apos;, java.version: &amp;apos;1.8.0_131&amp;apos;
Driver info: driver.version: FirefoxDriver">
      <![CDATA[org.openqa.selenium.WebDriverException: Timed out waiting 45 seconds for Firefox to start.
Build info: version: '3.14.0', revision: 'aacccce0', time: '2018-08-02T20:19:58.91Z'
System info: host: 'DESKTOP-A3DICO7', ip: '169.254.38.26', os.name: 'Windows 10', os.arch: 'amd64', os.version: '10.0', java.version: '1.8.0_131'
Driver info: driver.version: FirefoxDriver
at org.openqa.selenium.firefox.XpiDriverService.waitUntilAvailable(XpiDriverService.java:133)
at org.openqa.selenium.firefox.XpiDriverService.start(XpiDriverService.java:118)
at org.openqa.selenium.remote.service.DriverCommandExecutor.execute(DriverCommandExecutor.java:79)
at org.openqa.selenium.remote.RemoteWebDriver.execute(RemoteWebDriver.java:548)
at org.openqa.selenium.remote.RemoteWebDriver.startSession(RemoteWebDriver.java:212)
at org.openqa.selenium.remote.RemoteWebDriver.<init>(RemoteWebDriver.java:130)
at org.openqa.selenium.firefox.FirefoxDriver.<init>(FirefoxDriver.java:125)
at org.openqa.selenium.firefox.FirefoxDriver.<init>(FirefoxDriver.java:103)
at com.torenzosite.qa.base.TestBase.initialization(TestBase.java:51)
at com.torenzosite.qa.testcases.FeaturePageTest.setUp(FeaturePageTest.java:45)
Caused by: org.openqa.selenium.net.UrlChecker$TimeoutException: Timed out waiting for [http://localhost:41309/hub/status] to be available after 45815 ms
at org.openqa.selenium.net.UrlChecker.waitUntilAvailable(UrlChecker.java:100)
at org.openqa.selenium.firefox.XpiDriverService.waitUntilAvailable(XpiDriverService.java:131)
... 37 more
Caused by: java.util.concurrent.TimeoutException
at java.util.concurrent.FutureTask.get(Unknown Source)
at com.google.common.util.concurrent.SimpleTimeLimiter.callWithTimeout(SimpleTimeLimiter.java:156)
at org.openqa.selenium.net.UrlChecker.waitUntilAvailable(UrlChecker.java:75)
... 38 more
... Removed 28 stack frames]]>
    </failure>
  </testcase> <!-- @BeforeMethod setUp -->
  <testcase name="@AfterMethod tearDown" time="0.0" classname="com.torenzosite.qa.testcases.FeaturePageTest">
    <skipped/>
  </testcase> <!-- @AfterMethod tearDown -->
  <testcase name="@BeforeMethod setUp" time="0.0" classname="com.torenzosite.qa.testcases.FeaturePageTest">
    <skipped/>
  </testcase> <!-- @BeforeMethod setUp -->
  <testcase name="@AfterMethod tearDown" time="0.0" classname="com.torenzosite.qa.testcases.FeaturePageTest">
    <skipped/>
  </testcase> <!-- @AfterMethod tearDown -->
  <testcase name="@BeforeMethod setUp" time="0.0" classname="com.torenzosite.qa.testcases.FeaturePageTest">
    <skipped/>
  </testcase> <!-- @BeforeMethod setUp -->
  <testcase name="@AfterMethod tearDown" time="0.0" classname="com.torenzosite.qa.testcases.FeaturePageTest">
    <skipped/>
  </testcase> <!-- @AfterMethod tearDown -->
  <testcase name="@BeforeMethod setUp" time="0.0" classname="com.torenzosite.qa.testcases.FeaturePageTest">
    <skipped/>
  </testcase> <!-- @BeforeMethod setUp -->
  <testcase name="@AfterMethod tearDown" time="0.0" classname="com.torenzosite.qa.testcases.FeaturePageTest">
    <skipped/>
  </testcase> <!-- @AfterMethod tearDown -->
  <testcase name="@BeforeMethod setUp" time="0.0" classname="com.torenzosite.qa.testcases.FeaturePageTest">
    <skipped/>
  </testcase> <!-- @BeforeMethod setUp -->
  <testcase name="@AfterMethod tearDown" time="0.0" classname="com.torenzosite.qa.testcases.FeaturePageTest">
    <skipped/>
  </testcase> <!-- @AfterMethod tearDown -->
  <testcase name="@BeforeMethod setUp" time="0.0" classname="com.torenzosite.qa.testcases.FeaturePageTest">
    <skipped/>
  </testcase> <!-- @BeforeMethod setUp -->
  <testcase name="@AfterMethod tearDown" time="0.0" classname="com.torenzosite.qa.testcases.FeaturePageTest">
    <skipped/>
  </testcase> <!-- @AfterMethod tearDown -->
  <testcase name="@BeforeMethod setUp" time="59.547" classname="com.torenzosite.qa.testcases.LeaveUsPageTest">
    <failure type="org.openqa.selenium.WebDriverException" message="Timed out waiting 45 seconds for Firefox to start.
Build info: version: &amp;apos;3.14.0&amp;apos;, revision: &amp;apos;aacccce0&amp;apos;, time: &amp;apos;2018-08-02T20:19:58.91Z&amp;apos;
System info: host: &amp;apos;DESKTOP-A3DICO7&amp;apos;, ip: &amp;apos;169.254.38.26&amp;apos;, os.name: &amp;apos;Windows 10&amp;apos;, os.arch: &amp;apos;amd64&amp;apos;, os.version: &amp;apos;10.0&amp;apos;, java.version: &amp;apos;1.8.0_131&amp;apos;
Driver info: driver.version: FirefoxDriver">
      <![CDATA[org.openqa.selenium.WebDriverException: Timed out waiting 45 seconds for Firefox to start.
Build info: version: '3.14.0', revision: 'aacccce0', time: '2018-08-02T20:19:58.91Z'
System info: host: 'DESKTOP-A3DICO7', ip: '169.254.38.26', os.name: 'Windows 10', os.arch: 'amd64', os.version: '10.0', java.version: '1.8.0_131'
Driver info: driver.version: FirefoxDriver
at org.openqa.selenium.firefox.XpiDriverService.waitUntilAvailable(XpiDriverService.java:133)
at org.openqa.selenium.firefox.XpiDriverService.start(XpiDriverService.java:118)
at org.openqa.selenium.remote.service.DriverCommandExecutor.execute(DriverCommandExecutor.java:79)
at org.openqa.selenium.remote.RemoteWebDriver.execute(RemoteWebDriver.java:548)
at org.openqa.selenium.remote.RemoteWebDriver.startSession(RemoteWebDriver.java:212)
at org.openqa.selenium.remote.RemoteWebDriver.<init>(RemoteWebDriver.java:130)
at org.openqa.selenium.firefox.FirefoxDriver.<init>(FirefoxDriver.java:125)
at org.openqa.selenium.firefox.FirefoxDriver.<init>(FirefoxDriver.java:103)
at com.torenzosite.qa.base.TestBase.initialization(TestBase.java:51)
at com.torenzosite.qa.testcases.LeaveUsPageTest.setUp(LeaveUsPageTest.java:41)
Caused by: org.openqa.selenium.net.UrlChecker$TimeoutException: Timed out waiting for [http://localhost:21109/hub/status] to be available after 45001 ms
at org.openqa.selenium.net.UrlChecker.waitUntilAvailable(UrlChecker.java:100)
at org.openqa.selenium.firefox.XpiDriverService.waitUntilAvailable(XpiDriverService.java:131)
... 37 more
Caused by: java.util.concurrent.TimeoutException
at java.util.concurrent.FutureTask.get(Unknown Source)
at com.google.common.util.concurrent.SimpleTimeLimiter.callWithTimeout(SimpleTimeLimiter.java:156)
at org.openqa.selenium.net.UrlChecker.waitUntilAvailable(UrlChecker.java:75)
... 38 more
... Removed 28 stack frames]]>
    </failure>
  </testcase> <!-- @BeforeMethod setUp -->
  <testcase name="@AfterMethod tearDown" time="0.0" classname="com.torenzosite.qa.testcases.LeaveUsPageTest">
    <skipped/>
  </testcase> <!-- @AfterMethod tearDown -->
  <testcase name="@BeforeMethod setUp" time="0.0" classname="com.torenzosite.qa.testcases.LeaveUsPageTest">
    <skipped/>
  </testcase> <!-- @BeforeMethod setUp -->
  <testcase name="@AfterMethod tearDown" time="0.0" classname="com.torenzosite.qa.testcases.LeaveUsPageTest">
    <skipped/>
  </testcase> <!-- @AfterMethod tearDown -->
  <testcase name="@BeforeMethod setUp" time="61.335" classname="com.torenzosite.qa.testcases.HardwarePageTest">
    <failure type="org.openqa.selenium.WebDriverException" message="Timed out waiting 45 seconds for Firefox to start.
Build info: version: &amp;apos;3.14.0&amp;apos;, revision: &amp;apos;aacccce0&amp;apos;, time: &amp;apos;2018-08-02T20:19:58.91Z&amp;apos;
System info: host: &amp;apos;DESKTOP-A3DICO7&amp;apos;, ip: &amp;apos;169.254.38.26&amp;apos;, os.name: &amp;apos;Windows 10&amp;apos;, os.arch: &amp;apos;amd64&amp;apos;, os.version: &amp;apos;10.0&amp;apos;, java.version: &amp;apos;1.8.0_131&amp;apos;
Driver info: driver.version: FirefoxDriver">
      <![CDATA[org.openqa.selenium.WebDriverException: Timed out waiting 45 seconds for Firefox to start.
Build info: version: '3.14.0', revision: 'aacccce0', time: '2018-08-02T20:19:58.91Z'
System info: host: 'DESKTOP-A3DICO7', ip: '169.254.38.26', os.name: 'Windows 10', os.arch: 'amd64', os.version: '10.0', java.version: '1.8.0_131'
Driver info: driver.version: FirefoxDriver
at org.openqa.selenium.firefox.XpiDriverService.waitUntilAvailable(XpiDriverService.java:133)
at org.openqa.selenium.firefox.XpiDriverService.start(XpiDriverService.java:118)
at org.openqa.selenium.remote.service.DriverCommandExecutor.execute(DriverCommandExecutor.java:79)
at org.openqa.selenium.remote.RemoteWebDriver.execute(RemoteWebDriver.java:548)
at org.openqa.selenium.remote.RemoteWebDriver.startSession(RemoteWebDriver.java:212)
at org.openqa.selenium.remote.RemoteWebDriver.<init>(RemoteWebDriver.java:130)
at org.openqa.selenium.firefox.FirefoxDriver.<init>(FirefoxDriver.java:125)
at org.openqa.selenium.firefox.FirefoxDriver.<init>(FirefoxDriver.java:103)
at com.torenzosite.qa.base.TestBase.initialization(TestBase.java:51)
at com.torenzosite.qa.testcases.HardwarePageTest.setUp(HardwarePageTest.java:37)
Caused by: org.openqa.selenium.net.UrlChecker$TimeoutException: Timed out waiting for [http://localhost:41011/hub/status] to be available after 45001 ms
at org.openqa.selenium.net.UrlChecker.waitUntilAvailable(UrlChecker.java:100)
at org.openqa.selenium.firefox.XpiDriverService.waitUntilAvailable(XpiDriverService.java:131)
... 37 more
Caused by: java.util.concurrent.TimeoutException
at java.util.concurrent.FutureTask.get(Unknown Source)
at com.google.common.util.concurrent.SimpleTimeLimiter.callWithTimeout(SimpleTimeLimiter.java:156)
at org.openqa.selenium.net.UrlChecker.waitUntilAvailable(UrlChecker.java:75)
... 38 more
... Removed 28 stack frames]]>
    </failure>
  </testcase> <!-- @BeforeMethod setUp -->
  <testcase name="@AfterMethod tearDown" time="0.0" classname="com.torenzosite.qa.testcases.HardwarePageTest">
    <skipped/>
  </testcase> <!-- @AfterMethod tearDown -->
  <testcase name="@BeforeMethod setUp" time="0.0" classname="com.torenzosite.qa.testcases.HardwarePageTest">
    <skipped/>
  </testcase> <!-- @BeforeMethod setUp -->
  <testcase name="@AfterMethod tearDown" time="0.0" classname="com.torenzosite.qa.testcases.HardwarePageTest">
    <skipped/>
  </testcase> <!-- @AfterMethod tearDown -->
  <testcase name="@BeforeMethod setUp" time="0.0" classname="com.torenzosite.qa.testcases.HardwarePageTest">
    <skipped/>
  </testcase> <!-- @BeforeMethod setUp -->
  <testcase name="@AfterMethod tearDown" time="0.0" classname="com.torenzosite.qa.testcases.HardwarePageTest">
    <skipped/>
  </testcase> <!-- @AfterMethod tearDown -->
  <testcase name="findBrokenLinkOnTorenzoMainPage" time="23.689" classname="com.torenzosite.qa.testcases.BrokenImageAndLinks"/>
  <testcase name="verifyHomePageTitle" time="0.374" classname="com.torenzosite.qa.testcases.HomePageTest"/>
  <testcase name="verifyEmailAddreeField" time="7.31" classname="com.torenzosite.qa.testcases.HomePageTest"/>
  <testcase name="verifyWithEmptyEmailAddreeField" time="23.342" classname="com.torenzosite.qa.testcases.HomePageTest"/>
  <testcase name="verifyWithInvalidEmailAddreeField" time="23.446" classname="com.torenzosite.qa.testcases.HomePageTest"/>
  <testcase name="verifyHomePageTitle" time="18.155" classname="com.torenzosite.qa.testcases.ContactUsPageTest"/>
  <testcase name="verifyContactPage" time="10.961" classname="com.torenzosite.qa.testcases.ContactUsPageTest"/>
  <testcase name="fillFormToConatctUs" time="25.356" classname="com.torenzosite.qa.testcases.ContactUsPageTest"/>
  <testcase name="fillFormToConatctUsWithEmpty" time="34.861" classname="com.torenzosite.qa.testcases.ContactUsPageTest"/>
  <testcase name="fillFormToConatctUsWithIncorrectEmail" time="300.65" classname="com.torenzosite.qa.testcases.ContactUsPageTest"/>
  <testcase name="verifyHomePageTitle" time="0.504" classname="com.torenzosite.qa.testcases.TorenzoPOSPageTest"/>
  <testcase name="verifyTextFromTorenzoPOSPage" time="4.504" classname="com.torenzosite.qa.testcases.TorenzoPOSPageTest"/>
  <testcase name="verifyHomePageTitle" time="0.33" classname="com.torenzosite.qa.testcases.FeaturePageTest"/>
  <testcase name="verifyFeaturesPageTitle" time="9.339" classname="com.torenzosite.qa.testcases.FeaturePageTest"/>
  <testcase name="verifyTryTorenzoForFree" time="16.448" classname="com.torenzosite.qa.testcases.FeaturePageTest">
    <failure type="org.openqa.selenium.WebDriverException" message="Element &amp;lt;a class=&amp;quot;btn btn-primary btn-lg&amp;quot; href=&amp;quot;#&amp;quot; data-toggle=&amp;quot;modal&amp;quot; data-target=&amp;quot;#ID-NAME&amp;quot;&amp;gt;&amp;lt;/a&amp;gt; is not clickable at point (674.8333129882812, 27.133331298828125). Other element would receive the click: &amp;lt;div class=&amp;quot;modal-dialog&amp;quot;&amp;gt;&amp;lt;/div&amp;gt;
Command duration or timeout: 0 milliseconds
Build info: version: &amp;apos;3.14.0&amp;apos;, revision: &amp;apos;aacccce0&amp;apos;, time: &amp;apos;2018-08-02T20:19:58.91Z&amp;apos;
System info: host: &amp;apos;DESKTOP-A3DICO7&amp;apos;, ip: &amp;apos;169.254.38.26&amp;apos;, os.name: &amp;apos;Windows 10&amp;apos;, os.arch: &amp;apos;amd64&amp;apos;, os.version: &amp;apos;10.0&amp;apos;, java.version: &amp;apos;1.8.0_131&amp;apos;
Driver info: org.openqa.selenium.firefox.FirefoxDriver
Capabilities {acceptSslCerts: true, applicationCacheEnabled: true, browserName: firefox, cssSelectorsEnabled: true, databaseEnabled: true, handlesAlerts: true, javascriptEnabled: true, locationContextEnabled: true, nativeEvents: false, platform: WINDOWS, platformName: WINDOWS, rotatable: false, takesScreenshot: true, version: 47.0.2, webStorageEnabled: true}
Session ID: 73d68c4a-5ebc-48e3-9023-5bada13ef50a">
      <![CDATA[org.openqa.selenium.WebDriverException: Element <a class="btn btn-primary btn-lg" href="#" data-toggle="modal" data-target="#ID-NAME"></a> is not clickable at point (674.8333129882812, 27.133331298828125). Other element would receive the click: <div class="modal-dialog"></div>
Command duration or timeout: 0 milliseconds
Build info: version: '3.14.0', revision: 'aacccce0', time: '2018-08-02T20:19:58.91Z'
System info: host: 'DESKTOP-A3DICO7', ip: '169.254.38.26', os.name: 'Windows 10', os.arch: 'amd64', os.version: '10.0', java.version: '1.8.0_131'
Driver info: org.openqa.selenium.firefox.FirefoxDriver
Capabilities {acceptSslCerts: true, applicationCacheEnabled: true, browserName: firefox, cssSelectorsEnabled: true, databaseEnabled: true, handlesAlerts: true, javascriptEnabled: true, locationContextEnabled: true, nativeEvents: false, platform: WINDOWS, platformName: WINDOWS, rotatable: false, takesScreenshot: true, version: 47.0.2, webStorageEnabled: true}
Session ID: 73d68c4a-5ebc-48e3-9023-5bada13ef50a
at org.openqa.selenium.remote.ErrorHandler.createThrowable(ErrorHandler.java:214)
at org.openqa.selenium.remote.ErrorHandler.throwIfResponseFailed(ErrorHandler.java:166)
at org.openqa.selenium.remote.http.JsonHttpResponseCodec.reconstructValue(JsonHttpResponseCodec.java:40)
at org.openqa.selenium.remote.http.AbstractHttpResponseCodec.decode(AbstractHttpResponseCodec.java:80)
at org.openqa.selenium.remote.http.AbstractHttpResponseCodec.decode(AbstractHttpResponseCodec.java:44)
at org.openqa.selenium.remote.HttpCommandExecutor.execute(HttpCommandExecutor.java:158)
at org.openqa.selenium.remote.service.DriverCommandExecutor.execute(DriverCommandExecutor.java:83)
at org.openqa.selenium.remote.RemoteWebDriver.execute(RemoteWebDriver.java:548)
at org.openqa.selenium.remote.RemoteWebElement.execute(RemoteWebElement.java:276)
at org.openqa.selenium.remote.RemoteWebElement.click(RemoteWebElement.java:83)
at com.torenzosite.qa.testcases.FeaturePageTest.verifyTryTorenzoForFree(FeaturePageTest.java:95)
... Removed 29 stack frames]]>
    </failure>
  </testcase> <!-- verifyTryTorenzoForFree -->
  <testcase name="closeToForm" time="11.425" classname="com.torenzosite.qa.testcases.FeaturePageTest"/>
  <testcase name="fillFormFromFeaturePage" time="0.0" classname="com.torenzosite.qa.testcases.FeaturePageTest">
    <skipped/>
  </testcase> <!-- fillFormFromFeaturePage -->
  <testcase name="fillFormWithEmptyData" time="0.0" classname="com.torenzosite.qa.testcases.FeaturePageTest">
    <skipped/>
  </testcase> <!-- fillFormWithEmptyData -->
  <testcase name="fillFormWithEmptyPhoneNumber" time="0.0" classname="com.torenzosite.qa.testcases.FeaturePageTest">
    <skipped/>
  </testcase> <!-- fillFormWithEmptyPhoneNumber -->
  <testcase name="fillFormWithEmptyEmaildId" time="0.0" classname="com.torenzosite.qa.testcases.FeaturePageTest">
    <skipped/>
  </testcase> <!-- fillFormWithEmptyEmaildId -->
  <testcase name="fillFormWithEmptyBussinesName" time="0.0" classname="com.torenzosite.qa.testcases.FeaturePageTest">
    <skipped/>
  </testcase> <!-- fillFormWithEmptyBussinesName -->
  <testcase name="fillFormWithIncorrectEmailId" time="0.0" classname="com.torenzosite.qa.testcases.FeaturePageTest">
    <skipped/>
  </testcase> <!-- fillFormWithIncorrectEmailId -->
  <testcase name="verifyHomePageTitle" time="0.0" classname="com.torenzosite.qa.testcases.LeaveUsPageTest">
    <skipped/>
  </testcase> <!-- verifyHomePageTitle -->
  <testcase name="verifyLeaveUsPageTitle" time="0.0" classname="com.torenzosite.qa.testcases.LeaveUsPageTest">
    <skipped/>
  </testcase> <!-- verifyLeaveUsPageTitle -->
  <testcase name="verifyHomePageTitle" time="0.0" classname="com.torenzosite.qa.testcases.HardwarePageTest">
    <skipped/>
  </testcase> <!-- verifyHomePageTitle -->
  <testcase name="verifyHardwarePageTitle" time="0.0" classname="com.torenzosite.qa.testcases.HardwarePageTest">
    <skipped/>
  </testcase> <!-- verifyHardwarePageTitle -->
  <testcase name="verifyContactUsPage" time="0.0" classname="com.torenzosite.qa.testcases.HardwarePageTest">
    <skipped/>
  </testcase> <!-- verifyContactUsPage -->
  <testcase name="verifyHomePageTitle" time="0.597" classname="com.torenzosite.qa.testcases.PricingPageTest"/>
  <testcase name="verifyPricingPageTitle" time="17.036" classname="com.torenzosite.qa.testcases.PricingPageTest"/>
  <testcase name="verifyHomePageTitle" time="2.134" classname="com.torenzosite.qa.testcases.TryTorenzoForFreePageTest"/>
  <testcase name="clickOnTryTorenzoForFreeAndFillForm" time="182.173" classname="com.torenzosite.qa.testcases.TryTorenzoForFreePageTest">
    <failure type="java.lang.AssertionError" message="Validation message is missing upon clicking on Submit with empty data expected [This field is required.] but found [This field is required. Please enter the first and last name.]">
      <![CDATA[java.lang.AssertionError: Validation message is missing upon clicking on Submit with empty data expected [This field is required.] but found [This field is required. Please enter the first and last name.]
at com.torenzosite.qa.testcases.TryTorenzoForFreePageTest.clickOnTryTorenzoForFreeAndFillForm(TryTorenzoForFreePageTest.java:120)
... Removed 30 stack frames]]>
    </failure>
  </testcase> <!-- clickOnTryTorenzoForFreeAndFillForm -->
</testsuite> <!-- TorenzoTest -->
