<!DOCTYPE html PUBLIC "-//W3C//DTD XHTML 1.1//EN" "http://www.w3.org/TR/xhtml11/DTD/xhtml11.dtd">
<html xmlns="http://www.w3.org/1999/xhtml">
<head>
<meta http-equiv="content-type" content="text/html; charset=UTF-8"/>
<title>TestNG Report</title>
<style type="text/css">table {margin-bottom:10px;border-collapse:collapse;empty-cells:show}th,td {border:1px solid #009;padding:.25em .5em}th {vertical-align:bottom}td {vertical-align:top}table a {font-weight:bold}.stripe td {background-color: #E6EBF9}.num {text-align:right}.passedodd td {background-color: #3F3}.passedeven td {background-color: #0A0}.skippedodd td {background-color: #DDD}.skippedeven td {background-color: #CCC}.failedodd td,.attn {background-color: #F33}.failedeven td,.stripe .attn {background-color: #D00}.stacktrace {white-space:pre;font-family:monospace}.totop {font-size:85%;text-align:center;border-bottom:2px solid #000}.invisible {display:none}</style>
</head>
<body>
<table>
<tr><th>Test</th><th># Passed</th><th># Skipped</th><th># Failed</th><th>Time (ms)</th><th>Included Groups</th><th>Excluded Groups</th></tr>
<tr><th colspan="7">Android 1</th></tr>
<tr><td><a href="#t0">TorenzoTest</a></td><td class="num">18</td><td class="num attn">11</td><td class="num attn">2</td><td class="num">1,648,163</td><td></td><td></td></tr>
</table>
<table id='summary'><thead><tr><th>Class</th><th>Method</th><th>Start</th><th>Time (ms)</th></tr></thead><tbody><tr><th colspan="4">Android 1</th></tr></tbody><tbody id="t0"><tr><th colspan="4">TorenzoTest &#8212; failed (configuration methods)</th></tr><tr class="failedeven"><td rowspan="1">com.torenzosite.qa.testcases.FeaturePageTest</td><td><a href="#m0">setUp</a></td><td rowspan="1">1544523897120</td><td rowspan="1">60913</td></tr><tr class="failedodd"><td rowspan="1">com.torenzosite.qa.testcases.HardwarePageTest</td><td><a href="#m1">setUp</a></td><td rowspan="1">1544524033631</td><td rowspan="1">61335</td></tr><tr class="failedeven"><td rowspan="1">com.torenzosite.qa.testcases.LeaveUsPageTest</td><td><a href="#m2">setUp</a></td><td rowspan="1">1544523971406</td><td rowspan="1">59547</td></tr><tr><th colspan="4">TorenzoTest &#8212; failed</th></tr><tr class="failedeven"><td rowspan="1">com.torenzosite.qa.testcases.FeaturePageTest</td><td><a href="#m3">verifyTryTorenzoForFree</a></td><td rowspan="1">1544523749285</td><td rowspan="1">16448</td></tr><tr class="failedodd"><td rowspan="1">com.torenzosite.qa.testcases.TryTorenzoForFreePageTest</td><td><a href="#m4">clickOnTryTorenzoForFreeAndFillForm</a></td><td rowspan="1">1544524350312</td><td rowspan="1">182173</td></tr><tr><th colspan="4">TorenzoTest &#8212; skipped (configuration methods)</th></tr><tr class="skippedeven"><td rowspan="11">com.torenzosite.qa.testcases.FeaturePageTest</td><td><a href="#m5">setUp</a></td><td rowspan="5">1544523970954</td><td rowspan="5">0</td></tr><tr class="skippedeven"><td><a href="#m6">setUp</a></td></tr><tr class="skippedeven"><td><a href="#m7">setUp</a></td></tr><tr class="skippedeven"><td><a href="#m8">setUp</a></td></tr><tr class="skippedeven"><td><a href="#m9">setUp</a></td></tr><tr class="skippedeven"><td><a href="#m10">tearDown</a></td><td rowspan="6">1544523969265</td><td rowspan="6">0</td></tr><tr class="skippedeven"><td><a href="#m11">tearDown</a></td></tr><tr class="skippedeven"><td><a href="#m12">tearDown</a></td></tr><tr class="skippedeven"><td><a href="#m13">tearDown</a></td></tr><tr class="skippedeven"><td><a href="#m14">tearDown</a></td></tr><tr class="skippedeven"><td><a href="#m15">tearDown</a></td></tr><tr class="skippedodd"><td rowspan="5">com.torenzosite.qa.testcases.HardwarePageTest</td><td><a href="#m16">setUp</a></td><td rowspan="2">1544524096228</td><td rowspan="2">0</td></tr><tr class="skippedodd"><td><a href="#m17">setUp</a></td></tr><tr class="skippedodd"><td><a href="#m18">tearDown</a></td><td rowspan="3">1544524095796</td><td rowspan="3">0</td></tr><tr class="skippedodd"><td><a href="#m19">tearDown</a></td></tr><tr class="skippedodd"><td><a href="#m20">tearDown</a></td></tr><tr class="skippedeven"><td rowspan="3">com.torenzosite.qa.testcases.LeaveUsPageTest</td><td><a href="#m21">setUp</a></td><td rowspan="1">1544524031823</td><td rowspan="1">0</td></tr><tr class="skippedeven"><td><a href="#m22">tearDown</a></td><td rowspan="2">1544524033575</td><td rowspan="2">0</td></tr><tr class="skippedeven"><td><a href="#m23">tearDown</a></td></tr><tr><th colspan="4">TorenzoTest &#8212; skipped</th></tr><tr class="skippedeven"><td rowspan="6">com.torenzosite.qa.testcases.FeaturePageTest</td><td><a href="#m24">fillFormFromFeaturePage</a></td><td rowspan="1">1544523966540</td><td rowspan="1">0</td></tr><tr class="skippedeven"><td><a href="#m25">fillFormWithEmptyBussinesName</a></td><td rowspan="1">1544523970809</td><td rowspan="1">0</td></tr><tr class="skippedeven"><td><a href="#m26">fillFormWithEmptyData</a></td><td rowspan="1">1544523968420</td><td rowspan="1">0</td></tr><tr class="skippedeven"><td><a href="#m27">fillFormWithEmptyEmaildId</a></td><td rowspan="1">1544523969585</td><td rowspan="1">0</td></tr><tr class="skippedeven"><td><a href="#m28">fillFormWithEmptyPhoneNumber</a></td><td rowspan="1">1544523969319</td><td rowspan="1">0</td></tr><tr class="skippedeven"><td><a href="#m29">fillFormWithIncorrectEmailId</a></td><td rowspan="1">1544523970956</td><td rowspan="1">0</td></tr><tr class="skippedodd"><td rowspan="3">com.torenzosite.qa.testcases.HardwarePageTest</td><td><a href="#m30">verifyContactUsPage</a></td><td rowspan="1">1544524096726</td><td rowspan="1">0</td></tr><tr class="skippedodd"><td><a href="#m31">verifyHardwarePageTitle</a></td><td rowspan="1">1544524096229</td><td rowspan="1">0</td></tr><tr class="skippedodd"><td><a href="#m32">verifyHomePageTitle</a></td><td rowspan="1">1544524094976</td><td rowspan="1">0</td></tr><tr class="skippedeven"><td rowspan="2">com.torenzosite.qa.testcases.LeaveUsPageTest</td><td><a href="#m33">verifyHomePageTitle</a></td><td rowspan="1">1544524030958</td><td rowspan="1">0</td></tr><tr class="skippedeven"><td><a href="#m34">verifyLeaveUsPageTitle</a></td><td rowspan="1">1544524032241</td><td rowspan="1">0</td></tr><tr><th colspan="4">TorenzoTest &#8212; passed</th></tr><tr class="passedeven"><td rowspan="1">com.torenzosite.qa.testcases.BrokenImageAndLinks</td><td><a href="#m35">findBrokenLinkOnTorenzoMainPage</a></td><td rowspan="1">1544522933069</td><td rowspan="1">23689</td></tr><tr class="passedodd"><td rowspan="5">com.torenzosite.qa.testcases.ContactUsPageTest</td><td><a href="#m36">fillFormToConatctUs</a></td><td rowspan="1">1544523185800</td><td rowspan="1">25356</td></tr><tr class="passedodd"><td><a href="#m37">fillFormToConatctUsWithEmpty</a></td><td rowspan="1">1544523237709</td><td rowspan="1">34861</td></tr><tr class="passedodd"><td><a href="#m38">fillFormToConatctUsWithIncorrectEmail</a></td><td rowspan="1">1544523294802</td><td rowspan="1">300650</td></tr><tr class="passedodd"><td><a href="#m39">verifyContactPage</a></td><td rowspan="1">1544523154440</td><td rowspan="1">10961</td></tr><tr class="passedodd"><td><a href="#m40">verifyHomePageTitle</a></td><td rowspan="1">1544523115880</td><td rowspan="1">18155</td></tr><tr class="passedeven"><td rowspan="3">com.torenzosite.qa.testcases.FeaturePageTest</td><td><a href="#m41">closeToForm</a></td><td rowspan="1">1544523866273</td><td rowspan="1">11425</td></tr><tr class="passedeven"><td><a href="#m42">verifyFeaturesPageTitle</a></td><td rowspan="1">1544523686189</td><td rowspan="1">9339</td></tr><tr class="passedeven"><td><a href="#m43">verifyHomePageTitle</a></td><td rowspan="1">1544523665258</td><td rowspan="1">330</td></tr><tr class="passedodd"><td rowspan="4">com.torenzosite.qa.testcases.HomePageTest</td><td><a href="#m44">verifyEmailAddreeField</a></td><td rowspan="1">1544523000207</td><td rowspan="1">7310</td></tr><tr class="passedodd"><td><a href="#m45">verifyHomePageTitle</a></td><td rowspan="1">1544522977941</td><td rowspan="1">374</td></tr><tr class="passedodd"><td><a href="#m46">verifyWithEmptyEmailAddreeField</a></td><td rowspan="1">1544523027269</td><td rowspan="1">23342</td></tr><tr class="passedodd"><td><a href="#m47">verifyWithInvalidEmailAddreeField</a></td><td rowspan="1">1544523070991</td><td rowspan="1">23446</td></tr><tr class="passedeven"><td rowspan="2">com.torenzosite.qa.testcases.PricingPageTest</td><td><a href="#m48">verifyHomePageTitle</a></td><td rowspan="1">1544524178124</td><td rowspan="1">597</td></tr><tr class="passedeven"><td><a href="#m49">verifyPricingPageTitle</a></td><td rowspan="1">1544524267437</td><td rowspan="1">17036</td></tr><tr class="passedodd"><td rowspan="2">com.torenzosite.qa.testcases.TorenzoPOSPageTest</td><td><a href="#m50">verifyHomePageTitle</a></td><td rowspan="1">1544523617372</td><td rowspan="1">504</td></tr><tr class="passedodd"><td><a href="#m51">verifyTextFromTorenzoPOSPage</a></td><td rowspan="1">1544523639804</td><td rowspan="1">4504</td></tr><tr class="passedeven"><td rowspan="1">com.torenzosite.qa.testcases.TryTorenzoForFreePageTest</td><td><a href="#m52">verifyHomePageTitle</a></td><td rowspan="1">1544524318609</td><td rowspan="1">2134</td></tr></tbody>
</table>
<h2>TorenzoTest</h2><h3 id="m0">com.torenzosite.qa.testcases.FeaturePageTest#setUp</h3><table class="result"><tr><th>Messages</th></tr><tr><td><div class="messages">Completed executing following method : FeaturePageTest.setUp</div></td></tr><tr><th>Exception</th></tr><tr><td><div class="stacktrace">org.openqa.selenium.WebDriverException: Timed out waiting 45 seconds for Firefox to start.
Build info: version: &apos;3.14.0&apos;, revision: &apos;aacccce0&apos;, time: &apos;2018-08-02T20:19:58.91Z&apos;
System info: host: &apos;DESKTOP-A3DICO7&apos;, ip: &apos;169.254.38.26&apos;, os.name: &apos;Windows 10&apos;, os.arch: &apos;amd64&apos;, os.version: &apos;10.0&apos;, java.version: &apos;1.8.0_131&apos;
Driver info: driver.version: FirefoxDriver
	at org.openqa.selenium.firefox.XpiDriverService.waitUntilAvailable(XpiDriverService.java:133)
	at org.openqa.selenium.firefox.XpiDriverService.start(XpiDriverService.java:118)
	at org.openqa.selenium.remote.service.DriverCommandExecutor.execute(DriverCommandExecutor.java:79)
	at org.openqa.selenium.remote.RemoteWebDriver.execute(RemoteWebDriver.java:548)
	at org.openqa.selenium.remote.RemoteWebDriver.startSession(RemoteWebDriver.java:212)
	at org.openqa.selenium.remote.RemoteWebDriver.&lt;init&gt;(RemoteWebDriver.java:130)
	at org.openqa.selenium.firefox.FirefoxDriver.&lt;init&gt;(FirefoxDriver.java:125)
	at org.openqa.selenium.firefox.FirefoxDriver.&lt;init&gt;(FirefoxDriver.java:103)
	at com.torenzosite.qa.base.TestBase.initialization(TestBase.java:51)
	at com.torenzosite.qa.testcases.FeaturePageTest.setUp(FeaturePageTest.java:45)
Caused by: org.openqa.selenium.net.UrlChecker$TimeoutException: Timed out waiting for [http://localhost:41309/hub/status] to be available after 45815 ms
	at org.openqa.selenium.net.UrlChecker.waitUntilAvailable(UrlChecker.java:100)
	at org.openqa.selenium.firefox.XpiDriverService.waitUntilAvailable(XpiDriverService.java:131)
	... 37 more
Caused by: java.util.concurrent.TimeoutException
	at java.util.concurrent.FutureTask.get(Unknown Source)
	at com.google.common.util.concurrent.SimpleTimeLimiter.callWithTimeout(SimpleTimeLimiter.java:156)
	at org.openqa.selenium.net.UrlChecker.waitUntilAvailable(UrlChecker.java:75)
	... 38 more
... Removed 28 stack frames</div></td></tr></table><p class="totop"><a href="#summary">back to summary</a></p>
<h3 id="m1">com.torenzosite.qa.testcases.HardwarePageTest#setUp</h3><table class="result"><tr><th>Messages</th></tr><tr><td><div class="messages">Completed executing following method : HardwarePageTest.setUp</div></td></tr><tr><th>Exception</th></tr><tr><td><div class="stacktrace">org.openqa.selenium.WebDriverException: Timed out waiting 45 seconds for Firefox to start.
Build info: version: &apos;3.14.0&apos;, revision: &apos;aacccce0&apos;, time: &apos;2018-08-02T20:19:58.91Z&apos;
System info: host: &apos;DESKTOP-A3DICO7&apos;, ip: &apos;169.254.38.26&apos;, os.name: &apos;Windows 10&apos;, os.arch: &apos;amd64&apos;, os.version: &apos;10.0&apos;, java.version: &apos;1.8.0_131&apos;
Driver info: driver.version: FirefoxDriver
	at org.openqa.selenium.firefox.XpiDriverService.waitUntilAvailable(XpiDriverService.java:133)
	at org.openqa.selenium.firefox.XpiDriverService.start(XpiDriverService.java:118)
	at org.openqa.selenium.remote.service.DriverCommandExecutor.execute(DriverCommandExecutor.java:79)
	at org.openqa.selenium.remote.RemoteWebDriver.execute(RemoteWebDriver.java:548)
	at org.openqa.selenium.remote.RemoteWebDriver.startSession(RemoteWebDriver.java:212)
	at org.openqa.selenium.remote.RemoteWebDriver.&lt;init&gt;(RemoteWebDriver.java:130)
	at org.openqa.selenium.firefox.FirefoxDriver.&lt;init&gt;(FirefoxDriver.java:125)
	at org.openqa.selenium.firefox.FirefoxDriver.&lt;init&gt;(FirefoxDriver.java:103)
	at com.torenzosite.qa.base.TestBase.initialization(TestBase.java:51)
	at com.torenzosite.qa.testcases.HardwarePageTest.setUp(HardwarePageTest.java:37)
Caused by: org.openqa.selenium.net.UrlChecker$TimeoutException: Timed out waiting for [http://localhost:41011/hub/status] to be available after 45001 ms
	at org.openqa.selenium.net.UrlChecker.waitUntilAvailable(UrlChecker.java:100)
	at org.openqa.selenium.firefox.XpiDriverService.waitUntilAvailable(XpiDriverService.java:131)
	... 37 more
Caused by: java.util.concurrent.TimeoutException
	at java.util.concurrent.FutureTask.get(Unknown Source)
	at com.google.common.util.concurrent.SimpleTimeLimiter.callWithTimeout(SimpleTimeLimiter.java:156)
	at org.openqa.selenium.net.UrlChecker.waitUntilAvailable(UrlChecker.java:75)
	... 38 more
... Removed 28 stack frames</div></td></tr></table><p class="totop"><a href="#summary">back to summary</a></p>
<h3 id="m2">com.torenzosite.qa.testcases.LeaveUsPageTest#setUp</h3><table class="result"><tr><th>Messages</th></tr><tr><td><div class="messages">Completed executing following method : LeaveUsPageTest.setUp</div></td></tr><tr><th>Exception</th></tr><tr><td><div class="stacktrace">org.openqa.selenium.WebDriverException: Timed out waiting 45 seconds for Firefox to start.
Build info: version: &apos;3.14.0&apos;, revision: &apos;aacccce0&apos;, time: &apos;2018-08-02T20:19:58.91Z&apos;
System info: host: &apos;DESKTOP-A3DICO7&apos;, ip: &apos;169.254.38.26&apos;, os.name: &apos;Windows 10&apos;, os.arch: &apos;amd64&apos;, os.version: &apos;10.0&apos;, java.version: &apos;1.8.0_131&apos;
Driver info: driver.version: FirefoxDriver
	at org.openqa.selenium.firefox.XpiDriverService.waitUntilAvailable(XpiDriverService.java:133)
	at org.openqa.selenium.firefox.XpiDriverService.start(XpiDriverService.java:118)
	at org.openqa.selenium.remote.service.DriverCommandExecutor.execute(DriverCommandExecutor.java:79)
	at org.openqa.selenium.remote.RemoteWebDriver.execute(RemoteWebDriver.java:548)
	at org.openqa.selenium.remote.RemoteWebDriver.startSession(RemoteWebDriver.java:212)
	at org.openqa.selenium.remote.RemoteWebDriver.&lt;init&gt;(RemoteWebDriver.java:130)
	at org.openqa.selenium.firefox.FirefoxDriver.&lt;init&gt;(FirefoxDriver.java:125)
	at org.openqa.selenium.firefox.FirefoxDriver.&lt;init&gt;(FirefoxDriver.java:103)
	at com.torenzosite.qa.base.TestBase.initialization(TestBase.java:51)
	at com.torenzosite.qa.testcases.LeaveUsPageTest.setUp(LeaveUsPageTest.java:41)
Caused by: org.openqa.selenium.net.UrlChecker$TimeoutException: Timed out waiting for [http://localhost:21109/hub/status] to be available after 45001 ms
	at org.openqa.selenium.net.UrlChecker.waitUntilAvailable(UrlChecker.java:100)
	at org.openqa.selenium.firefox.XpiDriverService.waitUntilAvailable(XpiDriverService.java:131)
	... 37 more
Caused by: java.util.concurrent.TimeoutException
	at java.util.concurrent.FutureTask.get(Unknown Source)
	at com.google.common.util.concurrent.SimpleTimeLimiter.callWithTimeout(SimpleTimeLimiter.java:156)
	at org.openqa.selenium.net.UrlChecker.waitUntilAvailable(UrlChecker.java:75)
	... 38 more
... Removed 28 stack frames</div></td></tr></table><p class="totop"><a href="#summary">back to summary</a></p>
<h3 id="m3">com.torenzosite.qa.testcases.FeaturePageTest#verifyTryTorenzoForFree</h3><table class="result"><tr><th>Messages</th></tr><tr><td><div class="messages">About to begin executing following method : FeaturePageTest.verifyTryTorenzoForFree<br/>Completed executing following method : FeaturePageTest.verifyTryTorenzoForFree<br/>About to begin executing following method : FeaturePageTest.tearDown</div></td></tr><tr><th>Exception</th></tr><tr><td><div class="stacktrace">org.openqa.selenium.WebDriverException: Element &lt;a class=&quot;btn btn-primary btn-lg&quot; href=&quot;#&quot; data-toggle=&quot;modal&quot; data-target=&quot;#ID-NAME&quot;&gt;&lt;/a&gt; is not clickable at point (674.8333129882812, 27.133331298828125). Other element would receive the click: &lt;div class=&quot;modal-dialog&quot;&gt;&lt;/div&gt;
Command duration or timeout: 0 milliseconds
Build info: version: &apos;3.14.0&apos;, revision: &apos;aacccce0&apos;, time: &apos;2018-08-02T20:19:58.91Z&apos;
System info: host: &apos;DESKTOP-A3DICO7&apos;, ip: &apos;169.254.38.26&apos;, os.name: &apos;Windows 10&apos;, os.arch: &apos;amd64&apos;, os.version: &apos;10.0&apos;, java.version: &apos;1.8.0_131&apos;
Driver info: org.openqa.selenium.firefox.FirefoxDriver
Capabilities {acceptSslCerts: true, applicationCacheEnabled: true, browserName: firefox, cssSelectorsEnabled: true, databaseEnabled: true, handlesAlerts: true, javascriptEnabled: true, locationContextEnabled: true, nativeEvents: false, platform: WINDOWS, platformName: WINDOWS, rotatable: false, takesScreenshot: true, version: 47.0.2, webStorageEnabled: true}
Session ID: 73d68c4a-5ebc-48e3-9023-5bada13ef50a
	at org.openqa.selenium.remote.ErrorHandler.createThrowable(ErrorHandler.java:214)
	at org.openqa.selenium.remote.ErrorHandler.throwIfResponseFailed(ErrorHandler.java:166)
	at org.openqa.selenium.remote.http.JsonHttpResponseCodec.reconstructValue(JsonHttpResponseCodec.java:40)
	at org.openqa.selenium.remote.http.AbstractHttpResponseCodec.decode(AbstractHttpResponseCodec.java:80)
	at org.openqa.selenium.remote.http.AbstractHttpResponseCodec.decode(AbstractHttpResponseCodec.java:44)
	at org.openqa.selenium.remote.HttpCommandExecutor.execute(HttpCommandExecutor.java:158)
	at org.openqa.selenium.remote.service.DriverCommandExecutor.execute(DriverCommandExecutor.java:83)
	at org.openqa.selenium.remote.RemoteWebDriver.execute(RemoteWebDriver.java:548)
	at org.openqa.selenium.remote.RemoteWebElement.execute(RemoteWebElement.java:276)
	at org.openqa.selenium.remote.RemoteWebElement.click(RemoteWebElement.java:83)
	at com.torenzosite.qa.testcases.FeaturePageTest.verifyTryTorenzoForFree(FeaturePageTest.java:95)
... Removed 29 stack frames</div></td></tr></table><p class="totop"><a href="#summary">back to summary</a></p>
<h3 id="m4">com.torenzosite.qa.testcases.TryTorenzoForFreePageTest#clickOnTryTorenzoForFreeAndFillForm</h3><table class="result"><tr><th>Messages</th></tr><tr><td><div class="messages">About to begin executing following method : TryTorenzoForFreePageTest.clickOnTryTorenzoForFreeAndFillForm<br/>Completed executing following method : TryTorenzoForFreePageTest.clickOnTryTorenzoForFreeAndFillForm<br/>About to begin executing following method : TryTorenzoForFreePageTest.tearDown</div></td></tr><tr><th>Exception</th></tr><tr><td><div class="stacktrace">java.lang.AssertionError: Validation message is missing upon clicking on Submit with empty data expected [This field is required.] but found [This field is required. Please enter the first and last name.]
	at com.torenzosite.qa.testcases.TryTorenzoForFreePageTest.clickOnTryTorenzoForFreeAndFillForm(TryTorenzoForFreePageTest.java:120)
... Removed 30 stack frames</div></td></tr></table><p class="totop"><a href="#summary">back to summary</a></p>
<h3 id="m5">com.torenzosite.qa.testcases.FeaturePageTest#setUp</h3><table class="result"><tr><th class="invisible"/></tr></table><p class="totop"><a href="#summary">back to summary</a></p>
<h3 id="m6">com.torenzosite.qa.testcases.FeaturePageTest#setUp</h3><table class="result"><tr><th class="invisible"/></tr></table><p class="totop"><a href="#summary">back to summary</a></p>
<h3 id="m7">com.torenzosite.qa.testcases.FeaturePageTest#setUp</h3><table class="result"><tr><th class="invisible"/></tr></table><p class="totop"><a href="#summary">back to summary</a></p>
<h3 id="m8">com.torenzosite.qa.testcases.FeaturePageTest#setUp</h3><table class="result"><tr><th class="invisible"/></tr></table><p class="totop"><a href="#summary">back to summary</a></p>
<h3 id="m9">com.torenzosite.qa.testcases.FeaturePageTest#setUp</h3><table class="result"><tr><th class="invisible"/></tr></table><p class="totop"><a href="#summary">back to summary</a></p>
<h3 id="m10">com.torenzosite.qa.testcases.FeaturePageTest#tearDown</h3><table class="result"><tr><th class="invisible"/></tr></table><p class="totop"><a href="#summary">back to summary</a></p>
<h3 id="m11">com.torenzosite.qa.testcases.FeaturePageTest#tearDown</h3><table class="result"><tr><th class="invisible"/></tr></table><p class="totop"><a href="#summary">back to summary</a></p>
<h3 id="m12">com.torenzosite.qa.testcases.FeaturePageTest#tearDown</h3><table class="result"><tr><th class="invisible"/></tr></table><p class="totop"><a href="#summary">back to summary</a></p>
<h3 id="m13">com.torenzosite.qa.testcases.FeaturePageTest#tearDown</h3><table class="result"><tr><th class="invisible"/></tr></table><p class="totop"><a href="#summary">back to summary</a></p>
<h3 id="m14">com.torenzosite.qa.testcases.FeaturePageTest#tearDown</h3><table class="result"><tr><th class="invisible"/></tr></table><p class="totop"><a href="#summary">back to summary</a></p>
<h3 id="m15">com.torenzosite.qa.testcases.FeaturePageTest#tearDown</h3><table class="result"><tr><th class="invisible"/></tr></table><p class="totop"><a href="#summary">back to summary</a></p>
<h3 id="m16">com.torenzosite.qa.testcases.HardwarePageTest#setUp</h3><table class="result"><tr><th class="invisible"/></tr></table><p class="totop"><a href="#summary">back to summary</a></p>
<h3 id="m17">com.torenzosite.qa.testcases.HardwarePageTest#setUp</h3><table class="result"><tr><th class="invisible"/></tr></table><p class="totop"><a href="#summary">back to summary</a></p>
<h3 id="m18">com.torenzosite.qa.testcases.HardwarePageTest#tearDown</h3><table class="result"><tr><th class="invisible"/></tr></table><p class="totop"><a href="#summary">back to summary</a></p>
<h3 id="m19">com.torenzosite.qa.testcases.HardwarePageTest#tearDown</h3><table class="result"><tr><th class="invisible"/></tr></table><p class="totop"><a href="#summary">back to summary</a></p>
<h3 id="m20">com.torenzosite.qa.testcases.HardwarePageTest#tearDown</h3><table class="result"><tr><th class="invisible"/></tr></table><p class="totop"><a href="#summary">back to summary</a></p>
<h3 id="m21">com.torenzosite.qa.testcases.LeaveUsPageTest#setUp</h3><table class="result"><tr><th class="invisible"/></tr></table><p class="totop"><a href="#summary">back to summary</a></p>
<h3 id="m22">com.torenzosite.qa.testcases.LeaveUsPageTest#tearDown</h3><table class="result"><tr><th class="invisible"/></tr></table><p class="totop"><a href="#summary">back to summary</a></p>
<h3 id="m23">com.torenzosite.qa.testcases.LeaveUsPageTest#tearDown</h3><table class="result"><tr><th class="invisible"/></tr></table><p class="totop"><a href="#summary">back to summary</a></p>
<h3 id="m24">com.torenzosite.qa.testcases.FeaturePageTest#fillFormFromFeaturePage</h3><table class="result"><tr><th>Messages</th></tr><tr><td><div class="messages">(About@Test Method)Test Method resides in com.torenzosite.qa.testcases.FeaturePageTest<br/>Test Status: Skipped<br/>About to begin executing following method : FeaturePageTest.fillFormFromFeaturePage<br/>Completed executing following method : FeaturePageTest.fillFormFromFeaturePage</div></td></tr><tr><th>Exception</th></tr><tr><td><div class="stacktrace">org.openqa.selenium.WebDriverException: Timed out waiting 45 seconds for Firefox to start.
Build info: version: &apos;3.14.0&apos;, revision: &apos;aacccce0&apos;, time: &apos;2018-08-02T20:19:58.91Z&apos;
System info: host: &apos;DESKTOP-A3DICO7&apos;, ip: &apos;169.254.38.26&apos;, os.name: &apos;Windows 10&apos;, os.arch: &apos;amd64&apos;, os.version: &apos;10.0&apos;, java.version: &apos;1.8.0_131&apos;
Driver info: driver.version: FirefoxDriver
	at org.openqa.selenium.firefox.XpiDriverService.waitUntilAvailable(XpiDriverService.java:133)
	at org.openqa.selenium.firefox.XpiDriverService.start(XpiDriverService.java:118)
	at org.openqa.selenium.remote.service.DriverCommandExecutor.execute(DriverCommandExecutor.java:79)
	at org.openqa.selenium.remote.RemoteWebDriver.execute(RemoteWebDriver.java:548)
	at org.openqa.selenium.remote.RemoteWebDriver.startSession(RemoteWebDriver.java:212)
	at org.openqa.selenium.remote.RemoteWebDriver.&lt;init&gt;(RemoteWebDriver.java:130)
	at org.openqa.selenium.firefox.FirefoxDriver.&lt;init&gt;(FirefoxDriver.java:125)
	at org.openqa.selenium.firefox.FirefoxDriver.&lt;init&gt;(FirefoxDriver.java:103)
	at com.torenzosite.qa.base.TestBase.initialization(TestBase.java:51)
	at com.torenzosite.qa.testcases.FeaturePageTest.setUp(FeaturePageTest.java:45)
Caused by: org.openqa.selenium.net.UrlChecker$TimeoutException: Timed out waiting for [http://localhost:41309/hub/status] to be available after 45815 ms
	at org.openqa.selenium.net.UrlChecker.waitUntilAvailable(UrlChecker.java:100)
	at org.openqa.selenium.firefox.XpiDriverService.waitUntilAvailable(XpiDriverService.java:131)
	... 37 more
Caused by: java.util.concurrent.TimeoutException
	at java.util.concurrent.FutureTask.get(Unknown Source)
	at com.google.common.util.concurrent.SimpleTimeLimiter.callWithTimeout(SimpleTimeLimiter.java:156)
	at org.openqa.selenium.net.UrlChecker.waitUntilAvailable(UrlChecker.java:75)
	... 38 more
... Removed 28 stack frames</div></td></tr></table><p class="totop"><a href="#summary">back to summary</a></p>
<h3 id="m25">com.torenzosite.qa.testcases.FeaturePageTest#fillFormWithEmptyBussinesName</h3><table class="result"><tr><th>Messages</th></tr><tr><td><div class="messages">(About@Test Method)Test Method resides in com.torenzosite.qa.testcases.FeaturePageTest<br/>Test Status: Skipped<br/>About to begin executing following method : FeaturePageTest.fillFormWithEmptyBussinesName<br/>Completed executing following method : FeaturePageTest.fillFormWithEmptyBussinesName</div></td></tr><tr><th>Exception</th></tr><tr><td><div class="stacktrace">org.openqa.selenium.WebDriverException: Timed out waiting 45 seconds for Firefox to start.
Build info: version: &apos;3.14.0&apos;, revision: &apos;aacccce0&apos;, time: &apos;2018-08-02T20:19:58.91Z&apos;
System info: host: &apos;DESKTOP-A3DICO7&apos;, ip: &apos;169.254.38.26&apos;, os.name: &apos;Windows 10&apos;, os.arch: &apos;amd64&apos;, os.version: &apos;10.0&apos;, java.version: &apos;1.8.0_131&apos;
Driver info: driver.version: FirefoxDriver
	at org.openqa.selenium.firefox.XpiDriverService.waitUntilAvailable(XpiDriverService.java:133)
	at org.openqa.selenium.firefox.XpiDriverService.start(XpiDriverService.java:118)
	at org.openqa.selenium.remote.service.DriverCommandExecutor.execute(DriverCommandExecutor.java:79)
	at org.openqa.selenium.remote.RemoteWebDriver.execute(RemoteWebDriver.java:548)
	at org.openqa.selenium.remote.RemoteWebDriver.startSession(RemoteWebDriver.java:212)
	at org.openqa.selenium.remote.RemoteWebDriver.&lt;init&gt;(RemoteWebDriver.java:130)
	at org.openqa.selenium.firefox.FirefoxDriver.&lt;init&gt;(FirefoxDriver.java:125)
	at org.openqa.selenium.firefox.FirefoxDriver.&lt;init&gt;(FirefoxDriver.java:103)
	at com.torenzosite.qa.base.TestBase.initialization(TestBase.java:51)
	at com.torenzosite.qa.testcases.FeaturePageTest.setUp(FeaturePageTest.java:45)
Caused by: org.openqa.selenium.net.UrlChecker$TimeoutException: Timed out waiting for [http://localhost:41309/hub/status] to be available after 45815 ms
	at org.openqa.selenium.net.UrlChecker.waitUntilAvailable(UrlChecker.java:100)
	at org.openqa.selenium.firefox.XpiDriverService.waitUntilAvailable(XpiDriverService.java:131)
	... 37 more
Caused by: java.util.concurrent.TimeoutException
	at java.util.concurrent.FutureTask.get(Unknown Source)
	at com.google.common.util.concurrent.SimpleTimeLimiter.callWithTimeout(SimpleTimeLimiter.java:156)
	at org.openqa.selenium.net.UrlChecker.waitUntilAvailable(UrlChecker.java:75)
	... 38 more
... Removed 28 stack frames</div></td></tr></table><p class="totop"><a href="#summary">back to summary</a></p>
<h3 id="m26">com.torenzosite.qa.testcases.FeaturePageTest#fillFormWithEmptyData</h3><table class="result"><tr><th>Messages</th></tr><tr><td><div class="messages">(About@Test Method)Test Method resides in com.torenzosite.qa.testcases.FeaturePageTest<br/>Test Status: Skipped<br/>About to begin executing following method : FeaturePageTest.fillFormWithEmptyData<br/>Completed executing following method : FeaturePageTest.fillFormWithEmptyData</div></td></tr><tr><th>Exception</th></tr><tr><td><div class="stacktrace">org.openqa.selenium.WebDriverException: Timed out waiting 45 seconds for Firefox to start.
Build info: version: &apos;3.14.0&apos;, revision: &apos;aacccce0&apos;, time: &apos;2018-08-02T20:19:58.91Z&apos;
System info: host: &apos;DESKTOP-A3DICO7&apos;, ip: &apos;169.254.38.26&apos;, os.name: &apos;Windows 10&apos;, os.arch: &apos;amd64&apos;, os.version: &apos;10.0&apos;, java.version: &apos;1.8.0_131&apos;
Driver info: driver.version: FirefoxDriver
	at org.openqa.selenium.firefox.XpiDriverService.waitUntilAvailable(XpiDriverService.java:133)
	at org.openqa.selenium.firefox.XpiDriverService.start(XpiDriverService.java:118)
	at org.openqa.selenium.remote.service.DriverCommandExecutor.execute(DriverCommandExecutor.java:79)
	at org.openqa.selenium.remote.RemoteWebDriver.execute(RemoteWebDriver.java:548)
	at org.openqa.selenium.remote.RemoteWebDriver.startSession(RemoteWebDriver.java:212)
	at org.openqa.selenium.remote.RemoteWebDriver.&lt;init&gt;(RemoteWebDriver.java:130)
	at org.openqa.selenium.firefox.FirefoxDriver.&lt;init&gt;(FirefoxDriver.java:125)
	at org.openqa.selenium.firefox.FirefoxDriver.&lt;init&gt;(FirefoxDriver.java:103)
	at com.torenzosite.qa.base.TestBase.initialization(TestBase.java:51)
	at com.torenzosite.qa.testcases.FeaturePageTest.setUp(FeaturePageTest.java:45)
Caused by: org.openqa.selenium.net.UrlChecker$TimeoutException: Timed out waiting for [http://localhost:41309/hub/status] to be available after 45815 ms
	at org.openqa.selenium.net.UrlChecker.waitUntilAvailable(UrlChecker.java:100)
	at org.openqa.selenium.firefox.XpiDriverService.waitUntilAvailable(XpiDriverService.java:131)
	... 37 more
Caused by: java.util.concurrent.TimeoutException
	at java.util.concurrent.FutureTask.get(Unknown Source)
	at com.google.common.util.concurrent.SimpleTimeLimiter.callWithTimeout(SimpleTimeLimiter.java:156)
	at org.openqa.selenium.net.UrlChecker.waitUntilAvailable(UrlChecker.java:75)
	... 38 more
... Removed 28 stack frames</div></td></tr></table><p class="totop"><a href="#summary">back to summary</a></p>
<h3 id="m27">com.torenzosite.qa.testcases.FeaturePageTest#fillFormWithEmptyEmaildId</h3><table class="result"><tr><th>Messages</th></tr><tr><td><div class="messages">(About@Test Method)Test Method resides in com.torenzosite.qa.testcases.FeaturePageTest<br/>Test Status: Skipped<br/>About to begin executing following method : FeaturePageTest.fillFormWithEmptyEmaildId<br/>Completed executing following method : FeaturePageTest.fillFormWithEmptyEmaildId</div></td></tr><tr><th>Exception</th></tr><tr><td><div class="stacktrace">org.openqa.selenium.WebDriverException: Timed out waiting 45 seconds for Firefox to start.
Build info: version: &apos;3.14.0&apos;, revision: &apos;aacccce0&apos;, time: &apos;2018-08-02T20:19:58.91Z&apos;
System info: host: &apos;DESKTOP-A3DICO7&apos;, ip: &apos;169.254.38.26&apos;, os.name: &apos;Windows 10&apos;, os.arch: &apos;amd64&apos;, os.version: &apos;10.0&apos;, java.version: &apos;1.8.0_131&apos;
Driver info: driver.version: FirefoxDriver
	at org.openqa.selenium.firefox.XpiDriverService.waitUntilAvailable(XpiDriverService.java:133)
	at org.openqa.selenium.firefox.XpiDriverService.start(XpiDriverService.java:118)
	at org.openqa.selenium.remote.service.DriverCommandExecutor.execute(DriverCommandExecutor.java:79)
	at org.openqa.selenium.remote.RemoteWebDriver.execute(RemoteWebDriver.java:548)
	at org.openqa.selenium.remote.RemoteWebDriver.startSession(RemoteWebDriver.java:212)
	at org.openqa.selenium.remote.RemoteWebDriver.&lt;init&gt;(RemoteWebDriver.java:130)
	at org.openqa.selenium.firefox.FirefoxDriver.&lt;init&gt;(FirefoxDriver.java:125)
	at org.openqa.selenium.firefox.FirefoxDriver.&lt;init&gt;(FirefoxDriver.java:103)
	at com.torenzosite.qa.base.TestBase.initialization(TestBase.java:51)
	at com.torenzosite.qa.testcases.FeaturePageTest.setUp(FeaturePageTest.java:45)
Caused by: org.openqa.selenium.net.UrlChecker$TimeoutException: Timed out waiting for [http://localhost:41309/hub/status] to be available after 45815 ms
	at org.openqa.selenium.net.UrlChecker.waitUntilAvailable(UrlChecker.java:100)
	at org.openqa.selenium.firefox.XpiDriverService.waitUntilAvailable(XpiDriverService.java:131)
	... 37 more
Caused by: java.util.concurrent.TimeoutException
	at java.util.concurrent.FutureTask.get(Unknown Source)
	at com.google.common.util.concurrent.SimpleTimeLimiter.callWithTimeout(SimpleTimeLimiter.java:156)
	at org.openqa.selenium.net.UrlChecker.waitUntilAvailable(UrlChecker.java:75)
	... 38 more
... Removed 28 stack frames</div></td></tr></table><p class="totop"><a href="#summary">back to summary</a></p>
<h3 id="m28">com.torenzosite.qa.testcases.FeaturePageTest#fillFormWithEmptyPhoneNumber</h3><table class="result"><tr><th>Messages</th></tr><tr><td><div class="messages">(About@Test Method)Test Method resides in com.torenzosite.qa.testcases.FeaturePageTest<br/>Test Status: Skipped<br/>About to begin executing following method : FeaturePageTest.fillFormWithEmptyPhoneNumber<br/>Completed executing following method : FeaturePageTest.fillFormWithEmptyPhoneNumber</div></td></tr><tr><th>Exception</th></tr><tr><td><div class="stacktrace">org.openqa.selenium.WebDriverException: Timed out waiting 45 seconds for Firefox to start.
Build info: version: &apos;3.14.0&apos;, revision: &apos;aacccce0&apos;, time: &apos;2018-08-02T20:19:58.91Z&apos;
System info: host: &apos;DESKTOP-A3DICO7&apos;, ip: &apos;169.254.38.26&apos;, os.name: &apos;Windows 10&apos;, os.arch: &apos;amd64&apos;, os.version: &apos;10.0&apos;, java.version: &apos;1.8.0_131&apos;
Driver info: driver.version: FirefoxDriver
	at org.openqa.selenium.firefox.XpiDriverService.waitUntilAvailable(XpiDriverService.java:133)
	at org.openqa.selenium.firefox.XpiDriverService.start(XpiDriverService.java:118)
	at org.openqa.selenium.remote.service.DriverCommandExecutor.execute(DriverCommandExecutor.java:79)
	at org.openqa.selenium.remote.RemoteWebDriver.execute(RemoteWebDriver.java:548)
	at org.openqa.selenium.remote.RemoteWebDriver.startSession(RemoteWebDriver.java:212)
	at org.openqa.selenium.remote.RemoteWebDriver.&lt;init&gt;(RemoteWebDriver.java:130)
	at org.openqa.selenium.firefox.FirefoxDriver.&lt;init&gt;(FirefoxDriver.java:125)
	at org.openqa.selenium.firefox.FirefoxDriver.&lt;init&gt;(FirefoxDriver.java:103)
	at com.torenzosite.qa.base.TestBase.initialization(TestBase.java:51)
	at com.torenzosite.qa.testcases.FeaturePageTest.setUp(FeaturePageTest.java:45)
Caused by: org.openqa.selenium.net.UrlChecker$TimeoutException: Timed out waiting for [http://localhost:41309/hub/status] to be available after 45815 ms
	at org.openqa.selenium.net.UrlChecker.waitUntilAvailable(UrlChecker.java:100)
	at org.openqa.selenium.firefox.XpiDriverService.waitUntilAvailable(XpiDriverService.java:131)
	... 37 more
Caused by: java.util.concurrent.TimeoutException
	at java.util.concurrent.FutureTask.get(Unknown Source)
	at com.google.common.util.concurrent.SimpleTimeLimiter.callWithTimeout(SimpleTimeLimiter.java:156)
	at org.openqa.selenium.net.UrlChecker.waitUntilAvailable(UrlChecker.java:75)
	... 38 more
... Removed 28 stack frames</div></td></tr></table><p class="totop"><a href="#summary">back to summary</a></p>
<h3 id="m29">com.torenzosite.qa.testcases.FeaturePageTest#fillFormWithIncorrectEmailId</h3><table class="result"><tr><th>Messages</th></tr><tr><td><div class="messages">(About@Test Method)Test Method resides in com.torenzosite.qa.testcases.FeaturePageTest<br/>Test Status: Skipped<br/>About to begin executing following method : FeaturePageTest.fillFormWithIncorrectEmailId<br/>Completed executing following method : FeaturePageTest.fillFormWithIncorrectEmailId<br/>About to begin executing following method : LeaveUsPageTest.setUp</div></td></tr><tr><th>Exception</th></tr><tr><td><div class="stacktrace">org.openqa.selenium.WebDriverException: Timed out waiting 45 seconds for Firefox to start.
Build info: version: &apos;3.14.0&apos;, revision: &apos;aacccce0&apos;, time: &apos;2018-08-02T20:19:58.91Z&apos;
System info: host: &apos;DESKTOP-A3DICO7&apos;, ip: &apos;169.254.38.26&apos;, os.name: &apos;Windows 10&apos;, os.arch: &apos;amd64&apos;, os.version: &apos;10.0&apos;, java.version: &apos;1.8.0_131&apos;
Driver info: driver.version: FirefoxDriver
	at org.openqa.selenium.firefox.XpiDriverService.waitUntilAvailable(XpiDriverService.java:133)
	at org.openqa.selenium.firefox.XpiDriverService.start(XpiDriverService.java:118)
	at org.openqa.selenium.remote.service.DriverCommandExecutor.execute(DriverCommandExecutor.java:79)
	at org.openqa.selenium.remote.RemoteWebDriver.execute(RemoteWebDriver.java:548)
	at org.openqa.selenium.remote.RemoteWebDriver.startSession(RemoteWebDriver.java:212)
	at org.openqa.selenium.remote.RemoteWebDriver.&lt;init&gt;(RemoteWebDriver.java:130)
	at org.openqa.selenium.firefox.FirefoxDriver.&lt;init&gt;(FirefoxDriver.java:125)
	at org.openqa.selenium.firefox.FirefoxDriver.&lt;init&gt;(FirefoxDriver.java:103)
	at com.torenzosite.qa.base.TestBase.initialization(TestBase.java:51)
	at com.torenzosite.qa.testcases.FeaturePageTest.setUp(FeaturePageTest.java:45)
Caused by: org.openqa.selenium.net.UrlChecker$TimeoutException: Timed out waiting for [http://localhost:41309/hub/status] to be available after 45815 ms
	at org.openqa.selenium.net.UrlChecker.waitUntilAvailable(UrlChecker.java:100)
	at org.openqa.selenium.firefox.XpiDriverService.waitUntilAvailable(XpiDriverService.java:131)
	... 37 more
Caused by: java.util.concurrent.TimeoutException
	at java.util.concurrent.FutureTask.get(Unknown Source)
	at com.google.common.util.concurrent.SimpleTimeLimiter.callWithTimeout(SimpleTimeLimiter.java:156)
	at org.openqa.selenium.net.UrlChecker.waitUntilAvailable(UrlChecker.java:75)
	... 38 more
... Removed 28 stack frames</div></td></tr></table><p class="totop"><a href="#summary">back to summary</a></p>
<h3 id="m30">com.torenzosite.qa.testcases.HardwarePageTest#verifyContactUsPage</h3><table class="result"><tr><th>Messages</th></tr><tr><td><div class="messages">(About@Test Method)Test Method resides in com.torenzosite.qa.testcases.HardwarePageTest<br/>Test Status: Skipped<br/>About to begin executing following method : HardwarePageTest.verifyContactUsPage<br/>Completed executing following method : HardwarePageTest.verifyContactUsPage<br/>About to begin executing following method : PricingPageTest.setUp</div></td></tr><tr><th>Exception</th></tr><tr><td><div class="stacktrace">org.openqa.selenium.WebDriverException: Timed out waiting 45 seconds for Firefox to start.
Build info: version: &apos;3.14.0&apos;, revision: &apos;aacccce0&apos;, time: &apos;2018-08-02T20:19:58.91Z&apos;
System info: host: &apos;DESKTOP-A3DICO7&apos;, ip: &apos;169.254.38.26&apos;, os.name: &apos;Windows 10&apos;, os.arch: &apos;amd64&apos;, os.version: &apos;10.0&apos;, java.version: &apos;1.8.0_131&apos;
Driver info: driver.version: FirefoxDriver
	at org.openqa.selenium.firefox.XpiDriverService.waitUntilAvailable(XpiDriverService.java:133)
	at org.openqa.selenium.firefox.XpiDriverService.start(XpiDriverService.java:118)
	at org.openqa.selenium.remote.service.DriverCommandExecutor.execute(DriverCommandExecutor.java:79)
	at org.openqa.selenium.remote.RemoteWebDriver.execute(RemoteWebDriver.java:548)
	at org.openqa.selenium.remote.RemoteWebDriver.startSession(RemoteWebDriver.java:212)
	at org.openqa.selenium.remote.RemoteWebDriver.&lt;init&gt;(RemoteWebDriver.java:130)
	at org.openqa.selenium.firefox.FirefoxDriver.&lt;init&gt;(FirefoxDriver.java:125)
	at org.openqa.selenium.firefox.FirefoxDriver.&lt;init&gt;(FirefoxDriver.java:103)
	at com.torenzosite.qa.base.TestBase.initialization(TestBase.java:51)
	at com.torenzosite.qa.testcases.HardwarePageTest.setUp(HardwarePageTest.java:37)
Caused by: org.openqa.selenium.net.UrlChecker$TimeoutException: Timed out waiting for [http://localhost:41011/hub/status] to be available after 45001 ms
	at org.openqa.selenium.net.UrlChecker.waitUntilAvailable(UrlChecker.java:100)
	at org.openqa.selenium.firefox.XpiDriverService.waitUntilAvailable(XpiDriverService.java:131)
	... 37 more
Caused by: java.util.concurrent.TimeoutException
	at java.util.concurrent.FutureTask.get(Unknown Source)
	at com.google.common.util.concurrent.SimpleTimeLimiter.callWithTimeout(SimpleTimeLimiter.java:156)
	at org.openqa.selenium.net.UrlChecker.waitUntilAvailable(UrlChecker.java:75)
	... 38 more
... Removed 28 stack frames</div></td></tr></table><p class="totop"><a href="#summary">back to summary</a></p>
<h3 id="m31">com.torenzosite.qa.testcases.HardwarePageTest#verifyHardwarePageTitle</h3><table class="result"><tr><th>Messages</th></tr><tr><td><div class="messages">(About@Test Method)Test Method resides in com.torenzosite.qa.testcases.HardwarePageTest<br/>Test Status: Skipped<br/>About to begin executing following method : HardwarePageTest.verifyHardwarePageTitle<br/>Completed executing following method : HardwarePageTest.verifyHardwarePageTitle</div></td></tr><tr><th>Exception</th></tr><tr><td><div class="stacktrace">org.openqa.selenium.WebDriverException: Timed out waiting 45 seconds for Firefox to start.
Build info: version: &apos;3.14.0&apos;, revision: &apos;aacccce0&apos;, time: &apos;2018-08-02T20:19:58.91Z&apos;
System info: host: &apos;DESKTOP-A3DICO7&apos;, ip: &apos;169.254.38.26&apos;, os.name: &apos;Windows 10&apos;, os.arch: &apos;amd64&apos;, os.version: &apos;10.0&apos;, java.version: &apos;1.8.0_131&apos;
Driver info: driver.version: FirefoxDriver
	at org.openqa.selenium.firefox.XpiDriverService.waitUntilAvailable(XpiDriverService.java:133)
	at org.openqa.selenium.firefox.XpiDriverService.start(XpiDriverService.java:118)
	at org.openqa.selenium.remote.service.DriverCommandExecutor.execute(DriverCommandExecutor.java:79)
	at org.openqa.selenium.remote.RemoteWebDriver.execute(RemoteWebDriver.java:548)
	at org.openqa.selenium.remote.RemoteWebDriver.startSession(RemoteWebDriver.java:212)
	at org.openqa.selenium.remote.RemoteWebDriver.&lt;init&gt;(RemoteWebDriver.java:130)
	at org.openqa.selenium.firefox.FirefoxDriver.&lt;init&gt;(FirefoxDriver.java:125)
	at org.openqa.selenium.firefox.FirefoxDriver.&lt;init&gt;(FirefoxDriver.java:103)
	at com.torenzosite.qa.base.TestBase.initialization(TestBase.java:51)
	at com.torenzosite.qa.testcases.HardwarePageTest.setUp(HardwarePageTest.java:37)
Caused by: org.openqa.selenium.net.UrlChecker$TimeoutException: Timed out waiting for [http://localhost:41011/hub/status] to be available after 45001 ms
	at org.openqa.selenium.net.UrlChecker.waitUntilAvailable(UrlChecker.java:100)
	at org.openqa.selenium.firefox.XpiDriverService.waitUntilAvailable(XpiDriverService.java:131)
	... 37 more
Caused by: java.util.concurrent.TimeoutException
	at java.util.concurrent.FutureTask.get(Unknown Source)
	at com.google.common.util.concurrent.SimpleTimeLimiter.callWithTimeout(SimpleTimeLimiter.java:156)
	at org.openqa.selenium.net.UrlChecker.waitUntilAvailable(UrlChecker.java:75)
	... 38 more
... Removed 28 stack frames</div></td></tr></table><p class="totop"><a href="#summary">back to summary</a></p>
<h3 id="m32">com.torenzosite.qa.testcases.HardwarePageTest#verifyHomePageTitle</h3><table class="result"><tr><th>Messages</th></tr><tr><td><div class="messages">(About@Test Method)Test Method resides in com.torenzosite.qa.testcases.HardwarePageTest<br/>Test Status: Skipped<br/>About to begin executing following method : HardwarePageTest.verifyHomePageTitle<br/>Completed executing following method : HardwarePageTest.verifyHomePageTitle</div></td></tr><tr><th>Exception</th></tr><tr><td><div class="stacktrace">org.openqa.selenium.WebDriverException: Timed out waiting 45 seconds for Firefox to start.
Build info: version: &apos;3.14.0&apos;, revision: &apos;aacccce0&apos;, time: &apos;2018-08-02T20:19:58.91Z&apos;
System info: host: &apos;DESKTOP-A3DICO7&apos;, ip: &apos;169.254.38.26&apos;, os.name: &apos;Windows 10&apos;, os.arch: &apos;amd64&apos;, os.version: &apos;10.0&apos;, java.version: &apos;1.8.0_131&apos;
Driver info: driver.version: FirefoxDriver
	at org.openqa.selenium.firefox.XpiDriverService.waitUntilAvailable(XpiDriverService.java:133)
	at org.openqa.selenium.firefox.XpiDriverService.start(XpiDriverService.java:118)
	at org.openqa.selenium.remote.service.DriverCommandExecutor.execute(DriverCommandExecutor.java:79)
	at org.openqa.selenium.remote.RemoteWebDriver.execute(RemoteWebDriver.java:548)
	at org.openqa.selenium.remote.RemoteWebDriver.startSession(RemoteWebDriver.java:212)
	at org.openqa.selenium.remote.RemoteWebDriver.&lt;init&gt;(RemoteWebDriver.java:130)
	at org.openqa.selenium.firefox.FirefoxDriver.&lt;init&gt;(FirefoxDriver.java:125)
	at org.openqa.selenium.firefox.FirefoxDriver.&lt;init&gt;(FirefoxDriver.java:103)
	at com.torenzosite.qa.base.TestBase.initialization(TestBase.java:51)
	at com.torenzosite.qa.testcases.HardwarePageTest.setUp(HardwarePageTest.java:37)
Caused by: org.openqa.selenium.net.UrlChecker$TimeoutException: Timed out waiting for [http://localhost:41011/hub/status] to be available after 45001 ms
	at org.openqa.selenium.net.UrlChecker.waitUntilAvailable(UrlChecker.java:100)
	at org.openqa.selenium.firefox.XpiDriverService.waitUntilAvailable(XpiDriverService.java:131)
	... 37 more
Caused by: java.util.concurrent.TimeoutException
	at java.util.concurrent.FutureTask.get(Unknown Source)
	at com.google.common.util.concurrent.SimpleTimeLimiter.callWithTimeout(SimpleTimeLimiter.java:156)
	at org.openqa.selenium.net.UrlChecker.waitUntilAvailable(UrlChecker.java:75)
	... 38 more
... Removed 28 stack frames</div></td></tr></table><p class="totop"><a href="#summary">back to summary</a></p>
<h3 id="m33">com.torenzosite.qa.testcases.LeaveUsPageTest#verifyHomePageTitle</h3><table class="result"><tr><th>Messages</th></tr><tr><td><div class="messages">(About@Test Method)Test Method resides in com.torenzosite.qa.testcases.LeaveUsPageTest<br/>Test Status: Skipped<br/>About to begin executing following method : LeaveUsPageTest.verifyHomePageTitle<br/>Completed executing following method : LeaveUsPageTest.verifyHomePageTitle</div></td></tr><tr><th>Exception</th></tr><tr><td><div class="stacktrace">org.openqa.selenium.WebDriverException: Timed out waiting 45 seconds for Firefox to start.
Build info: version: &apos;3.14.0&apos;, revision: &apos;aacccce0&apos;, time: &apos;2018-08-02T20:19:58.91Z&apos;
System info: host: &apos;DESKTOP-A3DICO7&apos;, ip: &apos;169.254.38.26&apos;, os.name: &apos;Windows 10&apos;, os.arch: &apos;amd64&apos;, os.version: &apos;10.0&apos;, java.version: &apos;1.8.0_131&apos;
Driver info: driver.version: FirefoxDriver
	at org.openqa.selenium.firefox.XpiDriverService.waitUntilAvailable(XpiDriverService.java:133)
	at org.openqa.selenium.firefox.XpiDriverService.start(XpiDriverService.java:118)
	at org.openqa.selenium.remote.service.DriverCommandExecutor.execute(DriverCommandExecutor.java:79)
	at org.openqa.selenium.remote.RemoteWebDriver.execute(RemoteWebDriver.java:548)
	at org.openqa.selenium.remote.RemoteWebDriver.startSession(RemoteWebDriver.java:212)
	at org.openqa.selenium.remote.RemoteWebDriver.&lt;init&gt;(RemoteWebDriver.java:130)
	at org.openqa.selenium.firefox.FirefoxDriver.&lt;init&gt;(FirefoxDriver.java:125)
	at org.openqa.selenium.firefox.FirefoxDriver.&lt;init&gt;(FirefoxDriver.java:103)
	at com.torenzosite.qa.base.TestBase.initialization(TestBase.java:51)
	at com.torenzosite.qa.testcases.LeaveUsPageTest.setUp(LeaveUsPageTest.java:41)
Caused by: org.openqa.selenium.net.UrlChecker$TimeoutException: Timed out waiting for [http://localhost:21109/hub/status] to be available after 45001 ms
	at org.openqa.selenium.net.UrlChecker.waitUntilAvailable(UrlChecker.java:100)
	at org.openqa.selenium.firefox.XpiDriverService.waitUntilAvailable(XpiDriverService.java:131)
	... 37 more
Caused by: java.util.concurrent.TimeoutException
	at java.util.concurrent.FutureTask.get(Unknown Source)
	at com.google.common.util.concurrent.SimpleTimeLimiter.callWithTimeout(SimpleTimeLimiter.java:156)
	at org.openqa.selenium.net.UrlChecker.waitUntilAvailable(UrlChecker.java:75)
	... 38 more
... Removed 28 stack frames</div></td></tr></table><p class="totop"><a href="#summary">back to summary</a></p>
<h3 id="m34">com.torenzosite.qa.testcases.LeaveUsPageTest#verifyLeaveUsPageTitle</h3><table class="result"><tr><th>Messages</th></tr><tr><td><div class="messages">(About@Test Method)Test Method resides in com.torenzosite.qa.testcases.LeaveUsPageTest<br/>Test Status: Skipped<br/>About to begin executing following method : LeaveUsPageTest.verifyLeaveUsPageTitle<br/>Completed executing following method : LeaveUsPageTest.verifyLeaveUsPageTitle<br/>About to begin executing following method : HardwarePageTest.setUp</div></td></tr><tr><th>Exception</th></tr><tr><td><div class="stacktrace">org.openqa.selenium.WebDriverException: Timed out waiting 45 seconds for Firefox to start.
Build info: version: &apos;3.14.0&apos;, revision: &apos;aacccce0&apos;, time: &apos;2018-08-02T20:19:58.91Z&apos;
System info: host: &apos;DESKTOP-A3DICO7&apos;, ip: &apos;169.254.38.26&apos;, os.name: &apos;Windows 10&apos;, os.arch: &apos;amd64&apos;, os.version: &apos;10.0&apos;, java.version: &apos;1.8.0_131&apos;
Driver info: driver.version: FirefoxDriver
	at org.openqa.selenium.firefox.XpiDriverService.waitUntilAvailable(XpiDriverService.java:133)
	at org.openqa.selenium.firefox.XpiDriverService.start(XpiDriverService.java:118)
	at org.openqa.selenium.remote.service.DriverCommandExecutor.execute(DriverCommandExecutor.java:79)
	at org.openqa.selenium.remote.RemoteWebDriver.execute(RemoteWebDriver.java:548)
	at org.openqa.selenium.remote.RemoteWebDriver.startSession(RemoteWebDriver.java:212)
	at org.openqa.selenium.remote.RemoteWebDriver.&lt;init&gt;(RemoteWebDriver.java:130)
	at org.openqa.selenium.firefox.FirefoxDriver.&lt;init&gt;(FirefoxDriver.java:125)
	at org.openqa.selenium.firefox.FirefoxDriver.&lt;init&gt;(FirefoxDriver.java:103)
	at com.torenzosite.qa.base.TestBase.initialization(TestBase.java:51)
	at com.torenzosite.qa.testcases.LeaveUsPageTest.setUp(LeaveUsPageTest.java:41)
Caused by: org.openqa.selenium.net.UrlChecker$TimeoutException: Timed out waiting for [http://localhost:21109/hub/status] to be available after 45001 ms
	at org.openqa.selenium.net.UrlChecker.waitUntilAvailable(UrlChecker.java:100)
	at org.openqa.selenium.firefox.XpiDriverService.waitUntilAvailable(XpiDriverService.java:131)
	... 37 more
Caused by: java.util.concurrent.TimeoutException
	at java.util.concurrent.FutureTask.get(Unknown Source)
	at com.google.common.util.concurrent.SimpleTimeLimiter.callWithTimeout(SimpleTimeLimiter.java:156)
	at org.openqa.selenium.net.UrlChecker.waitUntilAvailable(UrlChecker.java:75)
	... 38 more
... Removed 28 stack frames</div></td></tr></table><p class="totop"><a href="#summary">back to summary</a></p>
<h3 id="m35">com.torenzosite.qa.testcases.BrokenImageAndLinks#findBrokenLinkOnTorenzoMainPage</h3><table class="result"><tr><th>Messages</th></tr><tr><td><div class="messages">About to begin executing following method : BrokenImageAndLinks.findBrokenLinkOnTorenzoMainPage<br/>Completed executing following method : BrokenImageAndLinks.findBrokenLinkOnTorenzoMainPage<br/>About to begin executing following method : BrokenImageAndLinks.tearDown</div></td></tr></table><p class="totop"><a href="#summary">back to summary</a></p>
<h3 id="m36">com.torenzosite.qa.testcases.ContactUsPageTest#fillFormToConatctUs</h3><table class="result"><tr><th>Messages</th></tr><tr><td><div class="messages">About to begin executing following method : ContactUsPageTest.fillFormToConatctUs<br/>Completed executing following method : ContactUsPageTest.fillFormToConatctUs<br/>About to begin executing following method : ContactUsPageTest.tearDown</div></td></tr></table><p class="totop"><a href="#summary">back to summary</a></p>
<h3 id="m37">com.torenzosite.qa.testcases.ContactUsPageTest#fillFormToConatctUsWithEmpty</h3><table class="result"><tr><th>Messages</th></tr><tr><td><div class="messages">About to begin executing following method : ContactUsPageTest.fillFormToConatctUsWithEmpty<br/>Completed executing following method : ContactUsPageTest.fillFormToConatctUsWithEmpty<br/>About to begin executing following method : ContactUsPageTest.tearDown</div></td></tr></table><p class="totop"><a href="#summary">back to summary</a></p>
<h3 id="m38">com.torenzosite.qa.testcases.ContactUsPageTest#fillFormToConatctUsWithIncorrectEmail</h3><table class="result"><tr><th>Messages</th></tr><tr><td><div class="messages">About to begin executing following method : ContactUsPageTest.fillFormToConatctUsWithIncorrectEmail<br/>Completed executing following method : ContactUsPageTest.fillFormToConatctUsWithIncorrectEmail<br/>About to begin executing following method : ContactUsPageTest.tearDown</div></td></tr></table><p class="totop"><a href="#summary">back to summary</a></p>
<h3 id="m39">com.torenzosite.qa.testcases.ContactUsPageTest#verifyContactPage</h3><table class="result"><tr><th>Messages</th></tr><tr><td><div class="messages">About to begin executing following method : ContactUsPageTest.verifyContactPage<br/>Completed executing following method : ContactUsPageTest.verifyContactPage<br/>About to begin executing following method : ContactUsPageTest.tearDown</div></td></tr></table><p class="totop"><a href="#summary">back to summary</a></p>
<h3 id="m40">com.torenzosite.qa.testcases.ContactUsPageTest#verifyHomePageTitle</h3><table class="result"><tr><th>Messages</th></tr><tr><td><div class="messages">About to begin executing following method : ContactUsPageTest.verifyHomePageTitle<br/>Completed executing following method : ContactUsPageTest.verifyHomePageTitle<br/>About to begin executing following method : ContactUsPageTest.tearDown</div></td></tr></table><p class="totop"><a href="#summary">back to summary</a></p>
<h3 id="m41">com.torenzosite.qa.testcases.FeaturePageTest#closeToForm</h3><table class="result"><tr><th>Messages</th></tr><tr><td><div class="messages">About to begin executing following method : FeaturePageTest.closeToForm<br/>Completed executing following method : FeaturePageTest.closeToForm<br/>About to begin executing following method : FeaturePageTest.tearDown</div></td></tr></table><p class="totop"><a href="#summary">back to summary</a></p>
<h3 id="m42">com.torenzosite.qa.testcases.FeaturePageTest#verifyFeaturesPageTitle</h3><table class="result"><tr><th>Messages</th></tr><tr><td><div class="messages">About to begin executing following method : FeaturePageTest.verifyFeaturesPageTitle<br/>Completed executing following method : FeaturePageTest.verifyFeaturesPageTitle<br/>About to begin executing following method : FeaturePageTest.tearDown</div></td></tr></table><p class="totop"><a href="#summary">back to summary</a></p>
<h3 id="m43">com.torenzosite.qa.testcases.FeaturePageTest#verifyHomePageTitle</h3><table class="result"><tr><th>Messages</th></tr><tr><td><div class="messages">About to begin executing following method : FeaturePageTest.verifyHomePageTitle<br/>Completed executing following method : FeaturePageTest.verifyHomePageTitle<br/>About to begin executing following method : FeaturePageTest.tearDown</div></td></tr></table><p class="totop"><a href="#summary">back to summary</a></p>
<h3 id="m44">com.torenzosite.qa.testcases.HomePageTest#verifyEmailAddreeField</h3><table class="result"><tr><th>Messages</th></tr><tr><td><div class="messages">About to begin executing following method : HomePageTest.verifyEmailAddreeField<br/>Completed executing following method : HomePageTest.verifyEmailAddreeField<br/>About to begin executing following method : HomePageTest.tearDown</div></td></tr></table><p class="totop"><a href="#summary">back to summary</a></p>
<h3 id="m45">com.torenzosite.qa.testcases.HomePageTest#verifyHomePageTitle</h3><table class="result"><tr><th>Messages</th></tr><tr><td><div class="messages">About to begin executing following method : HomePageTest.verifyHomePageTitle<br/>Completed executing following method : HomePageTest.verifyHomePageTitle<br/>About to begin executing following method : HomePageTest.tearDown</div></td></tr></table><p class="totop"><a href="#summary">back to summary</a></p>
<h3 id="m46">com.torenzosite.qa.testcases.HomePageTest#verifyWithEmptyEmailAddreeField</h3><table class="result"><tr><th>Messages</th></tr><tr><td><div class="messages">About to begin executing following method : HomePageTest.verifyWithEmptyEmailAddreeField<br/>Completed executing following method : HomePageTest.verifyWithEmptyEmailAddreeField<br/>About to begin executing following method : HomePageTest.tearDown</div></td></tr></table><p class="totop"><a href="#summary">back to summary</a></p>
<h3 id="m47">com.torenzosite.qa.testcases.HomePageTest#verifyWithInvalidEmailAddreeField</h3><table class="result"><tr><th>Messages</th></tr><tr><td><div class="messages">About to begin executing following method : HomePageTest.verifyWithInvalidEmailAddreeField<br/>Completed executing following method : HomePageTest.verifyWithInvalidEmailAddreeField<br/>About to begin executing following method : HomePageTest.tearDown</div></td></tr></table><p class="totop"><a href="#summary">back to summary</a></p>
<h3 id="m48">com.torenzosite.qa.testcases.PricingPageTest#verifyHomePageTitle</h3><table class="result"><tr><th>Messages</th></tr><tr><td><div class="messages">About to begin executing following method : PricingPageTest.verifyHomePageTitle<br/>Completed executing following method : PricingPageTest.verifyHomePageTitle<br/>About to begin executing following method : PricingPageTest.tearDown</div></td></tr></table><p class="totop"><a href="#summary">back to summary</a></p>
<h3 id="m49">com.torenzosite.qa.testcases.PricingPageTest#verifyPricingPageTitle</h3><table class="result"><tr><th>Messages</th></tr><tr><td><div class="messages">About to begin executing following method : PricingPageTest.verifyPricingPageTitle<br/>Completed executing following method : PricingPageTest.verifyPricingPageTitle<br/>About to begin executing following method : PricingPageTest.tearDown</div></td></tr></table><p class="totop"><a href="#summary">back to summary</a></p>
<h3 id="m50">com.torenzosite.qa.testcases.TorenzoPOSPageTest#verifyHomePageTitle</h3><table class="result"><tr><th>Messages</th></tr><tr><td><div class="messages">About to begin executing following method : TorenzoPOSPageTest.verifyHomePageTitle<br/>Completed executing following method : TorenzoPOSPageTest.verifyHomePageTitle<br/>About to begin executing following method : TorenzoPOSPageTest.tearDown</div></td></tr></table><p class="totop"><a href="#summary">back to summary</a></p>
<h3 id="m51">com.torenzosite.qa.testcases.TorenzoPOSPageTest#verifyTextFromTorenzoPOSPage</h3><table class="result"><tr><th>Messages</th></tr><tr><td><div class="messages">About to begin executing following method : TorenzoPOSPageTest.verifyTextFromTorenzoPOSPage<br/>Completed executing following method : TorenzoPOSPageTest.verifyTextFromTorenzoPOSPage<br/>About to begin executing following method : TorenzoPOSPageTest.tearDown</div></td></tr></table><p class="totop"><a href="#summary">back to summary</a></p>
<h3 id="m52">com.torenzosite.qa.testcases.TryTorenzoForFreePageTest#verifyHomePageTitle</h3><table class="result"><tr><th>Messages</th></tr><tr><td><div class="messages">About to begin executing following method : TryTorenzoForFreePageTest.verifyHomePageTitle<br/>Completed executing following method : TryTorenzoForFreePageTest.verifyHomePageTitle<br/>About to begin executing following method : TryTorenzoForFreePageTest.tearDown</div></td></tr></table><p class="totop"><a href="#summary">back to summary</a></p>
</body>
</html>
