<?xml version="1.0" encoding="UTF-8"?>
<testng-results skipped="11" failed="2" ignored="0" total="31" passed="18">
  <reporter-output>
    <line>
      <![CDATA[Before executing suite at the begin Android 1]]>
    </line>
    <line>
      <![CDATA[Before executing test method once onlyTorenzoTest]]>
    </line>
    <line>
      <![CDATA[About to begin executing following method : BrokenImageAndLinks.setUp]]>
    </line>
    <line>
      <![CDATA[Completed executing following method : BrokenImageAndLinks.setUp]]>
    </line>
    <line>
      <![CDATA[About to begin executing following method : BrokenImageAndLinks.findBrokenLinkOnTorenzoMainPage]]>
    </line>
    <line>
      <![CDATA[Completed executing following method : BrokenImageAndLinks.findBrokenLinkOnTorenzoMainPage]]>
    </line>
    <line>
      <![CDATA[About to begin executing following method : BrokenImageAndLinks.tearDown]]>
    </line>
    <line>
      <![CDATA[Completed executing following method : BrokenImageAndLinks.tearDown]]>
    </line>
    <line>
      <![CDATA[About to begin executing following method : HomePageTest.setUp]]>
    </line>
    <line>
      <![CDATA[Completed executing following method : HomePageTest.setUp]]>
    </line>
    <line>
      <![CDATA[About to begin executing following method : HomePageTest.verifyHomePageTitle]]>
    </line>
    <line>
      <![CDATA[Completed executing following method : HomePageTest.verifyHomePageTitle]]>
    </line>
    <line>
      <![CDATA[About to begin executing following method : HomePageTest.tearDown]]>
    </line>
    <line>
      <![CDATA[Completed executing following method : HomePageTest.tearDown]]>
    </line>
    <line>
      <![CDATA[About to begin executing following method : HomePageTest.setUp]]>
    </line>
    <line>
      <![CDATA[Completed executing following method : HomePageTest.setUp]]>
    </line>
    <line>
      <![CDATA[About to begin executing following method : HomePageTest.verifyEmailAddreeField]]>
    </line>
    <line>
      <![CDATA[Completed executing following method : HomePageTest.verifyEmailAddreeField]]>
    </line>
    <line>
      <![CDATA[About to begin executing following method : HomePageTest.tearDown]]>
    </line>
    <line>
      <![CDATA[Completed executing following method : HomePageTest.tearDown]]>
    </line>
    <line>
      <![CDATA[About to begin executing following method : HomePageTest.setUp]]>
    </line>
    <line>
      <![CDATA[Completed executing following method : HomePageTest.setUp]]>
    </line>
    <line>
      <![CDATA[About to begin executing following method : HomePageTest.verifyWithEmptyEmailAddreeField]]>
    </line>
    <line>
      <![CDATA[Completed executing following method : HomePageTest.verifyWithEmptyEmailAddreeField]]>
    </line>
    <line>
      <![CDATA[About to begin executing following method : HomePageTest.tearDown]]>
    </line>
    <line>
      <![CDATA[Completed executing following method : HomePageTest.tearDown]]>
    </line>
    <line>
      <![CDATA[About to begin executing following method : HomePageTest.setUp]]>
    </line>
    <line>
      <![CDATA[Completed executing following method : HomePageTest.setUp]]>
    </line>
    <line>
      <![CDATA[About to begin executing following method : HomePageTest.verifyWithInvalidEmailAddreeField]]>
    </line>
    <line>
      <![CDATA[Completed executing following method : HomePageTest.verifyWithInvalidEmailAddreeField]]>
    </line>
    <line>
      <![CDATA[About to begin executing following method : HomePageTest.tearDown]]>
    </line>
    <line>
      <![CDATA[Completed executing following method : HomePageTest.tearDown]]>
    </line>
    <line>
      <![CDATA[About to begin executing following method : ContactUsPageTest.setUp]]>
    </line>
    <line>
      <![CDATA[Completed executing following method : ContactUsPageTest.setUp]]>
    </line>
    <line>
      <![CDATA[About to begin executing following method : ContactUsPageTest.verifyHomePageTitle]]>
    </line>
    <line>
      <![CDATA[Completed executing following method : ContactUsPageTest.verifyHomePageTitle]]>
    </line>
    <line>
      <![CDATA[About to begin executing following method : ContactUsPageTest.tearDown]]>
    </line>
    <line>
      <![CDATA[Completed executing following method : ContactUsPageTest.tearDown]]>
    </line>
    <line>
      <![CDATA[About to begin executing following method : ContactUsPageTest.setUp]]>
    </line>
    <line>
      <![CDATA[Completed executing following method : ContactUsPageTest.setUp]]>
    </line>
    <line>
      <![CDATA[About to begin executing following method : ContactUsPageTest.verifyContactPage]]>
    </line>
    <line>
      <![CDATA[Completed executing following method : ContactUsPageTest.verifyContactPage]]>
    </line>
    <line>
      <![CDATA[About to begin executing following method : ContactUsPageTest.tearDown]]>
    </line>
    <line>
      <![CDATA[Completed executing following method : ContactUsPageTest.tearDown]]>
    </line>
    <line>
      <![CDATA[About to begin executing following method : ContactUsPageTest.setUp]]>
    </line>
    <line>
      <![CDATA[Completed executing following method : ContactUsPageTest.setUp]]>
    </line>
    <line>
      <![CDATA[About to begin executing following method : ContactUsPageTest.fillFormToConatctUs]]>
    </line>
    <line>
      <![CDATA[Completed executing following method : ContactUsPageTest.fillFormToConatctUs]]>
    </line>
    <line>
      <![CDATA[About to begin executing following method : ContactUsPageTest.tearDown]]>
    </line>
    <line>
      <![CDATA[Completed executing following method : ContactUsPageTest.tearDown]]>
    </line>
    <line>
      <![CDATA[About to begin executing following method : ContactUsPageTest.setUp]]>
    </line>
    <line>
      <![CDATA[Completed executing following method : ContactUsPageTest.setUp]]>
    </line>
    <line>
      <![CDATA[About to begin executing following method : ContactUsPageTest.fillFormToConatctUsWithEmpty]]>
    </line>
    <line>
      <![CDATA[Completed executing following method : ContactUsPageTest.fillFormToConatctUsWithEmpty]]>
    </line>
    <line>
      <![CDATA[About to begin executing following method : ContactUsPageTest.tearDown]]>
    </line>
    <line>
      <![CDATA[Completed executing following method : ContactUsPageTest.tearDown]]>
    </line>
    <line>
      <![CDATA[About to begin executing following method : ContactUsPageTest.setUp]]>
    </line>
    <line>
      <![CDATA[Completed executing following method : ContactUsPageTest.setUp]]>
    </line>
    <line>
      <![CDATA[About to begin executing following method : ContactUsPageTest.fillFormToConatctUsWithIncorrectEmail]]>
    </line>
    <line>
      <![CDATA[Completed executing following method : ContactUsPageTest.fillFormToConatctUsWithIncorrectEmail]]>
    </line>
    <line>
      <![CDATA[About to begin executing following method : ContactUsPageTest.tearDown]]>
    </line>
    <line>
      <![CDATA[Completed executing following method : ContactUsPageTest.tearDown]]>
    </line>
    <line>
      <![CDATA[About to begin executing following method : TorenzoPOSPageTest.setUp]]>
    </line>
    <line>
      <![CDATA[Completed executing following method : TorenzoPOSPageTest.setUp]]>
    </line>
    <line>
      <![CDATA[About to begin executing following method : TorenzoPOSPageTest.verifyHomePageTitle]]>
    </line>
    <line>
      <![CDATA[Completed executing following method : TorenzoPOSPageTest.verifyHomePageTitle]]>
    </line>
    <line>
      <![CDATA[About to begin executing following method : TorenzoPOSPageTest.tearDown]]>
    </line>
    <line>
      <![CDATA[Completed executing following method : TorenzoPOSPageTest.tearDown]]>
    </line>
    <line>
      <![CDATA[About to begin executing following method : TorenzoPOSPageTest.setUp]]>
    </line>
    <line>
      <![CDATA[Completed executing following method : TorenzoPOSPageTest.setUp]]>
    </line>
    <line>
      <![CDATA[About to begin executing following method : TorenzoPOSPageTest.verifyTextFromTorenzoPOSPage]]>
    </line>
    <line>
      <![CDATA[Completed executing following method : TorenzoPOSPageTest.verifyTextFromTorenzoPOSPage]]>
    </line>
    <line>
      <![CDATA[About to begin executing following method : TorenzoPOSPageTest.tearDown]]>
    </line>
    <line>
      <![CDATA[Completed executing following method : TorenzoPOSPageTest.tearDown]]>
    </line>
    <line>
      <![CDATA[About to begin executing following method : FeaturePageTest.setUp]]>
    </line>
    <line>
      <![CDATA[Completed executing following method : FeaturePageTest.setUp]]>
    </line>
    <line>
      <![CDATA[About to begin executing following method : FeaturePageTest.verifyHomePageTitle]]>
    </line>
    <line>
      <![CDATA[Completed executing following method : FeaturePageTest.verifyHomePageTitle]]>
    </line>
    <line>
      <![CDATA[About to begin executing following method : FeaturePageTest.tearDown]]>
    </line>
    <line>
      <![CDATA[Completed executing following method : FeaturePageTest.tearDown]]>
    </line>
    <line>
      <![CDATA[About to begin executing following method : FeaturePageTest.setUp]]>
    </line>
    <line>
      <![CDATA[Completed executing following method : FeaturePageTest.setUp]]>
    </line>
    <line>
      <![CDATA[About to begin executing following method : FeaturePageTest.verifyFeaturesPageTitle]]>
    </line>
    <line>
      <![CDATA[Completed executing following method : FeaturePageTest.verifyFeaturesPageTitle]]>
    </line>
    <line>
      <![CDATA[About to begin executing following method : FeaturePageTest.tearDown]]>
    </line>
    <line>
      <![CDATA[Completed executing following method : FeaturePageTest.tearDown]]>
    </line>
    <line>
      <![CDATA[About to begin executing following method : FeaturePageTest.setUp]]>
    </line>
    <line>
      <![CDATA[Completed executing following method : FeaturePageTest.setUp]]>
    </line>
    <line>
      <![CDATA[About to begin executing following method : FeaturePageTest.verifyTryTorenzoForFree]]>
    </line>
    <line>
      <![CDATA[Completed executing following method : FeaturePageTest.verifyTryTorenzoForFree]]>
    </line>
    <line>
      <![CDATA[About to begin executing following method : FeaturePageTest.tearDown]]>
    </line>
    <line>
      <![CDATA[Completed executing following method : FeaturePageTest.tearDown]]>
    </line>
    <line>
      <![CDATA[About to begin executing following method : FeaturePageTest.setUp]]>
    </line>
    <line>
      <![CDATA[Completed executing following method : FeaturePageTest.setUp]]>
    </line>
    <line>
      <![CDATA[About to begin executing following method : FeaturePageTest.closeToForm]]>
    </line>
    <line>
      <![CDATA[Completed executing following method : FeaturePageTest.closeToForm]]>
    </line>
    <line>
      <![CDATA[About to begin executing following method : FeaturePageTest.tearDown]]>
    </line>
    <line>
      <![CDATA[Completed executing following method : FeaturePageTest.tearDown]]>
    </line>
    <line>
      <![CDATA[About to begin executing following method : FeaturePageTest.setUp]]>
    </line>
    <line>
      <![CDATA[Completed executing following method : FeaturePageTest.setUp]]>
    </line>
    <line>
      <![CDATA[(About@Test Method)Test Method resides in com.torenzosite.qa.testcases.FeaturePageTest]]>
    </line>
    <line>
      <![CDATA[Test Status: Skipped]]>
    </line>
    <line>
      <![CDATA[About to begin executing following method : FeaturePageTest.fillFormFromFeaturePage]]>
    </line>
    <line>
      <![CDATA[Completed executing following method : FeaturePageTest.fillFormFromFeaturePage]]>
    </line>
    <line>
      <![CDATA[(About@Test Method)Test Method resides in com.torenzosite.qa.testcases.FeaturePageTest]]>
    </line>
    <line>
      <![CDATA[Test Status: Skipped]]>
    </line>
    <line>
      <![CDATA[About to begin executing following method : FeaturePageTest.fillFormWithEmptyData]]>
    </line>
    <line>
      <![CDATA[Completed executing following method : FeaturePageTest.fillFormWithEmptyData]]>
    </line>
    <line>
      <![CDATA[(About@Test Method)Test Method resides in com.torenzosite.qa.testcases.FeaturePageTest]]>
    </line>
    <line>
      <![CDATA[Test Status: Skipped]]>
    </line>
    <line>
      <![CDATA[About to begin executing following method : FeaturePageTest.fillFormWithEmptyPhoneNumber]]>
    </line>
    <line>
      <![CDATA[Completed executing following method : FeaturePageTest.fillFormWithEmptyPhoneNumber]]>
    </line>
    <line>
      <![CDATA[(About@Test Method)Test Method resides in com.torenzosite.qa.testcases.FeaturePageTest]]>
    </line>
    <line>
      <![CDATA[Test Status: Skipped]]>
    </line>
    <line>
      <![CDATA[About to begin executing following method : FeaturePageTest.fillFormWithEmptyEmaildId]]>
    </line>
    <line>
      <![CDATA[Completed executing following method : FeaturePageTest.fillFormWithEmptyEmaildId]]>
    </line>
    <line>
      <![CDATA[(About@Test Method)Test Method resides in com.torenzosite.qa.testcases.FeaturePageTest]]>
    </line>
    <line>
      <![CDATA[Test Status: Skipped]]>
    </line>
    <line>
      <![CDATA[About to begin executing following method : FeaturePageTest.fillFormWithEmptyBussinesName]]>
    </line>
    <line>
      <![CDATA[Completed executing following method : FeaturePageTest.fillFormWithEmptyBussinesName]]>
    </line>
    <line>
      <![CDATA[(About@Test Method)Test Method resides in com.torenzosite.qa.testcases.FeaturePageTest]]>
    </line>
    <line>
      <![CDATA[Test Status: Skipped]]>
    </line>
    <line>
      <![CDATA[About to begin executing following method : FeaturePageTest.fillFormWithIncorrectEmailId]]>
    </line>
    <line>
      <![CDATA[Completed executing following method : FeaturePageTest.fillFormWithIncorrectEmailId]]>
    </line>
    <line>
      <![CDATA[About to begin executing following method : LeaveUsPageTest.setUp]]>
    </line>
    <line>
      <![CDATA[Completed executing following method : LeaveUsPageTest.setUp]]>
    </line>
    <line>
      <![CDATA[(About@Test Method)Test Method resides in com.torenzosite.qa.testcases.LeaveUsPageTest]]>
    </line>
    <line>
      <![CDATA[Test Status: Skipped]]>
    </line>
    <line>
      <![CDATA[About to begin executing following method : LeaveUsPageTest.verifyHomePageTitle]]>
    </line>
    <line>
      <![CDATA[Completed executing following method : LeaveUsPageTest.verifyHomePageTitle]]>
    </line>
    <line>
      <![CDATA[(About@Test Method)Test Method resides in com.torenzosite.qa.testcases.LeaveUsPageTest]]>
    </line>
    <line>
      <![CDATA[Test Status: Skipped]]>
    </line>
    <line>
      <![CDATA[About to begin executing following method : LeaveUsPageTest.verifyLeaveUsPageTitle]]>
    </line>
    <line>
      <![CDATA[Completed executing following method : LeaveUsPageTest.verifyLeaveUsPageTitle]]>
    </line>
    <line>
      <![CDATA[About to begin executing following method : HardwarePageTest.setUp]]>
    </line>
    <line>
      <![CDATA[Completed executing following method : HardwarePageTest.setUp]]>
    </line>
    <line>
      <![CDATA[(About@Test Method)Test Method resides in com.torenzosite.qa.testcases.HardwarePageTest]]>
    </line>
    <line>
      <![CDATA[Test Status: Skipped]]>
    </line>
    <line>
      <![CDATA[About to begin executing following method : HardwarePageTest.verifyHomePageTitle]]>
    </line>
    <line>
      <![CDATA[Completed executing following method : HardwarePageTest.verifyHomePageTitle]]>
    </line>
    <line>
      <![CDATA[(About@Test Method)Test Method resides in com.torenzosite.qa.testcases.HardwarePageTest]]>
    </line>
    <line>
      <![CDATA[Test Status: Skipped]]>
    </line>
    <line>
      <![CDATA[About to begin executing following method : HardwarePageTest.verifyHardwarePageTitle]]>
    </line>
    <line>
      <![CDATA[Completed executing following method : HardwarePageTest.verifyHardwarePageTitle]]>
    </line>
    <line>
      <![CDATA[(About@Test Method)Test Method resides in com.torenzosite.qa.testcases.HardwarePageTest]]>
    </line>
    <line>
      <![CDATA[Test Status: Skipped]]>
    </line>
    <line>
      <![CDATA[About to begin executing following method : HardwarePageTest.verifyContactUsPage]]>
    </line>
    <line>
      <![CDATA[Completed executing following method : HardwarePageTest.verifyContactUsPage]]>
    </line>
    <line>
      <![CDATA[About to begin executing following method : PricingPageTest.setUp]]>
    </line>
    <line>
      <![CDATA[Completed executing following method : PricingPageTest.setUp]]>
    </line>
    <line>
      <![CDATA[About to begin executing following method : PricingPageTest.verifyHomePageTitle]]>
    </line>
    <line>
      <![CDATA[Completed executing following method : PricingPageTest.verifyHomePageTitle]]>
    </line>
    <line>
      <![CDATA[About to begin executing following method : PricingPageTest.tearDown]]>
    </line>
    <line>
      <![CDATA[Completed executing following method : PricingPageTest.tearDown]]>
    </line>
    <line>
      <![CDATA[About to begin executing following method : PricingPageTest.setUp]]>
    </line>
    <line>
      <![CDATA[Completed executing following method : PricingPageTest.setUp]]>
    </line>
    <line>
      <![CDATA[About to begin executing following method : PricingPageTest.verifyPricingPageTitle]]>
    </line>
    <line>
      <![CDATA[Completed executing following method : PricingPageTest.verifyPricingPageTitle]]>
    </line>
    <line>
      <![CDATA[About to begin executing following method : PricingPageTest.tearDown]]>
    </line>
    <line>
      <![CDATA[Completed executing following method : PricingPageTest.tearDown]]>
    </line>
    <line>
      <![CDATA[About to begin executing following method : TryTorenzoForFreePageTest.setUp]]>
    </line>
    <line>
      <![CDATA[Completed executing following method : TryTorenzoForFreePageTest.setUp]]>
    </line>
    <line>
      <![CDATA[About to begin executing following method : TryTorenzoForFreePageTest.verifyHomePageTitle]]>
    </line>
    <line>
      <![CDATA[Completed executing following method : TryTorenzoForFreePageTest.verifyHomePageTitle]]>
    </line>
    <line>
      <![CDATA[About to begin executing following method : TryTorenzoForFreePageTest.tearDown]]>
    </line>
    <line>
      <![CDATA[Completed executing following method : TryTorenzoForFreePageTest.tearDown]]>
    </line>
    <line>
      <![CDATA[About to begin executing following method : TryTorenzoForFreePageTest.setUp]]>
    </line>
    <line>
      <![CDATA[Completed executing following method : TryTorenzoForFreePageTest.setUp]]>
    </line>
    <line>
      <![CDATA[About to begin executing following method : TryTorenzoForFreePageTest.clickOnTryTorenzoForFreeAndFillForm]]>
    </line>
    <line>
      <![CDATA[Completed executing following method : TryTorenzoForFreePageTest.clickOnTryTorenzoForFreeAndFillForm]]>
    </line>
    <line>
      <![CDATA[About to begin executing following method : TryTorenzoForFreePageTest.tearDown]]>
    </line>
    <line>
      <![CDATA[Completed executing following method : TryTorenzoForFreePageTest.tearDown]]>
    </line>
  </reporter-output>
  <suite name="Android 1" duration-ms="1648163" started-at="2018-12-11T10:08:06Z" finished-at="2018-12-11T10:35:34Z">
    <groups>
    </groups>
    <test name="TorenzoTest" duration-ms="1648163" started-at="2018-12-11T10:08:06Z" finished-at="2018-12-11T10:35:34Z">
      <class name="com.torenzosite.qa.testcases.PricingPageTest">
        <test-method status="PASS" signature="setUp()[pri:0, instance:com.torenzosite.qa.testcases.PricingPageTest@56ac3a89]" name="setUp" is-config="true" duration-ms="81118" started-at="2018-12-11T10:28:17Z" finished-at="2018-12-11T10:29:38Z">
          <reporter-output>
            <line>
              <![CDATA[Completed executing following method : PricingPageTest.setUp]]>
            </line>
          </reporter-output>
        </test-method> <!-- setUp -->
        <test-method status="PASS" signature="verifyHomePageTitle()[pri:27, instance:com.torenzosite.qa.testcases.PricingPageTest@56ac3a89]" name="verifyHomePageTitle" duration-ms="597" started-at="2018-12-11T10:29:38Z" finished-at="2018-12-11T10:29:38Z">
          <reporter-output>
            <line>
              <![CDATA[About to begin executing following method : PricingPageTest.verifyHomePageTitle]]>
            </line>
            <line>
              <![CDATA[Completed executing following method : PricingPageTest.verifyHomePageTitle]]>
            </line>
            <line>
              <![CDATA[About to begin executing following method : PricingPageTest.tearDown]]>
            </line>
          </reporter-output>
        </test-method> <!-- verifyHomePageTitle -->
        <test-method status="PASS" signature="tearDown()[pri:0, instance:com.torenzosite.qa.testcases.PricingPageTest@56ac3a89]" name="tearDown" is-config="true" duration-ms="1138" started-at="2018-12-11T10:30:14Z" finished-at="2018-12-11T10:30:15Z">
          <reporter-output>
            <line>
              <![CDATA[Completed executing following method : PricingPageTest.tearDown]]>
            </line>
          </reporter-output>
        </test-method> <!-- tearDown -->
        <test-method status="PASS" signature="setUp()[pri:0, instance:com.torenzosite.qa.testcases.PricingPageTest@56ac3a89]" name="setUp" is-config="true" duration-ms="51593" started-at="2018-12-11T10:30:15Z" finished-at="2018-12-11T10:31:07Z">
          <reporter-output>
            <line>
              <![CDATA[Completed executing following method : PricingPageTest.setUp]]>
            </line>
          </reporter-output>
        </test-method> <!-- setUp -->
        <test-method status="PASS" signature="verifyPricingPageTitle()[pri:28, instance:com.torenzosite.qa.testcases.PricingPageTest@56ac3a89]" name="verifyPricingPageTitle" duration-ms="17036" started-at="2018-12-11T10:31:07Z" finished-at="2018-12-11T10:31:24Z">
          <reporter-output>
            <line>
              <![CDATA[About to begin executing following method : PricingPageTest.verifyPricingPageTitle]]>
            </line>
            <line>
              <![CDATA[Completed executing following method : PricingPageTest.verifyPricingPageTitle]]>
            </line>
            <line>
              <![CDATA[About to begin executing following method : PricingPageTest.tearDown]]>
            </line>
          </reporter-output>
        </test-method> <!-- verifyPricingPageTitle -->
        <test-method status="PASS" signature="tearDown()[pri:0, instance:com.torenzosite.qa.testcases.PricingPageTest@56ac3a89]" name="tearDown" is-config="true" duration-ms="838" started-at="2018-12-11T10:31:31Z" finished-at="2018-12-11T10:31:31Z">
          <reporter-output>
            <line>
              <![CDATA[Completed executing following method : PricingPageTest.tearDown]]>
            </line>
          </reporter-output>
        </test-method> <!-- tearDown -->
      </class> <!-- com.torenzosite.qa.testcases.PricingPageTest -->
      <class name="com.torenzosite.qa.testcases.BrokenImageAndLinks">
        <test-method status="PASS" signature="setUp()[pri:0, instance:com.torenzosite.qa.testcases.BrokenImageAndLinks@5bcab519]" name="setUp" is-config="true" duration-ms="47007" started-at="2018-12-11T10:08:06Z" finished-at="2018-12-11T10:08:53Z">
          <reporter-output>
            <line>
              <![CDATA[Completed executing following method : BrokenImageAndLinks.setUp]]>
            </line>
          </reporter-output>
        </test-method> <!-- setUp -->
        <test-method status="PASS" signature="findBrokenLinkOnTorenzoMainPage()[pri:0, instance:com.torenzosite.qa.testcases.BrokenImageAndLinks@5bcab519]" name="findBrokenLinkOnTorenzoMainPage" duration-ms="23689" started-at="2018-12-11T10:08:53Z" finished-at="2018-12-11T10:09:16Z">
          <reporter-output>
            <line>
              <![CDATA[About to begin executing following method : BrokenImageAndLinks.findBrokenLinkOnTorenzoMainPage]]>
            </line>
            <line>
              <![CDATA[Completed executing following method : BrokenImageAndLinks.findBrokenLinkOnTorenzoMainPage]]>
            </line>
            <line>
              <![CDATA[About to begin executing following method : BrokenImageAndLinks.tearDown]]>
            </line>
          </reporter-output>
        </test-method> <!-- findBrokenLinkOnTorenzoMainPage -->
        <test-method status="PASS" signature="tearDown()[pri:0, instance:com.torenzosite.qa.testcases.BrokenImageAndLinks@5bcab519]" name="tearDown" is-config="true" duration-ms="492" started-at="2018-12-11T10:09:19Z" finished-at="2018-12-11T10:09:19Z">
          <reporter-output>
            <line>
              <![CDATA[Completed executing following method : BrokenImageAndLinks.tearDown]]>
            </line>
          </reporter-output>
        </test-method> <!-- tearDown -->
      </class> <!-- com.torenzosite.qa.testcases.BrokenImageAndLinks -->
      <class name="com.torenzosite.qa.testcases.HardwarePageTest">
        <test-method status="FAIL" signature="setUp()[pri:0, instance:com.torenzosite.qa.testcases.HardwarePageTest@490ab905]" name="setUp" is-config="true" duration-ms="61335" started-at="2018-12-11T10:27:13Z" finished-at="2018-12-11T10:28:14Z">
          <exception class="org.openqa.selenium.WebDriverException">
            <message>
              <![CDATA[Timed out waiting 45 seconds for Firefox to start.
Build info: version: '3.14.0', revision: 'aacccce0', time: '2018-08-02T20:19:58.91Z'
System info: host: 'DESKTOP-A3DICO7', ip: '169.254.38.26', os.name: 'Windows 10', os.arch: 'amd64', os.version: '10.0', java.version: '1.8.0_131'
Driver info: driver.version: FirefoxDriver]]>
            </message>
            <full-stacktrace>
              <![CDATA[org.openqa.selenium.WebDriverException: Timed out waiting 45 seconds for Firefox to start.
Build info: version: '3.14.0', revision: 'aacccce0', time: '2018-08-02T20:19:58.91Z'
System info: host: 'DESKTOP-A3DICO7', ip: '169.254.38.26', os.name: 'Windows 10', os.arch: 'amd64', os.version: '10.0', java.version: '1.8.0_131'
Driver info: driver.version: FirefoxDriver
at org.openqa.selenium.firefox.XpiDriverService.waitUntilAvailable(XpiDriverService.java:133)
at org.openqa.selenium.firefox.XpiDriverService.start(XpiDriverService.java:118)
at org.openqa.selenium.remote.service.DriverCommandExecutor.execute(DriverCommandExecutor.java:79)
at org.openqa.selenium.remote.RemoteWebDriver.execute(RemoteWebDriver.java:548)
at org.openqa.selenium.remote.RemoteWebDriver.startSession(RemoteWebDriver.java:212)
at org.openqa.selenium.remote.RemoteWebDriver.<init>(RemoteWebDriver.java:130)
at org.openqa.selenium.firefox.FirefoxDriver.<init>(FirefoxDriver.java:125)
at org.openqa.selenium.firefox.FirefoxDriver.<init>(FirefoxDriver.java:103)
at com.torenzosite.qa.base.TestBase.initialization(TestBase.java:51)
at com.torenzosite.qa.testcases.HardwarePageTest.setUp(HardwarePageTest.java:37)
at sun.reflect.NativeMethodAccessorImpl.invoke0(Native Method)
at sun.reflect.NativeMethodAccessorImpl.invoke(Unknown Source)
at sun.reflect.DelegatingMethodAccessorImpl.invoke(Unknown Source)
at java.lang.reflect.Method.invoke(Unknown Source)
at org.testng.internal.MethodInvocationHelper.invokeMethod(MethodInvocationHelper.java:124)
at org.testng.internal.MethodInvocationHelper.invokeMethodConsideringTimeout(MethodInvocationHelper.java:59)
at org.testng.internal.Invoker.invokeConfigurationMethod(Invoker.java:455)
at org.testng.internal.Invoker.invokeConfigurations(Invoker.java:222)
at org.testng.internal.Invoker.invokeMethod(Invoker.java:520)
at org.testng.internal.Invoker.invokeTestMethod(Invoker.java:716)
at org.testng.internal.Invoker.invokeTestMethods(Invoker.java:988)
at org.testng.internal.TestMethodWorker.invokeTestMethods(TestMethodWorker.java:125)
at org.testng.internal.TestMethodWorker.run(TestMethodWorker.java:109)
at org.testng.TestRunner.privateRun(TestRunner.java:648)
at org.testng.TestRunner.run(TestRunner.java:505)
at org.testng.SuiteRunner.runTest(SuiteRunner.java:455)
at org.testng.SuiteRunner.runSequentially(SuiteRunner.java:450)
at org.testng.SuiteRunner.privateRun(SuiteRunner.java:415)
at org.testng.SuiteRunner.run(SuiteRunner.java:364)
at org.testng.SuiteRunnerWorker.runSuite(SuiteRunnerWorker.java:52)
at org.testng.SuiteRunnerWorker.run(SuiteRunnerWorker.java:84)
at org.testng.TestNG.runSuitesSequentially(TestNG.java:1208)
at org.testng.TestNG.runSuitesLocally(TestNG.java:1137)
at org.testng.TestNG.runSuites(TestNG.java:1049)
at org.testng.TestNG.run(TestNG.java:1017)
at org.testng.remote.AbstractRemoteTestNG.run(AbstractRemoteTestNG.java:114)
at org.testng.remote.RemoteTestNG.initAndRun(RemoteTestNG.java:251)
at org.testng.remote.RemoteTestNG.main(RemoteTestNG.java:77)
Caused by: org.openqa.selenium.net.UrlChecker$TimeoutException: Timed out waiting for [http://localhost:41011/hub/status] to be available after 45001 ms
at org.openqa.selenium.net.UrlChecker.waitUntilAvailable(UrlChecker.java:100)
at org.openqa.selenium.firefox.XpiDriverService.waitUntilAvailable(XpiDriverService.java:131)
... 37 more
Caused by: java.util.concurrent.TimeoutException
at java.util.concurrent.FutureTask.get(Unknown Source)
at com.google.common.util.concurrent.SimpleTimeLimiter.callWithTimeout(SimpleTimeLimiter.java:156)
at org.openqa.selenium.net.UrlChecker.waitUntilAvailable(UrlChecker.java:75)
... 38 more
]]>
            </full-stacktrace>
          </exception> <!-- org.openqa.selenium.WebDriverException -->
          <reporter-output>
            <line>
              <![CDATA[Completed executing following method : HardwarePageTest.setUp]]>
            </line>
          </reporter-output>
        </test-method> <!-- setUp -->
        <test-method status="SKIP" signature="verifyHomePageTitle()[pri:24, instance:com.torenzosite.qa.testcases.HardwarePageTest@490ab905]" name="verifyHomePageTitle" duration-ms="0" started-at="2018-12-11T10:28:14Z" finished-at="2018-12-11T10:28:14Z">
          <exception class="org.openqa.selenium.WebDriverException">
            <message>
              <![CDATA[Timed out waiting 45 seconds for Firefox to start.
Build info: version: '3.14.0', revision: 'aacccce0', time: '2018-08-02T20:19:58.91Z'
System info: host: 'DESKTOP-A3DICO7', ip: '169.254.38.26', os.name: 'Windows 10', os.arch: 'amd64', os.version: '10.0', java.version: '1.8.0_131'
Driver info: driver.version: FirefoxDriver]]>
            </message>
            <full-stacktrace>
              <![CDATA[org.openqa.selenium.WebDriverException: Timed out waiting 45 seconds for Firefox to start.
Build info: version: '3.14.0', revision: 'aacccce0', time: '2018-08-02T20:19:58.91Z'
System info: host: 'DESKTOP-A3DICO7', ip: '169.254.38.26', os.name: 'Windows 10', os.arch: 'amd64', os.version: '10.0', java.version: '1.8.0_131'
Driver info: driver.version: FirefoxDriver
at org.openqa.selenium.firefox.XpiDriverService.waitUntilAvailable(XpiDriverService.java:133)
at org.openqa.selenium.firefox.XpiDriverService.start(XpiDriverService.java:118)
at org.openqa.selenium.remote.service.DriverCommandExecutor.execute(DriverCommandExecutor.java:79)
at org.openqa.selenium.remote.RemoteWebDriver.execute(RemoteWebDriver.java:548)
at org.openqa.selenium.remote.RemoteWebDriver.startSession(RemoteWebDriver.java:212)
at org.openqa.selenium.remote.RemoteWebDriver.<init>(RemoteWebDriver.java:130)
at org.openqa.selenium.firefox.FirefoxDriver.<init>(FirefoxDriver.java:125)
at org.openqa.selenium.firefox.FirefoxDriver.<init>(FirefoxDriver.java:103)
at com.torenzosite.qa.base.TestBase.initialization(TestBase.java:51)
at com.torenzosite.qa.testcases.HardwarePageTest.setUp(HardwarePageTest.java:37)
at sun.reflect.NativeMethodAccessorImpl.invoke0(Native Method)
at sun.reflect.NativeMethodAccessorImpl.invoke(Unknown Source)
at sun.reflect.DelegatingMethodAccessorImpl.invoke(Unknown Source)
at java.lang.reflect.Method.invoke(Unknown Source)
at org.testng.internal.MethodInvocationHelper.invokeMethod(MethodInvocationHelper.java:124)
at org.testng.internal.MethodInvocationHelper.invokeMethodConsideringTimeout(MethodInvocationHelper.java:59)
at org.testng.internal.Invoker.invokeConfigurationMethod(Invoker.java:455)
at org.testng.internal.Invoker.invokeConfigurations(Invoker.java:222)
at org.testng.internal.Invoker.invokeMethod(Invoker.java:520)
at org.testng.internal.Invoker.invokeTestMethod(Invoker.java:716)
at org.testng.internal.Invoker.invokeTestMethods(Invoker.java:988)
at org.testng.internal.TestMethodWorker.invokeTestMethods(TestMethodWorker.java:125)
at org.testng.internal.TestMethodWorker.run(TestMethodWorker.java:109)
at org.testng.TestRunner.privateRun(TestRunner.java:648)
at org.testng.TestRunner.run(TestRunner.java:505)
at org.testng.SuiteRunner.runTest(SuiteRunner.java:455)
at org.testng.SuiteRunner.runSequentially(SuiteRunner.java:450)
at org.testng.SuiteRunner.privateRun(SuiteRunner.java:415)
at org.testng.SuiteRunner.run(SuiteRunner.java:364)
at org.testng.SuiteRunnerWorker.runSuite(SuiteRunnerWorker.java:52)
at org.testng.SuiteRunnerWorker.run(SuiteRunnerWorker.java:84)
at org.testng.TestNG.runSuitesSequentially(TestNG.java:1208)
at org.testng.TestNG.runSuitesLocally(TestNG.java:1137)
at org.testng.TestNG.runSuites(TestNG.java:1049)
at org.testng.TestNG.run(TestNG.java:1017)
at org.testng.remote.AbstractRemoteTestNG.run(AbstractRemoteTestNG.java:114)
at org.testng.remote.RemoteTestNG.initAndRun(RemoteTestNG.java:251)
at org.testng.remote.RemoteTestNG.main(RemoteTestNG.java:77)
Caused by: org.openqa.selenium.net.UrlChecker$TimeoutException: Timed out waiting for [http://localhost:41011/hub/status] to be available after 45001 ms
at org.openqa.selenium.net.UrlChecker.waitUntilAvailable(UrlChecker.java:100)
at org.openqa.selenium.firefox.XpiDriverService.waitUntilAvailable(XpiDriverService.java:131)
... 37 more
Caused by: java.util.concurrent.TimeoutException
at java.util.concurrent.FutureTask.get(Unknown Source)
at com.google.common.util.concurrent.SimpleTimeLimiter.callWithTimeout(SimpleTimeLimiter.java:156)
at org.openqa.selenium.net.UrlChecker.waitUntilAvailable(UrlChecker.java:75)
... 38 more
]]>
            </full-stacktrace>
          </exception> <!-- org.openqa.selenium.WebDriverException -->
          <reporter-output>
            <line>
              <![CDATA[(About@Test Method)Test Method resides in com.torenzosite.qa.testcases.HardwarePageTest]]>
            </line>
            <line>
              <![CDATA[Test Status: Skipped]]>
            </line>
            <line>
              <![CDATA[About to begin executing following method : HardwarePageTest.verifyHomePageTitle]]>
            </line>
            <line>
              <![CDATA[Completed executing following method : HardwarePageTest.verifyHomePageTitle]]>
            </line>
          </reporter-output>
        </test-method> <!-- verifyHomePageTitle -->
        <test-method status="SKIP" signature="tearDown()[pri:0, instance:com.torenzosite.qa.testcases.HardwarePageTest@490ab905]" name="tearDown" is-config="true" duration-ms="0" started-at="2018-12-11T10:28:15Z" finished-at="2018-12-11T10:28:15Z">
          <reporter-output>
          </reporter-output>
        </test-method> <!-- tearDown -->
        <test-method status="SKIP" signature="setUp()[pri:0, instance:com.torenzosite.qa.testcases.HardwarePageTest@490ab905]" name="setUp" is-config="true" duration-ms="0" started-at="2018-12-11T10:28:16Z" finished-at="2018-12-11T10:28:16Z">
          <reporter-output>
          </reporter-output>
        </test-method> <!-- setUp -->
        <test-method status="SKIP" signature="verifyHardwarePageTitle()[pri:25, instance:com.torenzosite.qa.testcases.HardwarePageTest@490ab905]" name="verifyHardwarePageTitle" duration-ms="0" started-at="2018-12-11T10:28:16Z" finished-at="2018-12-11T10:28:16Z">
          <exception class="org.openqa.selenium.WebDriverException">
            <message>
              <![CDATA[Timed out waiting 45 seconds for Firefox to start.
Build info: version: '3.14.0', revision: 'aacccce0', time: '2018-08-02T20:19:58.91Z'
System info: host: 'DESKTOP-A3DICO7', ip: '169.254.38.26', os.name: 'Windows 10', os.arch: 'amd64', os.version: '10.0', java.version: '1.8.0_131'
Driver info: driver.version: FirefoxDriver]]>
            </message>
            <full-stacktrace>
              <![CDATA[org.openqa.selenium.WebDriverException: Timed out waiting 45 seconds for Firefox to start.
Build info: version: '3.14.0', revision: 'aacccce0', time: '2018-08-02T20:19:58.91Z'
System info: host: 'DESKTOP-A3DICO7', ip: '169.254.38.26', os.name: 'Windows 10', os.arch: 'amd64', os.version: '10.0', java.version: '1.8.0_131'
Driver info: driver.version: FirefoxDriver
at org.openqa.selenium.firefox.XpiDriverService.waitUntilAvailable(XpiDriverService.java:133)
at org.openqa.selenium.firefox.XpiDriverService.start(XpiDriverService.java:118)
at org.openqa.selenium.remote.service.DriverCommandExecutor.execute(DriverCommandExecutor.java:79)
at org.openqa.selenium.remote.RemoteWebDriver.execute(RemoteWebDriver.java:548)
at org.openqa.selenium.remote.RemoteWebDriver.startSession(RemoteWebDriver.java:212)
at org.openqa.selenium.remote.RemoteWebDriver.<init>(RemoteWebDriver.java:130)
at org.openqa.selenium.firefox.FirefoxDriver.<init>(FirefoxDriver.java:125)
at org.openqa.selenium.firefox.FirefoxDriver.<init>(FirefoxDriver.java:103)
at com.torenzosite.qa.base.TestBase.initialization(TestBase.java:51)
at com.torenzosite.qa.testcases.HardwarePageTest.setUp(HardwarePageTest.java:37)
at sun.reflect.NativeMethodAccessorImpl.invoke0(Native Method)
at sun.reflect.NativeMethodAccessorImpl.invoke(Unknown Source)
at sun.reflect.DelegatingMethodAccessorImpl.invoke(Unknown Source)
at java.lang.reflect.Method.invoke(Unknown Source)
at org.testng.internal.MethodInvocationHelper.invokeMethod(MethodInvocationHelper.java:124)
at org.testng.internal.MethodInvocationHelper.invokeMethodConsideringTimeout(MethodInvocationHelper.java:59)
at org.testng.internal.Invoker.invokeConfigurationMethod(Invoker.java:455)
at org.testng.internal.Invoker.invokeConfigurations(Invoker.java:222)
at org.testng.internal.Invoker.invokeMethod(Invoker.java:520)
at org.testng.internal.Invoker.invokeTestMethod(Invoker.java:716)
at org.testng.internal.Invoker.invokeTestMethods(Invoker.java:988)
at org.testng.internal.TestMethodWorker.invokeTestMethods(TestMethodWorker.java:125)
at org.testng.internal.TestMethodWorker.run(TestMethodWorker.java:109)
at org.testng.TestRunner.privateRun(TestRunner.java:648)
at org.testng.TestRunner.run(TestRunner.java:505)
at org.testng.SuiteRunner.runTest(SuiteRunner.java:455)
at org.testng.SuiteRunner.runSequentially(SuiteRunner.java:450)
at org.testng.SuiteRunner.privateRun(SuiteRunner.java:415)
at org.testng.SuiteRunner.run(SuiteRunner.java:364)
at org.testng.SuiteRunnerWorker.runSuite(SuiteRunnerWorker.java:52)
at org.testng.SuiteRunnerWorker.run(SuiteRunnerWorker.java:84)
at org.testng.TestNG.runSuitesSequentially(TestNG.java:1208)
at org.testng.TestNG.runSuitesLocally(TestNG.java:1137)
at org.testng.TestNG.runSuites(TestNG.java:1049)
at org.testng.TestNG.run(TestNG.java:1017)
at org.testng.remote.AbstractRemoteTestNG.run(AbstractRemoteTestNG.java:114)
at org.testng.remote.RemoteTestNG.initAndRun(RemoteTestNG.java:251)
at org.testng.remote.RemoteTestNG.main(RemoteTestNG.java:77)
Caused by: org.openqa.selenium.net.UrlChecker$TimeoutException: Timed out waiting for [http://localhost:41011/hub/status] to be available after 45001 ms
at org.openqa.selenium.net.UrlChecker.waitUntilAvailable(UrlChecker.java:100)
at org.openqa.selenium.firefox.XpiDriverService.waitUntilAvailable(XpiDriverService.java:131)
... 37 more
Caused by: java.util.concurrent.TimeoutException
at java.util.concurrent.FutureTask.get(Unknown Source)
at com.google.common.util.concurrent.SimpleTimeLimiter.callWithTimeout(SimpleTimeLimiter.java:156)
at org.openqa.selenium.net.UrlChecker.waitUntilAvailable(UrlChecker.java:75)
... 38 more
]]>
            </full-stacktrace>
          </exception> <!-- org.openqa.selenium.WebDriverException -->
          <reporter-output>
            <line>
              <![CDATA[(About@Test Method)Test Method resides in com.torenzosite.qa.testcases.HardwarePageTest]]>
            </line>
            <line>
              <![CDATA[Test Status: Skipped]]>
            </line>
            <line>
              <![CDATA[About to begin executing following method : HardwarePageTest.verifyHardwarePageTitle]]>
            </line>
            <line>
              <![CDATA[Completed executing following method : HardwarePageTest.verifyHardwarePageTitle]]>
            </line>
          </reporter-output>
        </test-method> <!-- verifyHardwarePageTitle -->
        <test-method status="SKIP" signature="tearDown()[pri:0, instance:com.torenzosite.qa.testcases.HardwarePageTest@490ab905]" name="tearDown" is-config="true" duration-ms="0" started-at="2018-12-11T10:28:16Z" finished-at="2018-12-11T10:28:16Z">
          <reporter-output>
          </reporter-output>
        </test-method> <!-- tearDown -->
        <test-method status="SKIP" signature="setUp()[pri:0, instance:com.torenzosite.qa.testcases.HardwarePageTest@490ab905]" name="setUp" is-config="true" duration-ms="0" started-at="2018-12-11T10:28:16Z" finished-at="2018-12-11T10:28:16Z">
          <reporter-output>
          </reporter-output>
        </test-method> <!-- setUp -->
        <test-method status="SKIP" signature="verifyContactUsPage()[pri:26, instance:com.torenzosite.qa.testcases.HardwarePageTest@490ab905]" name="verifyContactUsPage" duration-ms="0" started-at="2018-12-11T10:28:16Z" finished-at="2018-12-11T10:28:16Z">
          <exception class="org.openqa.selenium.WebDriverException">
            <message>
              <![CDATA[Timed out waiting 45 seconds for Firefox to start.
Build info: version: '3.14.0', revision: 'aacccce0', time: '2018-08-02T20:19:58.91Z'
System info: host: 'DESKTOP-A3DICO7', ip: '169.254.38.26', os.name: 'Windows 10', os.arch: 'amd64', os.version: '10.0', java.version: '1.8.0_131'
Driver info: driver.version: FirefoxDriver]]>
            </message>
            <full-stacktrace>
              <![CDATA[org.openqa.selenium.WebDriverException: Timed out waiting 45 seconds for Firefox to start.
Build info: version: '3.14.0', revision: 'aacccce0', time: '2018-08-02T20:19:58.91Z'
System info: host: 'DESKTOP-A3DICO7', ip: '169.254.38.26', os.name: 'Windows 10', os.arch: 'amd64', os.version: '10.0', java.version: '1.8.0_131'
Driver info: driver.version: FirefoxDriver
at org.openqa.selenium.firefox.XpiDriverService.waitUntilAvailable(XpiDriverService.java:133)
at org.openqa.selenium.firefox.XpiDriverService.start(XpiDriverService.java:118)
at org.openqa.selenium.remote.service.DriverCommandExecutor.execute(DriverCommandExecutor.java:79)
at org.openqa.selenium.remote.RemoteWebDriver.execute(RemoteWebDriver.java:548)
at org.openqa.selenium.remote.RemoteWebDriver.startSession(RemoteWebDriver.java:212)
at org.openqa.selenium.remote.RemoteWebDriver.<init>(RemoteWebDriver.java:130)
at org.openqa.selenium.firefox.FirefoxDriver.<init>(FirefoxDriver.java:125)
at org.openqa.selenium.firefox.FirefoxDriver.<init>(FirefoxDriver.java:103)
at com.torenzosite.qa.base.TestBase.initialization(TestBase.java:51)
at com.torenzosite.qa.testcases.HardwarePageTest.setUp(HardwarePageTest.java:37)
at sun.reflect.NativeMethodAccessorImpl.invoke0(Native Method)
at sun.reflect.NativeMethodAccessorImpl.invoke(Unknown Source)
at sun.reflect.DelegatingMethodAccessorImpl.invoke(Unknown Source)
at java.lang.reflect.Method.invoke(Unknown Source)
at org.testng.internal.MethodInvocationHelper.invokeMethod(MethodInvocationHelper.java:124)
at org.testng.internal.MethodInvocationHelper.invokeMethodConsideringTimeout(MethodInvocationHelper.java:59)
at org.testng.internal.Invoker.invokeConfigurationMethod(Invoker.java:455)
at org.testng.internal.Invoker.invokeConfigurations(Invoker.java:222)
at org.testng.internal.Invoker.invokeMethod(Invoker.java:520)
at org.testng.internal.Invoker.invokeTestMethod(Invoker.java:716)
at org.testng.internal.Invoker.invokeTestMethods(Invoker.java:988)
at org.testng.internal.TestMethodWorker.invokeTestMethods(TestMethodWorker.java:125)
at org.testng.internal.TestMethodWorker.run(TestMethodWorker.java:109)
at org.testng.TestRunner.privateRun(TestRunner.java:648)
at org.testng.TestRunner.run(TestRunner.java:505)
at org.testng.SuiteRunner.runTest(SuiteRunner.java:455)
at org.testng.SuiteRunner.runSequentially(SuiteRunner.java:450)
at org.testng.SuiteRunner.privateRun(SuiteRunner.java:415)
at org.testng.SuiteRunner.run(SuiteRunner.java:364)
at org.testng.SuiteRunnerWorker.runSuite(SuiteRunnerWorker.java:52)
at org.testng.SuiteRunnerWorker.run(SuiteRunnerWorker.java:84)
at org.testng.TestNG.runSuitesSequentially(TestNG.java:1208)
at org.testng.TestNG.runSuitesLocally(TestNG.java:1137)
at org.testng.TestNG.runSuites(TestNG.java:1049)
at org.testng.TestNG.run(TestNG.java:1017)
at org.testng.remote.AbstractRemoteTestNG.run(AbstractRemoteTestNG.java:114)
at org.testng.remote.RemoteTestNG.initAndRun(RemoteTestNG.java:251)
at org.testng.remote.RemoteTestNG.main(RemoteTestNG.java:77)
Caused by: org.openqa.selenium.net.UrlChecker$TimeoutException: Timed out waiting for [http://localhost:41011/hub/status] to be available after 45001 ms
at org.openqa.selenium.net.UrlChecker.waitUntilAvailable(UrlChecker.java:100)
at org.openqa.selenium.firefox.XpiDriverService.waitUntilAvailable(XpiDriverService.java:131)
... 37 more
Caused by: java.util.concurrent.TimeoutException
at java.util.concurrent.FutureTask.get(Unknown Source)
at com.google.common.util.concurrent.SimpleTimeLimiter.callWithTimeout(SimpleTimeLimiter.java:156)
at org.openqa.selenium.net.UrlChecker.waitUntilAvailable(UrlChecker.java:75)
... 38 more
]]>
            </full-stacktrace>
          </exception> <!-- org.openqa.selenium.WebDriverException -->
          <reporter-output>
            <line>
              <![CDATA[(About@Test Method)Test Method resides in com.torenzosite.qa.testcases.HardwarePageTest]]>
            </line>
            <line>
              <![CDATA[Test Status: Skipped]]>
            </line>
            <line>
              <![CDATA[About to begin executing following method : HardwarePageTest.verifyContactUsPage]]>
            </line>
            <line>
              <![CDATA[Completed executing following method : HardwarePageTest.verifyContactUsPage]]>
            </line>
            <line>
              <![CDATA[About to begin executing following method : PricingPageTest.setUp]]>
            </line>
          </reporter-output>
        </test-method> <!-- verifyContactUsPage -->
        <test-method status="SKIP" signature="tearDown()[pri:0, instance:com.torenzosite.qa.testcases.HardwarePageTest@490ab905]" name="tearDown" is-config="true" duration-ms="0" started-at="2018-12-11T10:28:16Z" finished-at="2018-12-11T10:28:16Z">
          <reporter-output>
          </reporter-output>
        </test-method> <!-- tearDown -->
      </class> <!-- com.torenzosite.qa.testcases.HardwarePageTest -->
      <class name="com.torenzosite.qa.testcases.FeaturePageTest">
        <test-method status="PASS" signature="setUp()[pri:0, instance:com.torenzosite.qa.testcases.FeaturePageTest@3f49dace]" name="setUp" is-config="true" duration-ms="18211" started-at="2018-12-11T10:20:47Z" finished-at="2018-12-11T10:21:05Z">
          <reporter-output>
            <line>
              <![CDATA[Completed executing following method : FeaturePageTest.setUp]]>
            </line>
          </reporter-output>
        </test-method> <!-- setUp -->
        <test-method status="PASS" signature="verifyHomePageTitle()[pri:12, instance:com.torenzosite.qa.testcases.FeaturePageTest@3f49dace]" name="verifyHomePageTitle" duration-ms="330" started-at="2018-12-11T10:21:05Z" finished-at="2018-12-11T10:21:05Z">
          <reporter-output>
            <line>
              <![CDATA[About to begin executing following method : FeaturePageTest.verifyHomePageTitle]]>
            </line>
            <line>
              <![CDATA[Completed executing following method : FeaturePageTest.verifyHomePageTitle]]>
            </line>
            <line>
              <![CDATA[About to begin executing following method : FeaturePageTest.tearDown]]>
            </line>
          </reporter-output>
        </test-method> <!-- verifyHomePageTitle -->
        <test-method status="PASS" signature="tearDown()[pri:0, instance:com.torenzosite.qa.testcases.FeaturePageTest@3f49dace]" name="tearDown" is-config="true" duration-ms="772" started-at="2018-12-11T10:21:08Z" finished-at="2018-12-11T10:21:09Z">
          <reporter-output>
            <line>
              <![CDATA[Completed executing following method : FeaturePageTest.tearDown]]>
            </line>
          </reporter-output>
        </test-method> <!-- tearDown -->
        <test-method status="PASS" signature="setUp()[pri:0, instance:com.torenzosite.qa.testcases.FeaturePageTest@3f49dace]" name="setUp" is-config="true" duration-ms="17126" started-at="2018-12-11T10:21:09Z" finished-at="2018-12-11T10:21:26Z">
          <reporter-output>
            <line>
              <![CDATA[Completed executing following method : FeaturePageTest.setUp]]>
            </line>
          </reporter-output>
        </test-method> <!-- setUp -->
        <test-method status="PASS" signature="verifyFeaturesPageTitle()[pri:13, instance:com.torenzosite.qa.testcases.FeaturePageTest@3f49dace]" name="verifyFeaturesPageTitle" duration-ms="9339" started-at="2018-12-11T10:21:26Z" finished-at="2018-12-11T10:21:35Z">
          <reporter-output>
            <line>
              <![CDATA[About to begin executing following method : FeaturePageTest.verifyFeaturesPageTitle]]>
            </line>
            <line>
              <![CDATA[Completed executing following method : FeaturePageTest.verifyFeaturesPageTitle]]>
            </line>
            <line>
              <![CDATA[About to begin executing following method : FeaturePageTest.tearDown]]>
            </line>
          </reporter-output>
        </test-method> <!-- verifyFeaturesPageTitle -->
        <test-method status="PASS" signature="tearDown()[pri:0, instance:com.torenzosite.qa.testcases.FeaturePageTest@3f49dace]" name="tearDown" is-config="true" duration-ms="529" started-at="2018-12-11T10:21:38Z" finished-at="2018-12-11T10:21:39Z">
          <reporter-output>
            <line>
              <![CDATA[Completed executing following method : FeaturePageTest.tearDown]]>
            </line>
          </reporter-output>
        </test-method> <!-- tearDown -->
        <test-method status="PASS" signature="setUp()[pri:0, instance:com.torenzosite.qa.testcases.FeaturePageTest@3f49dace]" name="setUp" is-config="true" duration-ms="49813" started-at="2018-12-11T10:21:39Z" finished-at="2018-12-11T10:22:29Z">
          <reporter-output>
            <line>
              <![CDATA[Completed executing following method : FeaturePageTest.setUp]]>
            </line>
          </reporter-output>
        </test-method> <!-- setUp -->
        <test-method status="FAIL" signature="verifyTryTorenzoForFree()[pri:14, instance:com.torenzosite.qa.testcases.FeaturePageTest@3f49dace]" name="verifyTryTorenzoForFree" duration-ms="16448" started-at="2018-12-11T10:22:29Z" finished-at="2018-12-11T10:22:45Z">
          <exception class="org.openqa.selenium.WebDriverException">
            <message>
              <![CDATA[Element <a class="btn btn-primary btn-lg" href="#" data-toggle="modal" data-target="#ID-NAME"></a> is not clickable at point (674.8333129882812, 27.133331298828125). Other element would receive the click: <div class="modal-dialog"></div>
Command duration or timeout: 0 milliseconds
Build info: version: '3.14.0', revision: 'aacccce0', time: '2018-08-02T20:19:58.91Z'
System info: host: 'DESKTOP-A3DICO7', ip: '169.254.38.26', os.name: 'Windows 10', os.arch: 'amd64', os.version: '10.0', java.version: '1.8.0_131'
Driver info: org.openqa.selenium.firefox.FirefoxDriver
Capabilities {acceptSslCerts: true, applicationCacheEnabled: true, browserName: firefox, cssSelectorsEnabled: true, databaseEnabled: true, handlesAlerts: true, javascriptEnabled: true, locationContextEnabled: true, nativeEvents: false, platform: WINDOWS, platformName: WINDOWS, rotatable: false, takesScreenshot: true, version: 47.0.2, webStorageEnabled: true}
Session ID: 73d68c4a-5ebc-48e3-9023-5bada13ef50a]]>
            </message>
            <full-stacktrace>
              <![CDATA[org.openqa.selenium.WebDriverException: Element <a class="btn btn-primary btn-lg" href="#" data-toggle="modal" data-target="#ID-NAME"></a> is not clickable at point (674.8333129882812, 27.133331298828125). Other element would receive the click: <div class="modal-dialog"></div>
Command duration or timeout: 0 milliseconds
Build info: version: '3.14.0', revision: 'aacccce0', time: '2018-08-02T20:19:58.91Z'
System info: host: 'DESKTOP-A3DICO7', ip: '169.254.38.26', os.name: 'Windows 10', os.arch: 'amd64', os.version: '10.0', java.version: '1.8.0_131'
Driver info: org.openqa.selenium.firefox.FirefoxDriver
Capabilities {acceptSslCerts: true, applicationCacheEnabled: true, browserName: firefox, cssSelectorsEnabled: true, databaseEnabled: true, handlesAlerts: true, javascriptEnabled: true, locationContextEnabled: true, nativeEvents: false, platform: WINDOWS, platformName: WINDOWS, rotatable: false, takesScreenshot: true, version: 47.0.2, webStorageEnabled: true}
Session ID: 73d68c4a-5ebc-48e3-9023-5bada13ef50a
at sun.reflect.NativeConstructorAccessorImpl.newInstance0(Native Method)
at sun.reflect.NativeConstructorAccessorImpl.newInstance(Unknown Source)
at sun.reflect.DelegatingConstructorAccessorImpl.newInstance(Unknown Source)
at java.lang.reflect.Constructor.newInstance(Unknown Source)
at org.openqa.selenium.remote.ErrorHandler.createThrowable(ErrorHandler.java:214)
at org.openqa.selenium.remote.ErrorHandler.throwIfResponseFailed(ErrorHandler.java:166)
at org.openqa.selenium.remote.http.JsonHttpResponseCodec.reconstructValue(JsonHttpResponseCodec.java:40)
at org.openqa.selenium.remote.http.AbstractHttpResponseCodec.decode(AbstractHttpResponseCodec.java:80)
at org.openqa.selenium.remote.http.AbstractHttpResponseCodec.decode(AbstractHttpResponseCodec.java:44)
at org.openqa.selenium.remote.HttpCommandExecutor.execute(HttpCommandExecutor.java:158)
at org.openqa.selenium.remote.service.DriverCommandExecutor.execute(DriverCommandExecutor.java:83)
at org.openqa.selenium.remote.RemoteWebDriver.execute(RemoteWebDriver.java:548)
at org.openqa.selenium.remote.RemoteWebElement.execute(RemoteWebElement.java:276)
at org.openqa.selenium.remote.RemoteWebElement.click(RemoteWebElement.java:83)
at com.torenzosite.qa.testcases.FeaturePageTest.verifyTryTorenzoForFree(FeaturePageTest.java:95)
at sun.reflect.NativeMethodAccessorImpl.invoke0(Native Method)
at sun.reflect.NativeMethodAccessorImpl.invoke(Unknown Source)
at sun.reflect.DelegatingMethodAccessorImpl.invoke(Unknown Source)
at java.lang.reflect.Method.invoke(Unknown Source)
at org.testng.internal.MethodInvocationHelper.invokeMethod(MethodInvocationHelper.java:124)
at org.testng.internal.Invoker.invokeMethod(Invoker.java:580)
at org.testng.internal.Invoker.invokeTestMethod(Invoker.java:716)
at org.testng.internal.Invoker.invokeTestMethods(Invoker.java:988)
at org.testng.internal.TestMethodWorker.invokeTestMethods(TestMethodWorker.java:125)
at org.testng.internal.TestMethodWorker.run(TestMethodWorker.java:109)
at org.testng.TestRunner.privateRun(TestRunner.java:648)
at org.testng.TestRunner.run(TestRunner.java:505)
at org.testng.SuiteRunner.runTest(SuiteRunner.java:455)
at org.testng.SuiteRunner.runSequentially(SuiteRunner.java:450)
at org.testng.SuiteRunner.privateRun(SuiteRunner.java:415)
at org.testng.SuiteRunner.run(SuiteRunner.java:364)
at org.testng.SuiteRunnerWorker.runSuite(SuiteRunnerWorker.java:52)
at org.testng.SuiteRunnerWorker.run(SuiteRunnerWorker.java:84)
at org.testng.TestNG.runSuitesSequentially(TestNG.java:1208)
at org.testng.TestNG.runSuitesLocally(TestNG.java:1137)
at org.testng.TestNG.runSuites(TestNG.java:1049)
at org.testng.TestNG.run(TestNG.java:1017)
at org.testng.remote.AbstractRemoteTestNG.run(AbstractRemoteTestNG.java:114)
at org.testng.remote.RemoteTestNG.initAndRun(RemoteTestNG.java:251)
at org.testng.remote.RemoteTestNG.main(RemoteTestNG.java:77)
]]>
            </full-stacktrace>
          </exception> <!-- org.openqa.selenium.WebDriverException -->
          <reporter-output>
            <line>
              <![CDATA[About to begin executing following method : FeaturePageTest.verifyTryTorenzoForFree]]>
            </line>
            <line>
              <![CDATA[Completed executing following method : FeaturePageTest.verifyTryTorenzoForFree]]>
            </line>
            <line>
              <![CDATA[About to begin executing following method : FeaturePageTest.tearDown]]>
            </line>
          </reporter-output>
        </test-method> <!-- verifyTryTorenzoForFree -->
        <test-method status="PASS" signature="tearDown()[pri:0, instance:com.torenzosite.qa.testcases.FeaturePageTest@3f49dace]" name="tearDown" is-config="true" duration-ms="1558" started-at="2018-12-11T10:22:54Z" finished-at="2018-12-11T10:22:56Z">
          <reporter-output>
            <line>
              <![CDATA[Completed executing following method : FeaturePageTest.tearDown]]>
            </line>
          </reporter-output>
        </test-method> <!-- tearDown -->
        <test-method status="PASS" signature="setUp()[pri:0, instance:com.torenzosite.qa.testcases.FeaturePageTest@3f49dace]" name="setUp" is-config="true" duration-ms="90225" started-at="2018-12-11T10:22:56Z" finished-at="2018-12-11T10:24:26Z">
          <reporter-output>
            <line>
              <![CDATA[Completed executing following method : FeaturePageTest.setUp]]>
            </line>
          </reporter-output>
        </test-method> <!-- setUp -->
        <test-method status="PASS" signature="closeToForm()[pri:15, instance:com.torenzosite.qa.testcases.FeaturePageTest@3f49dace]" name="closeToForm" duration-ms="11425" started-at="2018-12-11T10:24:26Z" finished-at="2018-12-11T10:24:37Z">
          <reporter-output>
            <line>
              <![CDATA[About to begin executing following method : FeaturePageTest.closeToForm]]>
            </line>
            <line>
              <![CDATA[Completed executing following method : FeaturePageTest.closeToForm]]>
            </line>
            <line>
              <![CDATA[About to begin executing following method : FeaturePageTest.tearDown]]>
            </line>
          </reporter-output>
        </test-method> <!-- closeToForm -->
        <test-method status="PASS" signature="tearDown()[pri:0, instance:com.torenzosite.qa.testcases.FeaturePageTest@3f49dace]" name="tearDown" is-config="true" duration-ms="10063" started-at="2018-12-11T10:24:46Z" finished-at="2018-12-11T10:24:56Z">
          <reporter-output>
            <line>
              <![CDATA[Completed executing following method : FeaturePageTest.tearDown]]>
            </line>
          </reporter-output>
        </test-method> <!-- tearDown -->
        <test-method status="FAIL" signature="setUp()[pri:0, instance:com.torenzosite.qa.testcases.FeaturePageTest@3f49dace]" name="setUp" is-config="true" duration-ms="60913" started-at="2018-12-11T10:24:57Z" finished-at="2018-12-11T10:25:58Z">
          <exception class="org.openqa.selenium.WebDriverException">
            <message>
              <![CDATA[Timed out waiting 45 seconds for Firefox to start.
Build info: version: '3.14.0', revision: 'aacccce0', time: '2018-08-02T20:19:58.91Z'
System info: host: 'DESKTOP-A3DICO7', ip: '169.254.38.26', os.name: 'Windows 10', os.arch: 'amd64', os.version: '10.0', java.version: '1.8.0_131'
Driver info: driver.version: FirefoxDriver]]>
            </message>
            <full-stacktrace>
              <![CDATA[org.openqa.selenium.WebDriverException: Timed out waiting 45 seconds for Firefox to start.
Build info: version: '3.14.0', revision: 'aacccce0', time: '2018-08-02T20:19:58.91Z'
System info: host: 'DESKTOP-A3DICO7', ip: '169.254.38.26', os.name: 'Windows 10', os.arch: 'amd64', os.version: '10.0', java.version: '1.8.0_131'
Driver info: driver.version: FirefoxDriver
at org.openqa.selenium.firefox.XpiDriverService.waitUntilAvailable(XpiDriverService.java:133)
at org.openqa.selenium.firefox.XpiDriverService.start(XpiDriverService.java:118)
at org.openqa.selenium.remote.service.DriverCommandExecutor.execute(DriverCommandExecutor.java:79)
at org.openqa.selenium.remote.RemoteWebDriver.execute(RemoteWebDriver.java:548)
at org.openqa.selenium.remote.RemoteWebDriver.startSession(RemoteWebDriver.java:212)
at org.openqa.selenium.remote.RemoteWebDriver.<init>(RemoteWebDriver.java:130)
at org.openqa.selenium.firefox.FirefoxDriver.<init>(FirefoxDriver.java:125)
at org.openqa.selenium.firefox.FirefoxDriver.<init>(FirefoxDriver.java:103)
at com.torenzosite.qa.base.TestBase.initialization(TestBase.java:51)
at com.torenzosite.qa.testcases.FeaturePageTest.setUp(FeaturePageTest.java:45)
at sun.reflect.NativeMethodAccessorImpl.invoke0(Native Method)
at sun.reflect.NativeMethodAccessorImpl.invoke(Unknown Source)
at sun.reflect.DelegatingMethodAccessorImpl.invoke(Unknown Source)
at java.lang.reflect.Method.invoke(Unknown Source)
at org.testng.internal.MethodInvocationHelper.invokeMethod(MethodInvocationHelper.java:124)
at org.testng.internal.MethodInvocationHelper.invokeMethodConsideringTimeout(MethodInvocationHelper.java:59)
at org.testng.internal.Invoker.invokeConfigurationMethod(Invoker.java:455)
at org.testng.internal.Invoker.invokeConfigurations(Invoker.java:222)
at org.testng.internal.Invoker.invokeMethod(Invoker.java:520)
at org.testng.internal.Invoker.invokeTestMethod(Invoker.java:716)
at org.testng.internal.Invoker.invokeTestMethods(Invoker.java:988)
at org.testng.internal.TestMethodWorker.invokeTestMethods(TestMethodWorker.java:125)
at org.testng.internal.TestMethodWorker.run(TestMethodWorker.java:109)
at org.testng.TestRunner.privateRun(TestRunner.java:648)
at org.testng.TestRunner.run(TestRunner.java:505)
at org.testng.SuiteRunner.runTest(SuiteRunner.java:455)
at org.testng.SuiteRunner.runSequentially(SuiteRunner.java:450)
at org.testng.SuiteRunner.privateRun(SuiteRunner.java:415)
at org.testng.SuiteRunner.run(SuiteRunner.java:364)
at org.testng.SuiteRunnerWorker.runSuite(SuiteRunnerWorker.java:52)
at org.testng.SuiteRunnerWorker.run(SuiteRunnerWorker.java:84)
at org.testng.TestNG.runSuitesSequentially(TestNG.java:1208)
at org.testng.TestNG.runSuitesLocally(TestNG.java:1137)
at org.testng.TestNG.runSuites(TestNG.java:1049)
at org.testng.TestNG.run(TestNG.java:1017)
at org.testng.remote.AbstractRemoteTestNG.run(AbstractRemoteTestNG.java:114)
at org.testng.remote.RemoteTestNG.initAndRun(RemoteTestNG.java:251)
at org.testng.remote.RemoteTestNG.main(RemoteTestNG.java:77)
Caused by: org.openqa.selenium.net.UrlChecker$TimeoutException: Timed out waiting for [http://localhost:41309/hub/status] to be available after 45815 ms
at org.openqa.selenium.net.UrlChecker.waitUntilAvailable(UrlChecker.java:100)
at org.openqa.selenium.firefox.XpiDriverService.waitUntilAvailable(XpiDriverService.java:131)
... 37 more
Caused by: java.util.concurrent.TimeoutException
at java.util.concurrent.FutureTask.get(Unknown Source)
at com.google.common.util.concurrent.SimpleTimeLimiter.callWithTimeout(SimpleTimeLimiter.java:156)
at org.openqa.selenium.net.UrlChecker.waitUntilAvailable(UrlChecker.java:75)
... 38 more
]]>
            </full-stacktrace>
          </exception> <!-- org.openqa.selenium.WebDriverException -->
          <reporter-output>
            <line>
              <![CDATA[Completed executing following method : FeaturePageTest.setUp]]>
            </line>
          </reporter-output>
        </test-method> <!-- setUp -->
        <test-method status="SKIP" signature="fillFormFromFeaturePage()[pri:16, instance:com.torenzosite.qa.testcases.FeaturePageTest@3f49dace]" name="fillFormFromFeaturePage" duration-ms="0" started-at="2018-12-11T10:26:06Z" finished-at="2018-12-11T10:26:06Z">
          <exception class="org.openqa.selenium.WebDriverException">
            <message>
              <![CDATA[Timed out waiting 45 seconds for Firefox to start.
Build info: version: '3.14.0', revision: 'aacccce0', time: '2018-08-02T20:19:58.91Z'
System info: host: 'DESKTOP-A3DICO7', ip: '169.254.38.26', os.name: 'Windows 10', os.arch: 'amd64', os.version: '10.0', java.version: '1.8.0_131'
Driver info: driver.version: FirefoxDriver]]>
            </message>
            <full-stacktrace>
              <![CDATA[org.openqa.selenium.WebDriverException: Timed out waiting 45 seconds for Firefox to start.
Build info: version: '3.14.0', revision: 'aacccce0', time: '2018-08-02T20:19:58.91Z'
System info: host: 'DESKTOP-A3DICO7', ip: '169.254.38.26', os.name: 'Windows 10', os.arch: 'amd64', os.version: '10.0', java.version: '1.8.0_131'
Driver info: driver.version: FirefoxDriver
at org.openqa.selenium.firefox.XpiDriverService.waitUntilAvailable(XpiDriverService.java:133)
at org.openqa.selenium.firefox.XpiDriverService.start(XpiDriverService.java:118)
at org.openqa.selenium.remote.service.DriverCommandExecutor.execute(DriverCommandExecutor.java:79)
at org.openqa.selenium.remote.RemoteWebDriver.execute(RemoteWebDriver.java:548)
at org.openqa.selenium.remote.RemoteWebDriver.startSession(RemoteWebDriver.java:212)
at org.openqa.selenium.remote.RemoteWebDriver.<init>(RemoteWebDriver.java:130)
at org.openqa.selenium.firefox.FirefoxDriver.<init>(FirefoxDriver.java:125)
at org.openqa.selenium.firefox.FirefoxDriver.<init>(FirefoxDriver.java:103)
at com.torenzosite.qa.base.TestBase.initialization(TestBase.java:51)
at com.torenzosite.qa.testcases.FeaturePageTest.setUp(FeaturePageTest.java:45)
at sun.reflect.NativeMethodAccessorImpl.invoke0(Native Method)
at sun.reflect.NativeMethodAccessorImpl.invoke(Unknown Source)
at sun.reflect.DelegatingMethodAccessorImpl.invoke(Unknown Source)
at java.lang.reflect.Method.invoke(Unknown Source)
at org.testng.internal.MethodInvocationHelper.invokeMethod(MethodInvocationHelper.java:124)
at org.testng.internal.MethodInvocationHelper.invokeMethodConsideringTimeout(MethodInvocationHelper.java:59)
at org.testng.internal.Invoker.invokeConfigurationMethod(Invoker.java:455)
at org.testng.internal.Invoker.invokeConfigurations(Invoker.java:222)
at org.testng.internal.Invoker.invokeMethod(Invoker.java:520)
at org.testng.internal.Invoker.invokeTestMethod(Invoker.java:716)
at org.testng.internal.Invoker.invokeTestMethods(Invoker.java:988)
at org.testng.internal.TestMethodWorker.invokeTestMethods(TestMethodWorker.java:125)
at org.testng.internal.TestMethodWorker.run(TestMethodWorker.java:109)
at org.testng.TestRunner.privateRun(TestRunner.java:648)
at org.testng.TestRunner.run(TestRunner.java:505)
at org.testng.SuiteRunner.runTest(SuiteRunner.java:455)
at org.testng.SuiteRunner.runSequentially(SuiteRunner.java:450)
at org.testng.SuiteRunner.privateRun(SuiteRunner.java:415)
at org.testng.SuiteRunner.run(SuiteRunner.java:364)
at org.testng.SuiteRunnerWorker.runSuite(SuiteRunnerWorker.java:52)
at org.testng.SuiteRunnerWorker.run(SuiteRunnerWorker.java:84)
at org.testng.TestNG.runSuitesSequentially(TestNG.java:1208)
at org.testng.TestNG.runSuitesLocally(TestNG.java:1137)
at org.testng.TestNG.runSuites(TestNG.java:1049)
at org.testng.TestNG.run(TestNG.java:1017)
at org.testng.remote.AbstractRemoteTestNG.run(AbstractRemoteTestNG.java:114)
at org.testng.remote.RemoteTestNG.initAndRun(RemoteTestNG.java:251)
at org.testng.remote.RemoteTestNG.main(RemoteTestNG.java:77)
Caused by: org.openqa.selenium.net.UrlChecker$TimeoutException: Timed out waiting for [http://localhost:41309/hub/status] to be available after 45815 ms
at org.openqa.selenium.net.UrlChecker.waitUntilAvailable(UrlChecker.java:100)
at org.openqa.selenium.firefox.XpiDriverService.waitUntilAvailable(XpiDriverService.java:131)
... 37 more
Caused by: java.util.concurrent.TimeoutException
at java.util.concurrent.FutureTask.get(Unknown Source)
at com.google.common.util.concurrent.SimpleTimeLimiter.callWithTimeout(SimpleTimeLimiter.java:156)
at org.openqa.selenium.net.UrlChecker.waitUntilAvailable(UrlChecker.java:75)
... 38 more
]]>
            </full-stacktrace>
          </exception> <!-- org.openqa.selenium.WebDriverException -->
          <reporter-output>
            <line>
              <![CDATA[(About@Test Method)Test Method resides in com.torenzosite.qa.testcases.FeaturePageTest]]>
            </line>
            <line>
              <![CDATA[Test Status: Skipped]]>
            </line>
            <line>
              <![CDATA[About to begin executing following method : FeaturePageTest.fillFormFromFeaturePage]]>
            </line>
            <line>
              <![CDATA[Completed executing following method : FeaturePageTest.fillFormFromFeaturePage]]>
            </line>
          </reporter-output>
        </test-method> <!-- fillFormFromFeaturePage -->
        <test-method status="SKIP" signature="tearDown()[pri:0, instance:com.torenzosite.qa.testcases.FeaturePageTest@3f49dace]" name="tearDown" is-config="true" duration-ms="0" started-at="2018-12-11T10:26:08Z" finished-at="2018-12-11T10:26:08Z">
          <reporter-output>
          </reporter-output>
        </test-method> <!-- tearDown -->
        <test-method status="SKIP" signature="setUp()[pri:0, instance:com.torenzosite.qa.testcases.FeaturePageTest@3f49dace]" name="setUp" is-config="true" duration-ms="0" started-at="2018-12-11T10:26:08Z" finished-at="2018-12-11T10:26:08Z">
          <reporter-output>
          </reporter-output>
        </test-method> <!-- setUp -->
        <test-method status="SKIP" signature="fillFormWithEmptyData()[pri:17, instance:com.torenzosite.qa.testcases.FeaturePageTest@3f49dace]" name="fillFormWithEmptyData" duration-ms="0" started-at="2018-12-11T10:26:08Z" finished-at="2018-12-11T10:26:08Z">
          <exception class="org.openqa.selenium.WebDriverException">
            <message>
              <![CDATA[Timed out waiting 45 seconds for Firefox to start.
Build info: version: '3.14.0', revision: 'aacccce0', time: '2018-08-02T20:19:58.91Z'
System info: host: 'DESKTOP-A3DICO7', ip: '169.254.38.26', os.name: 'Windows 10', os.arch: 'amd64', os.version: '10.0', java.version: '1.8.0_131'
Driver info: driver.version: FirefoxDriver]]>
            </message>
            <full-stacktrace>
              <![CDATA[org.openqa.selenium.WebDriverException: Timed out waiting 45 seconds for Firefox to start.
Build info: version: '3.14.0', revision: 'aacccce0', time: '2018-08-02T20:19:58.91Z'
System info: host: 'DESKTOP-A3DICO7', ip: '169.254.38.26', os.name: 'Windows 10', os.arch: 'amd64', os.version: '10.0', java.version: '1.8.0_131'
Driver info: driver.version: FirefoxDriver
at org.openqa.selenium.firefox.XpiDriverService.waitUntilAvailable(XpiDriverService.java:133)
at org.openqa.selenium.firefox.XpiDriverService.start(XpiDriverService.java:118)
at org.openqa.selenium.remote.service.DriverCommandExecutor.execute(DriverCommandExecutor.java:79)
at org.openqa.selenium.remote.RemoteWebDriver.execute(RemoteWebDriver.java:548)
at org.openqa.selenium.remote.RemoteWebDriver.startSession(RemoteWebDriver.java:212)
at org.openqa.selenium.remote.RemoteWebDriver.<init>(RemoteWebDriver.java:130)
at org.openqa.selenium.firefox.FirefoxDriver.<init>(FirefoxDriver.java:125)
at org.openqa.selenium.firefox.FirefoxDriver.<init>(FirefoxDriver.java:103)
at com.torenzosite.qa.base.TestBase.initialization(TestBase.java:51)
at com.torenzosite.qa.testcases.FeaturePageTest.setUp(FeaturePageTest.java:45)
at sun.reflect.NativeMethodAccessorImpl.invoke0(Native Method)
at sun.reflect.NativeMethodAccessorImpl.invoke(Unknown Source)
at sun.reflect.DelegatingMethodAccessorImpl.invoke(Unknown Source)
at java.lang.reflect.Method.invoke(Unknown Source)
at org.testng.internal.MethodInvocationHelper.invokeMethod(MethodInvocationHelper.java:124)
at org.testng.internal.MethodInvocationHelper.invokeMethodConsideringTimeout(MethodInvocationHelper.java:59)
at org.testng.internal.Invoker.invokeConfigurationMethod(Invoker.java:455)
at org.testng.internal.Invoker.invokeConfigurations(Invoker.java:222)
at org.testng.internal.Invoker.invokeMethod(Invoker.java:520)
at org.testng.internal.Invoker.invokeTestMethod(Invoker.java:716)
at org.testng.internal.Invoker.invokeTestMethods(Invoker.java:988)
at org.testng.internal.TestMethodWorker.invokeTestMethods(TestMethodWorker.java:125)
at org.testng.internal.TestMethodWorker.run(TestMethodWorker.java:109)
at org.testng.TestRunner.privateRun(TestRunner.java:648)
at org.testng.TestRunner.run(TestRunner.java:505)
at org.testng.SuiteRunner.runTest(SuiteRunner.java:455)
at org.testng.SuiteRunner.runSequentially(SuiteRunner.java:450)
at org.testng.SuiteRunner.privateRun(SuiteRunner.java:415)
at org.testng.SuiteRunner.run(SuiteRunner.java:364)
at org.testng.SuiteRunnerWorker.runSuite(SuiteRunnerWorker.java:52)
at org.testng.SuiteRunnerWorker.run(SuiteRunnerWorker.java:84)
at org.testng.TestNG.runSuitesSequentially(TestNG.java:1208)
at org.testng.TestNG.runSuitesLocally(TestNG.java:1137)
at org.testng.TestNG.runSuites(TestNG.java:1049)
at org.testng.TestNG.run(TestNG.java:1017)
at org.testng.remote.AbstractRemoteTestNG.run(AbstractRemoteTestNG.java:114)
at org.testng.remote.RemoteTestNG.initAndRun(RemoteTestNG.java:251)
at org.testng.remote.RemoteTestNG.main(RemoteTestNG.java:77)
Caused by: org.openqa.selenium.net.UrlChecker$TimeoutException: Timed out waiting for [http://localhost:41309/hub/status] to be available after 45815 ms
at org.openqa.selenium.net.UrlChecker.waitUntilAvailable(UrlChecker.java:100)
at org.openqa.selenium.firefox.XpiDriverService.waitUntilAvailable(XpiDriverService.java:131)
... 37 more
Caused by: java.util.concurrent.TimeoutException
at java.util.concurrent.FutureTask.get(Unknown Source)
at com.google.common.util.concurrent.SimpleTimeLimiter.callWithTimeout(SimpleTimeLimiter.java:156)
at org.openqa.selenium.net.UrlChecker.waitUntilAvailable(UrlChecker.java:75)
... 38 more
]]>
            </full-stacktrace>
          </exception> <!-- org.openqa.selenium.WebDriverException -->
          <reporter-output>
            <line>
              <![CDATA[(About@Test Method)Test Method resides in com.torenzosite.qa.testcases.FeaturePageTest]]>
            </line>
            <line>
              <![CDATA[Test Status: Skipped]]>
            </line>
            <line>
              <![CDATA[About to begin executing following method : FeaturePageTest.fillFormWithEmptyData]]>
            </line>
            <line>
              <![CDATA[Completed executing following method : FeaturePageTest.fillFormWithEmptyData]]>
            </line>
          </reporter-output>
        </test-method> <!-- fillFormWithEmptyData -->
        <test-method status="SKIP" signature="tearDown()[pri:0, instance:com.torenzosite.qa.testcases.FeaturePageTest@3f49dace]" name="tearDown" is-config="true" duration-ms="0" started-at="2018-12-11T10:26:09Z" finished-at="2018-12-11T10:26:09Z">
          <reporter-output>
          </reporter-output>
        </test-method> <!-- tearDown -->
        <test-method status="SKIP" signature="setUp()[pri:0, instance:com.torenzosite.qa.testcases.FeaturePageTest@3f49dace]" name="setUp" is-config="true" duration-ms="0" started-at="2018-12-11T10:26:09Z" finished-at="2018-12-11T10:26:09Z">
          <reporter-output>
          </reporter-output>
        </test-method> <!-- setUp -->
        <test-method status="SKIP" signature="fillFormWithEmptyPhoneNumber()[pri:18, instance:com.torenzosite.qa.testcases.FeaturePageTest@3f49dace]" name="fillFormWithEmptyPhoneNumber" duration-ms="0" started-at="2018-12-11T10:26:09Z" finished-at="2018-12-11T10:26:09Z">
          <exception class="org.openqa.selenium.WebDriverException">
            <message>
              <![CDATA[Timed out waiting 45 seconds for Firefox to start.
Build info: version: '3.14.0', revision: 'aacccce0', time: '2018-08-02T20:19:58.91Z'
System info: host: 'DESKTOP-A3DICO7', ip: '169.254.38.26', os.name: 'Windows 10', os.arch: 'amd64', os.version: '10.0', java.version: '1.8.0_131'
Driver info: driver.version: FirefoxDriver]]>
            </message>
            <full-stacktrace>
              <![CDATA[org.openqa.selenium.WebDriverException: Timed out waiting 45 seconds for Firefox to start.
Build info: version: '3.14.0', revision: 'aacccce0', time: '2018-08-02T20:19:58.91Z'
System info: host: 'DESKTOP-A3DICO7', ip: '169.254.38.26', os.name: 'Windows 10', os.arch: 'amd64', os.version: '10.0', java.version: '1.8.0_131'
Driver info: driver.version: FirefoxDriver
at org.openqa.selenium.firefox.XpiDriverService.waitUntilAvailable(XpiDriverService.java:133)
at org.openqa.selenium.firefox.XpiDriverService.start(XpiDriverService.java:118)
at org.openqa.selenium.remote.service.DriverCommandExecutor.execute(DriverCommandExecutor.java:79)
at org.openqa.selenium.remote.RemoteWebDriver.execute(RemoteWebDriver.java:548)
at org.openqa.selenium.remote.RemoteWebDriver.startSession(RemoteWebDriver.java:212)
at org.openqa.selenium.remote.RemoteWebDriver.<init>(RemoteWebDriver.java:130)
at org.openqa.selenium.firefox.FirefoxDriver.<init>(FirefoxDriver.java:125)
at org.openqa.selenium.firefox.FirefoxDriver.<init>(FirefoxDriver.java:103)
at com.torenzosite.qa.base.TestBase.initialization(TestBase.java:51)
at com.torenzosite.qa.testcases.FeaturePageTest.setUp(FeaturePageTest.java:45)
at sun.reflect.NativeMethodAccessorImpl.invoke0(Native Method)
at sun.reflect.NativeMethodAccessorImpl.invoke(Unknown Source)
at sun.reflect.DelegatingMethodAccessorImpl.invoke(Unknown Source)
at java.lang.reflect.Method.invoke(Unknown Source)
at org.testng.internal.MethodInvocationHelper.invokeMethod(MethodInvocationHelper.java:124)
at org.testng.internal.MethodInvocationHelper.invokeMethodConsideringTimeout(MethodInvocationHelper.java:59)
at org.testng.internal.Invoker.invokeConfigurationMethod(Invoker.java:455)
at org.testng.internal.Invoker.invokeConfigurations(Invoker.java:222)
at org.testng.internal.Invoker.invokeMethod(Invoker.java:520)
at org.testng.internal.Invoker.invokeTestMethod(Invoker.java:716)
at org.testng.internal.Invoker.invokeTestMethods(Invoker.java:988)
at org.testng.internal.TestMethodWorker.invokeTestMethods(TestMethodWorker.java:125)
at org.testng.internal.TestMethodWorker.run(TestMethodWorker.java:109)
at org.testng.TestRunner.privateRun(TestRunner.java:648)
at org.testng.TestRunner.run(TestRunner.java:505)
at org.testng.SuiteRunner.runTest(SuiteRunner.java:455)
at org.testng.SuiteRunner.runSequentially(SuiteRunner.java:450)
at org.testng.SuiteRunner.privateRun(SuiteRunner.java:415)
at org.testng.SuiteRunner.run(SuiteRunner.java:364)
at org.testng.SuiteRunnerWorker.runSuite(SuiteRunnerWorker.java:52)
at org.testng.SuiteRunnerWorker.run(SuiteRunnerWorker.java:84)
at org.testng.TestNG.runSuitesSequentially(TestNG.java:1208)
at org.testng.TestNG.runSuitesLocally(TestNG.java:1137)
at org.testng.TestNG.runSuites(TestNG.java:1049)
at org.testng.TestNG.run(TestNG.java:1017)
at org.testng.remote.AbstractRemoteTestNG.run(AbstractRemoteTestNG.java:114)
at org.testng.remote.RemoteTestNG.initAndRun(RemoteTestNG.java:251)
at org.testng.remote.RemoteTestNG.main(RemoteTestNG.java:77)
Caused by: org.openqa.selenium.net.UrlChecker$TimeoutException: Timed out waiting for [http://localhost:41309/hub/status] to be available after 45815 ms
at org.openqa.selenium.net.UrlChecker.waitUntilAvailable(UrlChecker.java:100)
at org.openqa.selenium.firefox.XpiDriverService.waitUntilAvailable(XpiDriverService.java:131)
... 37 more
Caused by: java.util.concurrent.TimeoutException
at java.util.concurrent.FutureTask.get(Unknown Source)
at com.google.common.util.concurrent.SimpleTimeLimiter.callWithTimeout(SimpleTimeLimiter.java:156)
at org.openqa.selenium.net.UrlChecker.waitUntilAvailable(UrlChecker.java:75)
... 38 more
]]>
            </full-stacktrace>
          </exception> <!-- org.openqa.selenium.WebDriverException -->
          <reporter-output>
            <line>
              <![CDATA[(About@Test Method)Test Method resides in com.torenzosite.qa.testcases.FeaturePageTest]]>
            </line>
            <line>
              <![CDATA[Test Status: Skipped]]>
            </line>
            <line>
              <![CDATA[About to begin executing following method : FeaturePageTest.fillFormWithEmptyPhoneNumber]]>
            </line>
            <line>
              <![CDATA[Completed executing following method : FeaturePageTest.fillFormWithEmptyPhoneNumber]]>
            </line>
          </reporter-output>
        </test-method> <!-- fillFormWithEmptyPhoneNumber -->
        <test-method status="SKIP" signature="tearDown()[pri:0, instance:com.torenzosite.qa.testcases.FeaturePageTest@3f49dace]" name="tearDown" is-config="true" duration-ms="0" started-at="2018-12-11T10:26:09Z" finished-at="2018-12-11T10:26:09Z">
          <reporter-output>
          </reporter-output>
        </test-method> <!-- tearDown -->
        <test-method status="SKIP" signature="setUp()[pri:0, instance:com.torenzosite.qa.testcases.FeaturePageTest@3f49dace]" name="setUp" is-config="true" duration-ms="0" started-at="2018-12-11T10:26:09Z" finished-at="2018-12-11T10:26:09Z">
          <reporter-output>
          </reporter-output>
        </test-method> <!-- setUp -->
        <test-method status="SKIP" signature="fillFormWithEmptyEmaildId()[pri:19, instance:com.torenzosite.qa.testcases.FeaturePageTest@3f49dace]" name="fillFormWithEmptyEmaildId" duration-ms="0" started-at="2018-12-11T10:26:09Z" finished-at="2018-12-11T10:26:09Z">
          <exception class="org.openqa.selenium.WebDriverException">
            <message>
              <![CDATA[Timed out waiting 45 seconds for Firefox to start.
Build info: version: '3.14.0', revision: 'aacccce0', time: '2018-08-02T20:19:58.91Z'
System info: host: 'DESKTOP-A3DICO7', ip: '169.254.38.26', os.name: 'Windows 10', os.arch: 'amd64', os.version: '10.0', java.version: '1.8.0_131'
Driver info: driver.version: FirefoxDriver]]>
            </message>
            <full-stacktrace>
              <![CDATA[org.openqa.selenium.WebDriverException: Timed out waiting 45 seconds for Firefox to start.
Build info: version: '3.14.0', revision: 'aacccce0', time: '2018-08-02T20:19:58.91Z'
System info: host: 'DESKTOP-A3DICO7', ip: '169.254.38.26', os.name: 'Windows 10', os.arch: 'amd64', os.version: '10.0', java.version: '1.8.0_131'
Driver info: driver.version: FirefoxDriver
at org.openqa.selenium.firefox.XpiDriverService.waitUntilAvailable(XpiDriverService.java:133)
at org.openqa.selenium.firefox.XpiDriverService.start(XpiDriverService.java:118)
at org.openqa.selenium.remote.service.DriverCommandExecutor.execute(DriverCommandExecutor.java:79)
at org.openqa.selenium.remote.RemoteWebDriver.execute(RemoteWebDriver.java:548)
at org.openqa.selenium.remote.RemoteWebDriver.startSession(RemoteWebDriver.java:212)
at org.openqa.selenium.remote.RemoteWebDriver.<init>(RemoteWebDriver.java:130)
at org.openqa.selenium.firefox.FirefoxDriver.<init>(FirefoxDriver.java:125)
at org.openqa.selenium.firefox.FirefoxDriver.<init>(FirefoxDriver.java:103)
at com.torenzosite.qa.base.TestBase.initialization(TestBase.java:51)
at com.torenzosite.qa.testcases.FeaturePageTest.setUp(FeaturePageTest.java:45)
at sun.reflect.NativeMethodAccessorImpl.invoke0(Native Method)
at sun.reflect.NativeMethodAccessorImpl.invoke(Unknown Source)
at sun.reflect.DelegatingMethodAccessorImpl.invoke(Unknown Source)
at java.lang.reflect.Method.invoke(Unknown Source)
at org.testng.internal.MethodInvocationHelper.invokeMethod(MethodInvocationHelper.java:124)
at org.testng.internal.MethodInvocationHelper.invokeMethodConsideringTimeout(MethodInvocationHelper.java:59)
at org.testng.internal.Invoker.invokeConfigurationMethod(Invoker.java:455)
at org.testng.internal.Invoker.invokeConfigurations(Invoker.java:222)
at org.testng.internal.Invoker.invokeMethod(Invoker.java:520)
at org.testng.internal.Invoker.invokeTestMethod(Invoker.java:716)
at org.testng.internal.Invoker.invokeTestMethods(Invoker.java:988)
at org.testng.internal.TestMethodWorker.invokeTestMethods(TestMethodWorker.java:125)
at org.testng.internal.TestMethodWorker.run(TestMethodWorker.java:109)
at org.testng.TestRunner.privateRun(TestRunner.java:648)
at org.testng.TestRunner.run(TestRunner.java:505)
at org.testng.SuiteRunner.runTest(SuiteRunner.java:455)
at org.testng.SuiteRunner.runSequentially(SuiteRunner.java:450)
at org.testng.SuiteRunner.privateRun(SuiteRunner.java:415)
at org.testng.SuiteRunner.run(SuiteRunner.java:364)
at org.testng.SuiteRunnerWorker.runSuite(SuiteRunnerWorker.java:52)
at org.testng.SuiteRunnerWorker.run(SuiteRunnerWorker.java:84)
at org.testng.TestNG.runSuitesSequentially(TestNG.java:1208)
at org.testng.TestNG.runSuitesLocally(TestNG.java:1137)
at org.testng.TestNG.runSuites(TestNG.java:1049)
at org.testng.TestNG.run(TestNG.java:1017)
at org.testng.remote.AbstractRemoteTestNG.run(AbstractRemoteTestNG.java:114)
at org.testng.remote.RemoteTestNG.initAndRun(RemoteTestNG.java:251)
at org.testng.remote.RemoteTestNG.main(RemoteTestNG.java:77)
Caused by: org.openqa.selenium.net.UrlChecker$TimeoutException: Timed out waiting for [http://localhost:41309/hub/status] to be available after 45815 ms
at org.openqa.selenium.net.UrlChecker.waitUntilAvailable(UrlChecker.java:100)
at org.openqa.selenium.firefox.XpiDriverService.waitUntilAvailable(XpiDriverService.java:131)
... 37 more
Caused by: java.util.concurrent.TimeoutException
at java.util.concurrent.FutureTask.get(Unknown Source)
at com.google.common.util.concurrent.SimpleTimeLimiter.callWithTimeout(SimpleTimeLimiter.java:156)
at org.openqa.selenium.net.UrlChecker.waitUntilAvailable(UrlChecker.java:75)
... 38 more
]]>
            </full-stacktrace>
          </exception> <!-- org.openqa.selenium.WebDriverException -->
          <reporter-output>
            <line>
              <![CDATA[(About@Test Method)Test Method resides in com.torenzosite.qa.testcases.FeaturePageTest]]>
            </line>
            <line>
              <![CDATA[Test Status: Skipped]]>
            </line>
            <line>
              <![CDATA[About to begin executing following method : FeaturePageTest.fillFormWithEmptyEmaildId]]>
            </line>
            <line>
              <![CDATA[Completed executing following method : FeaturePageTest.fillFormWithEmptyEmaildId]]>
            </line>
          </reporter-output>
        </test-method> <!-- fillFormWithEmptyEmaildId -->
        <test-method status="SKIP" signature="tearDown()[pri:0, instance:com.torenzosite.qa.testcases.FeaturePageTest@3f49dace]" name="tearDown" is-config="true" duration-ms="0" started-at="2018-12-11T10:26:10Z" finished-at="2018-12-11T10:26:10Z">
          <reporter-output>
          </reporter-output>
        </test-method> <!-- tearDown -->
        <test-method status="SKIP" signature="setUp()[pri:0, instance:com.torenzosite.qa.testcases.FeaturePageTest@3f49dace]" name="setUp" is-config="true" duration-ms="0" started-at="2018-12-11T10:26:10Z" finished-at="2018-12-11T10:26:10Z">
          <reporter-output>
          </reporter-output>
        </test-method> <!-- setUp -->
        <test-method status="SKIP" signature="fillFormWithEmptyBussinesName()[pri:20, instance:com.torenzosite.qa.testcases.FeaturePageTest@3f49dace]" name="fillFormWithEmptyBussinesName" duration-ms="0" started-at="2018-12-11T10:26:10Z" finished-at="2018-12-11T10:26:10Z">
          <exception class="org.openqa.selenium.WebDriverException">
            <message>
              <![CDATA[Timed out waiting 45 seconds for Firefox to start.
Build info: version: '3.14.0', revision: 'aacccce0', time: '2018-08-02T20:19:58.91Z'
System info: host: 'DESKTOP-A3DICO7', ip: '169.254.38.26', os.name: 'Windows 10', os.arch: 'amd64', os.version: '10.0', java.version: '1.8.0_131'
Driver info: driver.version: FirefoxDriver]]>
            </message>
            <full-stacktrace>
              <![CDATA[org.openqa.selenium.WebDriverException: Timed out waiting 45 seconds for Firefox to start.
Build info: version: '3.14.0', revision: 'aacccce0', time: '2018-08-02T20:19:58.91Z'
System info: host: 'DESKTOP-A3DICO7', ip: '169.254.38.26', os.name: 'Windows 10', os.arch: 'amd64', os.version: '10.0', java.version: '1.8.0_131'
Driver info: driver.version: FirefoxDriver
at org.openqa.selenium.firefox.XpiDriverService.waitUntilAvailable(XpiDriverService.java:133)
at org.openqa.selenium.firefox.XpiDriverService.start(XpiDriverService.java:118)
at org.openqa.selenium.remote.service.DriverCommandExecutor.execute(DriverCommandExecutor.java:79)
at org.openqa.selenium.remote.RemoteWebDriver.execute(RemoteWebDriver.java:548)
at org.openqa.selenium.remote.RemoteWebDriver.startSession(RemoteWebDriver.java:212)
at org.openqa.selenium.remote.RemoteWebDriver.<init>(RemoteWebDriver.java:130)
at org.openqa.selenium.firefox.FirefoxDriver.<init>(FirefoxDriver.java:125)
at org.openqa.selenium.firefox.FirefoxDriver.<init>(FirefoxDriver.java:103)
at com.torenzosite.qa.base.TestBase.initialization(TestBase.java:51)
at com.torenzosite.qa.testcases.FeaturePageTest.setUp(FeaturePageTest.java:45)
at sun.reflect.NativeMethodAccessorImpl.invoke0(Native Method)
at sun.reflect.NativeMethodAccessorImpl.invoke(Unknown Source)
at sun.reflect.DelegatingMethodAccessorImpl.invoke(Unknown Source)
at java.lang.reflect.Method.invoke(Unknown Source)
at org.testng.internal.MethodInvocationHelper.invokeMethod(MethodInvocationHelper.java:124)
at org.testng.internal.MethodInvocationHelper.invokeMethodConsideringTimeout(MethodInvocationHelper.java:59)
at org.testng.internal.Invoker.invokeConfigurationMethod(Invoker.java:455)
at org.testng.internal.Invoker.invokeConfigurations(Invoker.java:222)
at org.testng.internal.Invoker.invokeMethod(Invoker.java:520)
at org.testng.internal.Invoker.invokeTestMethod(Invoker.java:716)
at org.testng.internal.Invoker.invokeTestMethods(Invoker.java:988)
at org.testng.internal.TestMethodWorker.invokeTestMethods(TestMethodWorker.java:125)
at org.testng.internal.TestMethodWorker.run(TestMethodWorker.java:109)
at org.testng.TestRunner.privateRun(TestRunner.java:648)
at org.testng.TestRunner.run(TestRunner.java:505)
at org.testng.SuiteRunner.runTest(SuiteRunner.java:455)
at org.testng.SuiteRunner.runSequentially(SuiteRunner.java:450)
at org.testng.SuiteRunner.privateRun(SuiteRunner.java:415)
at org.testng.SuiteRunner.run(SuiteRunner.java:364)
at org.testng.SuiteRunnerWorker.runSuite(SuiteRunnerWorker.java:52)
at org.testng.SuiteRunnerWorker.run(SuiteRunnerWorker.java:84)
at org.testng.TestNG.runSuitesSequentially(TestNG.java:1208)
at org.testng.TestNG.runSuitesLocally(TestNG.java:1137)
at org.testng.TestNG.runSuites(TestNG.java:1049)
at org.testng.TestNG.run(TestNG.java:1017)
at org.testng.remote.AbstractRemoteTestNG.run(AbstractRemoteTestNG.java:114)
at org.testng.remote.RemoteTestNG.initAndRun(RemoteTestNG.java:251)
at org.testng.remote.RemoteTestNG.main(RemoteTestNG.java:77)
Caused by: org.openqa.selenium.net.UrlChecker$TimeoutException: Timed out waiting for [http://localhost:41309/hub/status] to be available after 45815 ms
at org.openqa.selenium.net.UrlChecker.waitUntilAvailable(UrlChecker.java:100)
at org.openqa.selenium.firefox.XpiDriverService.waitUntilAvailable(XpiDriverService.java:131)
... 37 more
Caused by: java.util.concurrent.TimeoutException
at java.util.concurrent.FutureTask.get(Unknown Source)
at com.google.common.util.concurrent.SimpleTimeLimiter.callWithTimeout(SimpleTimeLimiter.java:156)
at org.openqa.selenium.net.UrlChecker.waitUntilAvailable(UrlChecker.java:75)
... 38 more
]]>
            </full-stacktrace>
          </exception> <!-- org.openqa.selenium.WebDriverException -->
          <reporter-output>
            <line>
              <![CDATA[(About@Test Method)Test Method resides in com.torenzosite.qa.testcases.FeaturePageTest]]>
            </line>
            <line>
              <![CDATA[Test Status: Skipped]]>
            </line>
            <line>
              <![CDATA[About to begin executing following method : FeaturePageTest.fillFormWithEmptyBussinesName]]>
            </line>
            <line>
              <![CDATA[Completed executing following method : FeaturePageTest.fillFormWithEmptyBussinesName]]>
            </line>
          </reporter-output>
        </test-method> <!-- fillFormWithEmptyBussinesName -->
        <test-method status="SKIP" signature="tearDown()[pri:0, instance:com.torenzosite.qa.testcases.FeaturePageTest@3f49dace]" name="tearDown" is-config="true" duration-ms="0" started-at="2018-12-11T10:26:10Z" finished-at="2018-12-11T10:26:10Z">
          <reporter-output>
          </reporter-output>
        </test-method> <!-- tearDown -->
        <test-method status="SKIP" signature="setUp()[pri:0, instance:com.torenzosite.qa.testcases.FeaturePageTest@3f49dace]" name="setUp" is-config="true" duration-ms="0" started-at="2018-12-11T10:26:10Z" finished-at="2018-12-11T10:26:10Z">
          <reporter-output>
          </reporter-output>
        </test-method> <!-- setUp -->
        <test-method status="SKIP" signature="fillFormWithIncorrectEmailId()[pri:21, instance:com.torenzosite.qa.testcases.FeaturePageTest@3f49dace]" name="fillFormWithIncorrectEmailId" duration-ms="0" started-at="2018-12-11T10:26:10Z" finished-at="2018-12-11T10:26:10Z">
          <exception class="org.openqa.selenium.WebDriverException">
            <message>
              <![CDATA[Timed out waiting 45 seconds for Firefox to start.
Build info: version: '3.14.0', revision: 'aacccce0', time: '2018-08-02T20:19:58.91Z'
System info: host: 'DESKTOP-A3DICO7', ip: '169.254.38.26', os.name: 'Windows 10', os.arch: 'amd64', os.version: '10.0', java.version: '1.8.0_131'
Driver info: driver.version: FirefoxDriver]]>
            </message>
            <full-stacktrace>
              <![CDATA[org.openqa.selenium.WebDriverException: Timed out waiting 45 seconds for Firefox to start.
Build info: version: '3.14.0', revision: 'aacccce0', time: '2018-08-02T20:19:58.91Z'
System info: host: 'DESKTOP-A3DICO7', ip: '169.254.38.26', os.name: 'Windows 10', os.arch: 'amd64', os.version: '10.0', java.version: '1.8.0_131'
Driver info: driver.version: FirefoxDriver
at org.openqa.selenium.firefox.XpiDriverService.waitUntilAvailable(XpiDriverService.java:133)
at org.openqa.selenium.firefox.XpiDriverService.start(XpiDriverService.java:118)
at org.openqa.selenium.remote.service.DriverCommandExecutor.execute(DriverCommandExecutor.java:79)
at org.openqa.selenium.remote.RemoteWebDriver.execute(RemoteWebDriver.java:548)
at org.openqa.selenium.remote.RemoteWebDriver.startSession(RemoteWebDriver.java:212)
at org.openqa.selenium.remote.RemoteWebDriver.<init>(RemoteWebDriver.java:130)
at org.openqa.selenium.firefox.FirefoxDriver.<init>(FirefoxDriver.java:125)
at org.openqa.selenium.firefox.FirefoxDriver.<init>(FirefoxDriver.java:103)
at com.torenzosite.qa.base.TestBase.initialization(TestBase.java:51)
at com.torenzosite.qa.testcases.FeaturePageTest.setUp(FeaturePageTest.java:45)
at sun.reflect.NativeMethodAccessorImpl.invoke0(Native Method)
at sun.reflect.NativeMethodAccessorImpl.invoke(Unknown Source)
at sun.reflect.DelegatingMethodAccessorImpl.invoke(Unknown Source)
at java.lang.reflect.Method.invoke(Unknown Source)
at org.testng.internal.MethodInvocationHelper.invokeMethod(MethodInvocationHelper.java:124)
at org.testng.internal.MethodInvocationHelper.invokeMethodConsideringTimeout(MethodInvocationHelper.java:59)
at org.testng.internal.Invoker.invokeConfigurationMethod(Invoker.java:455)
at org.testng.internal.Invoker.invokeConfigurations(Invoker.java:222)
at org.testng.internal.Invoker.invokeMethod(Invoker.java:520)
at org.testng.internal.Invoker.invokeTestMethod(Invoker.java:716)
at org.testng.internal.Invoker.invokeTestMethods(Invoker.java:988)
at org.testng.internal.TestMethodWorker.invokeTestMethods(TestMethodWorker.java:125)
at org.testng.internal.TestMethodWorker.run(TestMethodWorker.java:109)
at org.testng.TestRunner.privateRun(TestRunner.java:648)
at org.testng.TestRunner.run(TestRunner.java:505)
at org.testng.SuiteRunner.runTest(SuiteRunner.java:455)
at org.testng.SuiteRunner.runSequentially(SuiteRunner.java:450)
at org.testng.SuiteRunner.privateRun(SuiteRunner.java:415)
at org.testng.SuiteRunner.run(SuiteRunner.java:364)
at org.testng.SuiteRunnerWorker.runSuite(SuiteRunnerWorker.java:52)
at org.testng.SuiteRunnerWorker.run(SuiteRunnerWorker.java:84)
at org.testng.TestNG.runSuitesSequentially(TestNG.java:1208)
at org.testng.TestNG.runSuitesLocally(TestNG.java:1137)
at org.testng.TestNG.runSuites(TestNG.java:1049)
at org.testng.TestNG.run(TestNG.java:1017)
at org.testng.remote.AbstractRemoteTestNG.run(AbstractRemoteTestNG.java:114)
at org.testng.remote.RemoteTestNG.initAndRun(RemoteTestNG.java:251)
at org.testng.remote.RemoteTestNG.main(RemoteTestNG.java:77)
Caused by: org.openqa.selenium.net.UrlChecker$TimeoutException: Timed out waiting for [http://localhost:41309/hub/status] to be available after 45815 ms
at org.openqa.selenium.net.UrlChecker.waitUntilAvailable(UrlChecker.java:100)
at org.openqa.selenium.firefox.XpiDriverService.waitUntilAvailable(XpiDriverService.java:131)
... 37 more
Caused by: java.util.concurrent.TimeoutException
at java.util.concurrent.FutureTask.get(Unknown Source)
at com.google.common.util.concurrent.SimpleTimeLimiter.callWithTimeout(SimpleTimeLimiter.java:156)
at org.openqa.selenium.net.UrlChecker.waitUntilAvailable(UrlChecker.java:75)
... 38 more
]]>
            </full-stacktrace>
          </exception> <!-- org.openqa.selenium.WebDriverException -->
          <reporter-output>
            <line>
              <![CDATA[(About@Test Method)Test Method resides in com.torenzosite.qa.testcases.FeaturePageTest]]>
            </line>
            <line>
              <![CDATA[Test Status: Skipped]]>
            </line>
            <line>
              <![CDATA[About to begin executing following method : FeaturePageTest.fillFormWithIncorrectEmailId]]>
            </line>
            <line>
              <![CDATA[Completed executing following method : FeaturePageTest.fillFormWithIncorrectEmailId]]>
            </line>
            <line>
              <![CDATA[About to begin executing following method : LeaveUsPageTest.setUp]]>
            </line>
          </reporter-output>
        </test-method> <!-- fillFormWithIncorrectEmailId -->
        <test-method status="SKIP" signature="tearDown()[pri:0, instance:com.torenzosite.qa.testcases.FeaturePageTest@3f49dace]" name="tearDown" is-config="true" duration-ms="0" started-at="2018-12-11T10:26:10Z" finished-at="2018-12-11T10:26:10Z">
          <reporter-output>
          </reporter-output>
        </test-method> <!-- tearDown -->
      </class> <!-- com.torenzosite.qa.testcases.FeaturePageTest -->
      <class name="com.torenzosite.qa.testcases.TryTorenzoForFreePageTest">
        <test-method status="PASS" signature="setUp()[pri:0, instance:com.torenzosite.qa.testcases.TryTorenzoForFreePageTest@27c20538]" name="setUp" is-config="true" duration-ms="26483" started-at="2018-12-11T10:31:32Z" finished-at="2018-12-11T10:31:58Z">
          <reporter-output>
            <line>
              <![CDATA[Completed executing following method : TryTorenzoForFreePageTest.setUp]]>
            </line>
          </reporter-output>
        </test-method> <!-- setUp -->
        <test-method status="PASS" signature="verifyHomePageTitle()[pri:29, instance:com.torenzosite.qa.testcases.TryTorenzoForFreePageTest@27c20538]" name="verifyHomePageTitle" duration-ms="2134" started-at="2018-12-11T10:31:58Z" finished-at="2018-12-11T10:32:00Z">
          <reporter-output>
            <line>
              <![CDATA[About to begin executing following method : TryTorenzoForFreePageTest.verifyHomePageTitle]]>
            </line>
            <line>
              <![CDATA[Completed executing following method : TryTorenzoForFreePageTest.verifyHomePageTitle]]>
            </line>
            <line>
              <![CDATA[About to begin executing following method : TryTorenzoForFreePageTest.tearDown]]>
            </line>
          </reporter-output>
        </test-method> <!-- verifyHomePageTitle -->
        <test-method status="PASS" signature="tearDown()[pri:0, instance:com.torenzosite.qa.testcases.TryTorenzoForFreePageTest@27c20538]" name="tearDown" is-config="true" duration-ms="588" started-at="2018-12-11T10:32:08Z" finished-at="2018-12-11T10:32:08Z">
          <reporter-output>
            <line>
              <![CDATA[Completed executing following method : TryTorenzoForFreePageTest.tearDown]]>
            </line>
          </reporter-output>
        </test-method> <!-- tearDown -->
        <test-method status="PASS" signature="setUp()[pri:0, instance:com.torenzosite.qa.testcases.TryTorenzoForFreePageTest@27c20538]" name="setUp" is-config="true" duration-ms="21386" started-at="2018-12-11T10:32:08Z" finished-at="2018-12-11T10:32:30Z">
          <reporter-output>
            <line>
              <![CDATA[Completed executing following method : TryTorenzoForFreePageTest.setUp]]>
            </line>
          </reporter-output>
        </test-method> <!-- setUp -->
        <test-method status="FAIL" signature="clickOnTryTorenzoForFreeAndFillForm()[pri:30, instance:com.torenzosite.qa.testcases.TryTorenzoForFreePageTest@27c20538]" name="clickOnTryTorenzoForFreeAndFillForm" duration-ms="182173" started-at="2018-12-11T10:32:30Z" finished-at="2018-12-11T10:35:32Z">
          <exception class="java.lang.AssertionError">
            <message>
              <![CDATA[Validation message is missing upon clicking on Submit with empty data expected [This field is required.] but found [This field is required. Please enter the first and last name.]]]>
            </message>
            <full-stacktrace>
              <![CDATA[java.lang.AssertionError: Validation message is missing upon clicking on Submit with empty data expected [This field is required.] but found [This field is required. Please enter the first and last name.]
at org.testng.Assert.fail(Assert.java:96)
at org.testng.Assert.failNotEquals(Assert.java:776)
at org.testng.Assert.assertEqualsImpl(Assert.java:137)
at org.testng.Assert.assertEquals(Assert.java:118)
at org.testng.Assert.assertEquals(Assert.java:453)
at com.torenzosite.qa.testcases.TryTorenzoForFreePageTest.clickOnTryTorenzoForFreeAndFillForm(TryTorenzoForFreePageTest.java:120)
at sun.reflect.NativeMethodAccessorImpl.invoke0(Native Method)
at sun.reflect.NativeMethodAccessorImpl.invoke(Unknown Source)
at sun.reflect.DelegatingMethodAccessorImpl.invoke(Unknown Source)
at java.lang.reflect.Method.invoke(Unknown Source)
at org.testng.internal.MethodInvocationHelper.invokeMethod(MethodInvocationHelper.java:124)
at org.testng.internal.Invoker.invokeMethod(Invoker.java:580)
at org.testng.internal.Invoker.invokeTestMethod(Invoker.java:716)
at org.testng.internal.Invoker.invokeTestMethods(Invoker.java:988)
at org.testng.internal.TestMethodWorker.invokeTestMethods(TestMethodWorker.java:125)
at org.testng.internal.TestMethodWorker.run(TestMethodWorker.java:109)
at org.testng.TestRunner.privateRun(TestRunner.java:648)
at org.testng.TestRunner.run(TestRunner.java:505)
at org.testng.SuiteRunner.runTest(SuiteRunner.java:455)
at org.testng.SuiteRunner.runSequentially(SuiteRunner.java:450)
at org.testng.SuiteRunner.privateRun(SuiteRunner.java:415)
at org.testng.SuiteRunner.run(SuiteRunner.java:364)
at org.testng.SuiteRunnerWorker.runSuite(SuiteRunnerWorker.java:52)
at org.testng.SuiteRunnerWorker.run(SuiteRunnerWorker.java:84)
at org.testng.TestNG.runSuitesSequentially(TestNG.java:1208)
at org.testng.TestNG.runSuitesLocally(TestNG.java:1137)
at org.testng.TestNG.runSuites(TestNG.java:1049)
at org.testng.TestNG.run(TestNG.java:1017)
at org.testng.remote.AbstractRemoteTestNG.run(AbstractRemoteTestNG.java:114)
at org.testng.remote.RemoteTestNG.initAndRun(RemoteTestNG.java:251)
at org.testng.remote.RemoteTestNG.main(RemoteTestNG.java:77)
]]>
            </full-stacktrace>
          </exception> <!-- java.lang.AssertionError -->
          <reporter-output>
            <line>
              <![CDATA[About to begin executing following method : TryTorenzoForFreePageTest.clickOnTryTorenzoForFreeAndFillForm]]>
            </line>
            <line>
              <![CDATA[Completed executing following method : TryTorenzoForFreePageTest.clickOnTryTorenzoForFreeAndFillForm]]>
            </line>
            <line>
              <![CDATA[About to begin executing following method : TryTorenzoForFreePageTest.tearDown]]>
            </line>
          </reporter-output>
        </test-method> <!-- clickOnTryTorenzoForFreeAndFillForm -->
        <test-method status="PASS" signature="tearDown()[pri:0, instance:com.torenzosite.qa.testcases.TryTorenzoForFreePageTest@27c20538]" name="tearDown" is-config="true" duration-ms="625" started-at="2018-12-11T10:35:33Z" finished-at="2018-12-11T10:35:34Z">
          <reporter-output>
            <line>
              <![CDATA[Completed executing following method : TryTorenzoForFreePageTest.tearDown]]>
            </line>
          </reporter-output>
        </test-method> <!-- tearDown -->
      </class> <!-- com.torenzosite.qa.testcases.TryTorenzoForFreePageTest -->
      <class name="com.torenzosite.qa.testcases.TorenzoPOSPageTest">
        <test-method status="PASS" signature="setUp()[pri:0, instance:com.torenzosite.qa.testcases.TorenzoPOSPageTest@31a5c39e]" name="setUp" is-config="true" duration-ms="19700" started-at="2018-12-11T10:19:57Z" finished-at="2018-12-11T10:20:17Z">
          <reporter-output>
            <line>
              <![CDATA[Completed executing following method : TorenzoPOSPageTest.setUp]]>
            </line>
          </reporter-output>
        </test-method> <!-- setUp -->
        <test-method status="PASS" signature="verifyHomePageTitle()[pri:10, instance:com.torenzosite.qa.testcases.TorenzoPOSPageTest@31a5c39e]" name="verifyHomePageTitle" duration-ms="504" started-at="2018-12-11T10:20:17Z" finished-at="2018-12-11T10:20:17Z">
          <reporter-output>
            <line>
              <![CDATA[About to begin executing following method : TorenzoPOSPageTest.verifyHomePageTitle]]>
            </line>
            <line>
              <![CDATA[Completed executing following method : TorenzoPOSPageTest.verifyHomePageTitle]]>
            </line>
            <line>
              <![CDATA[About to begin executing following method : TorenzoPOSPageTest.tearDown]]>
            </line>
          </reporter-output>
        </test-method> <!-- verifyHomePageTitle -->
        <test-method status="PASS" signature="tearDown()[pri:0, instance:com.torenzosite.qa.testcases.TorenzoPOSPageTest@31a5c39e]" name="tearDown" is-config="true" duration-ms="579" started-at="2018-12-11T10:20:20Z" finished-at="2018-12-11T10:20:20Z">
          <reporter-output>
            <line>
              <![CDATA[Completed executing following method : TorenzoPOSPageTest.tearDown]]>
            </line>
          </reporter-output>
        </test-method> <!-- tearDown -->
        <test-method status="PASS" signature="setUp()[pri:0, instance:com.torenzosite.qa.testcases.TorenzoPOSPageTest@31a5c39e]" name="setUp" is-config="true" duration-ms="18845" started-at="2018-12-11T10:20:20Z" finished-at="2018-12-11T10:20:39Z">
          <reporter-output>
            <line>
              <![CDATA[Completed executing following method : TorenzoPOSPageTest.setUp]]>
            </line>
          </reporter-output>
        </test-method> <!-- setUp -->
        <test-method status="PASS" signature="verifyTextFromTorenzoPOSPage()[pri:11, instance:com.torenzosite.qa.testcases.TorenzoPOSPageTest@31a5c39e]" name="verifyTextFromTorenzoPOSPage" duration-ms="4504" started-at="2018-12-11T10:20:39Z" finished-at="2018-12-11T10:20:44Z">
          <reporter-output>
            <line>
              <![CDATA[About to begin executing following method : TorenzoPOSPageTest.verifyTextFromTorenzoPOSPage]]>
            </line>
            <line>
              <![CDATA[Completed executing following method : TorenzoPOSPageTest.verifyTextFromTorenzoPOSPage]]>
            </line>
            <line>
              <![CDATA[About to begin executing following method : TorenzoPOSPageTest.tearDown]]>
            </line>
          </reporter-output>
        </test-method> <!-- verifyTextFromTorenzoPOSPage -->
        <test-method status="PASS" signature="tearDown()[pri:0, instance:com.torenzosite.qa.testcases.TorenzoPOSPageTest@31a5c39e]" name="tearDown" is-config="true" duration-ms="335" started-at="2018-12-11T10:20:46Z" finished-at="2018-12-11T10:20:47Z">
          <reporter-output>
            <line>
              <![CDATA[Completed executing following method : TorenzoPOSPageTest.tearDown]]>
            </line>
          </reporter-output>
        </test-method> <!-- tearDown -->
      </class> <!-- com.torenzosite.qa.testcases.TorenzoPOSPageTest -->
      <class name="com.torenzosite.qa.testcases.ContactUsPageTest">
        <test-method status="PASS" signature="setUp()[pri:0, instance:com.torenzosite.qa.testcases.ContactUsPageTest@5f2108b5]" name="setUp" is-config="true" duration-ms="18934" started-at="2018-12-11T10:11:36Z" finished-at="2018-12-11T10:11:55Z">
          <reporter-output>
            <line>
              <![CDATA[Completed executing following method : ContactUsPageTest.setUp]]>
            </line>
          </reporter-output>
        </test-method> <!-- setUp -->
        <test-method status="PASS" signature="verifyHomePageTitle()[pri:5, instance:com.torenzosite.qa.testcases.ContactUsPageTest@5f2108b5]" name="verifyHomePageTitle" duration-ms="18155" started-at="2018-12-11T10:11:55Z" finished-at="2018-12-11T10:12:14Z">
          <reporter-output>
            <line>
              <![CDATA[About to begin executing following method : ContactUsPageTest.verifyHomePageTitle]]>
            </line>
            <line>
              <![CDATA[Completed executing following method : ContactUsPageTest.verifyHomePageTitle]]>
            </line>
            <line>
              <![CDATA[About to begin executing following method : ContactUsPageTest.tearDown]]>
            </line>
          </reporter-output>
        </test-method> <!-- verifyHomePageTitle -->
        <test-method status="PASS" signature="tearDown()[pri:0, instance:com.torenzosite.qa.testcases.ContactUsPageTest@5f2108b5]" name="tearDown" is-config="true" duration-ms="324" started-at="2018-12-11T10:12:16Z" finished-at="2018-12-11T10:12:16Z">
          <reporter-output>
            <line>
              <![CDATA[Completed executing following method : ContactUsPageTest.tearDown]]>
            </line>
          </reporter-output>
        </test-method> <!-- tearDown -->
        <test-method status="PASS" signature="setUp()[pri:0, instance:com.torenzosite.qa.testcases.ContactUsPageTest@5f2108b5]" name="setUp" is-config="true" duration-ms="17887" started-at="2018-12-11T10:12:16Z" finished-at="2018-12-11T10:12:34Z">
          <reporter-output>
            <line>
              <![CDATA[Completed executing following method : ContactUsPageTest.setUp]]>
            </line>
          </reporter-output>
        </test-method> <!-- setUp -->
        <test-method status="PASS" signature="verifyContactPage()[pri:6, instance:com.torenzosite.qa.testcases.ContactUsPageTest@5f2108b5]" name="verifyContactPage" duration-ms="10961" started-at="2018-12-11T10:12:34Z" finished-at="2018-12-11T10:12:45Z">
          <reporter-output>
            <line>
              <![CDATA[About to begin executing following method : ContactUsPageTest.verifyContactPage]]>
            </line>
            <line>
              <![CDATA[Completed executing following method : ContactUsPageTest.verifyContactPage]]>
            </line>
            <line>
              <![CDATA[About to begin executing following method : ContactUsPageTest.tearDown]]>
            </line>
          </reporter-output>
        </test-method> <!-- verifyContactPage -->
        <test-method status="PASS" signature="tearDown()[pri:0, instance:com.torenzosite.qa.testcases.ContactUsPageTest@5f2108b5]" name="tearDown" is-config="true" duration-ms="492" started-at="2018-12-11T10:12:46Z" finished-at="2018-12-11T10:12:47Z">
          <reporter-output>
            <line>
              <![CDATA[Completed executing following method : ContactUsPageTest.tearDown]]>
            </line>
          </reporter-output>
        </test-method> <!-- tearDown -->
        <test-method status="PASS" signature="setUp()[pri:0, instance:com.torenzosite.qa.testcases.ContactUsPageTest@5f2108b5]" name="setUp" is-config="true" duration-ms="18398" started-at="2018-12-11T10:12:47Z" finished-at="2018-12-11T10:13:05Z">
          <reporter-output>
            <line>
              <![CDATA[Completed executing following method : ContactUsPageTest.setUp]]>
            </line>
          </reporter-output>
        </test-method> <!-- setUp -->
        <test-method status="PASS" signature="fillFormToConatctUs()[pri:7, instance:com.torenzosite.qa.testcases.ContactUsPageTest@5f2108b5]" name="fillFormToConatctUs" duration-ms="25356" started-at="2018-12-11T10:13:05Z" finished-at="2018-12-11T10:13:31Z">
          <reporter-output>
            <line>
              <![CDATA[About to begin executing following method : ContactUsPageTest.fillFormToConatctUs]]>
            </line>
            <line>
              <![CDATA[Completed executing following method : ContactUsPageTest.fillFormToConatctUs]]>
            </line>
            <line>
              <![CDATA[About to begin executing following method : ContactUsPageTest.tearDown]]>
            </line>
          </reporter-output>
        </test-method> <!-- fillFormToConatctUs -->
        <test-method status="PASS" signature="tearDown()[pri:0, instance:com.torenzosite.qa.testcases.ContactUsPageTest@5f2108b5]" name="tearDown" is-config="true" duration-ms="353" started-at="2018-12-11T10:13:32Z" finished-at="2018-12-11T10:13:32Z">
          <reporter-output>
            <line>
              <![CDATA[Completed executing following method : ContactUsPageTest.tearDown]]>
            </line>
          </reporter-output>
        </test-method> <!-- tearDown -->
        <test-method status="PASS" signature="setUp()[pri:0, instance:com.torenzosite.qa.testcases.ContactUsPageTest@5f2108b5]" name="setUp" is-config="true" duration-ms="25280" started-at="2018-12-11T10:13:32Z" finished-at="2018-12-11T10:13:57Z">
          <reporter-output>
            <line>
              <![CDATA[Completed executing following method : ContactUsPageTest.setUp]]>
            </line>
          </reporter-output>
        </test-method> <!-- setUp -->
        <test-method status="PASS" signature="fillFormToConatctUsWithEmpty()[pri:8, instance:com.torenzosite.qa.testcases.ContactUsPageTest@5f2108b5]" name="fillFormToConatctUsWithEmpty" duration-ms="34861" started-at="2018-12-11T10:13:57Z" finished-at="2018-12-11T10:14:32Z">
          <reporter-output>
            <line>
              <![CDATA[About to begin executing following method : ContactUsPageTest.fillFormToConatctUsWithEmpty]]>
            </line>
            <line>
              <![CDATA[Completed executing following method : ContactUsPageTest.fillFormToConatctUsWithEmpty]]>
            </line>
            <line>
              <![CDATA[About to begin executing following method : ContactUsPageTest.tearDown]]>
            </line>
          </reporter-output>
        </test-method> <!-- fillFormToConatctUsWithEmpty -->
        <test-method status="PASS" signature="tearDown()[pri:0, instance:com.torenzosite.qa.testcases.ContactUsPageTest@5f2108b5]" name="tearDown" is-config="true" duration-ms="387" started-at="2018-12-11T10:14:33Z" finished-at="2018-12-11T10:14:34Z">
          <reporter-output>
            <line>
              <![CDATA[Completed executing following method : ContactUsPageTest.tearDown]]>
            </line>
          </reporter-output>
        </test-method> <!-- tearDown -->
        <test-method status="PASS" signature="setUp()[pri:0, instance:com.torenzosite.qa.testcases.ContactUsPageTest@5f2108b5]" name="setUp" is-config="true" duration-ms="20451" started-at="2018-12-11T10:14:34Z" finished-at="2018-12-11T10:14:54Z">
          <reporter-output>
            <line>
              <![CDATA[Completed executing following method : ContactUsPageTest.setUp]]>
            </line>
          </reporter-output>
        </test-method> <!-- setUp -->
        <test-method status="PASS" signature="fillFormToConatctUsWithIncorrectEmail()[pri:9, instance:com.torenzosite.qa.testcases.ContactUsPageTest@5f2108b5]" name="fillFormToConatctUsWithIncorrectEmail" duration-ms="300650" started-at="2018-12-11T10:14:54Z" finished-at="2018-12-11T10:19:55Z">
          <reporter-output>
            <line>
              <![CDATA[About to begin executing following method : ContactUsPageTest.fillFormToConatctUsWithIncorrectEmail]]>
            </line>
            <line>
              <![CDATA[Completed executing following method : ContactUsPageTest.fillFormToConatctUsWithIncorrectEmail]]>
            </line>
            <line>
              <![CDATA[About to begin executing following method : ContactUsPageTest.tearDown]]>
            </line>
          </reporter-output>
        </test-method> <!-- fillFormToConatctUsWithIncorrectEmail -->
        <test-method status="PASS" signature="tearDown()[pri:0, instance:com.torenzosite.qa.testcases.ContactUsPageTest@5f2108b5]" name="tearDown" is-config="true" duration-ms="602" started-at="2018-12-11T10:19:57Z" finished-at="2018-12-11T10:19:57Z">
          <reporter-output>
            <line>
              <![CDATA[Completed executing following method : ContactUsPageTest.tearDown]]>
            </line>
          </reporter-output>
        </test-method> <!-- tearDown -->
      </class> <!-- com.torenzosite.qa.testcases.ContactUsPageTest -->
      <class name="com.torenzosite.qa.testcases.HomePageTest">
        <test-method status="PASS" signature="setUp()[pri:0, instance:com.torenzosite.qa.testcases.HomePageTest@e45f292]" name="setUp" is-config="true" duration-ms="18028" started-at="2018-12-11T10:09:19Z" finished-at="2018-12-11T10:09:37Z">
          <reporter-output>
            <line>
              <![CDATA[Completed executing following method : HomePageTest.setUp]]>
            </line>
          </reporter-output>
        </test-method> <!-- setUp -->
        <test-method status="PASS" signature="verifyHomePageTitle()[pri:1, instance:com.torenzosite.qa.testcases.HomePageTest@e45f292]" name="verifyHomePageTitle" duration-ms="374" started-at="2018-12-11T10:09:37Z" finished-at="2018-12-11T10:09:38Z">
          <reporter-output>
            <line>
              <![CDATA[About to begin executing following method : HomePageTest.verifyHomePageTitle]]>
            </line>
            <line>
              <![CDATA[Completed executing following method : HomePageTest.verifyHomePageTitle]]>
            </line>
            <line>
              <![CDATA[About to begin executing following method : HomePageTest.tearDown]]>
            </line>
          </reporter-output>
        </test-method> <!-- verifyHomePageTitle -->
        <test-method status="PASS" signature="tearDown()[pri:0, instance:com.torenzosite.qa.testcases.HomePageTest@e45f292]" name="tearDown" is-config="true" duration-ms="492" started-at="2018-12-11T10:09:40Z" finished-at="2018-12-11T10:09:41Z">
          <reporter-output>
            <line>
              <![CDATA[Completed executing following method : HomePageTest.tearDown]]>
            </line>
          </reporter-output>
        </test-method> <!-- tearDown -->
        <test-method status="PASS" signature="setUp()[pri:0, instance:com.torenzosite.qa.testcases.HomePageTest@e45f292]" name="setUp" is-config="true" duration-ms="18907" started-at="2018-12-11T10:09:41Z" finished-at="2018-12-11T10:10:00Z">
          <reporter-output>
            <line>
              <![CDATA[Completed executing following method : HomePageTest.setUp]]>
            </line>
          </reporter-output>
        </test-method> <!-- setUp -->
        <test-method status="PASS" signature="verifyEmailAddreeField()[pri:2, instance:com.torenzosite.qa.testcases.HomePageTest@e45f292]" name="verifyEmailAddreeField" duration-ms="7310" started-at="2018-12-11T10:10:00Z" finished-at="2018-12-11T10:10:07Z">
          <reporter-output>
            <line>
              <![CDATA[About to begin executing following method : HomePageTest.verifyEmailAddreeField]]>
            </line>
            <line>
              <![CDATA[Completed executing following method : HomePageTest.verifyEmailAddreeField]]>
            </line>
            <line>
              <![CDATA[About to begin executing following method : HomePageTest.tearDown]]>
            </line>
          </reporter-output>
        </test-method> <!-- verifyEmailAddreeField -->
        <test-method status="PASS" signature="tearDown()[pri:0, instance:com.torenzosite.qa.testcases.HomePageTest@e45f292]" name="tearDown" is-config="true" duration-ms="597" started-at="2018-12-11T10:10:08Z" finished-at="2018-12-11T10:10:09Z">
          <reporter-output>
            <line>
              <![CDATA[Completed executing following method : HomePageTest.tearDown]]>
            </line>
          </reporter-output>
        </test-method> <!-- tearDown -->
        <test-method status="PASS" signature="setUp()[pri:0, instance:com.torenzosite.qa.testcases.HomePageTest@e45f292]" name="setUp" is-config="true" duration-ms="18115" started-at="2018-12-11T10:10:09Z" finished-at="2018-12-11T10:10:27Z">
          <reporter-output>
            <line>
              <![CDATA[Completed executing following method : HomePageTest.setUp]]>
            </line>
          </reporter-output>
        </test-method> <!-- setUp -->
        <test-method status="PASS" signature="verifyWithEmptyEmailAddreeField()[pri:3, instance:com.torenzosite.qa.testcases.HomePageTest@e45f292]" name="verifyWithEmptyEmailAddreeField" duration-ms="23342" started-at="2018-12-11T10:10:27Z" finished-at="2018-12-11T10:10:50Z">
          <reporter-output>
            <line>
              <![CDATA[About to begin executing following method : HomePageTest.verifyWithEmptyEmailAddreeField]]>
            </line>
            <line>
              <![CDATA[Completed executing following method : HomePageTest.verifyWithEmptyEmailAddreeField]]>
            </line>
            <line>
              <![CDATA[About to begin executing following method : HomePageTest.tearDown]]>
            </line>
          </reporter-output>
        </test-method> <!-- verifyWithEmptyEmailAddreeField -->
        <test-method status="PASS" signature="tearDown()[pri:0, instance:com.torenzosite.qa.testcases.HomePageTest@e45f292]" name="tearDown" is-config="true" duration-ms="417" started-at="2018-12-11T10:10:52Z" finished-at="2018-12-11T10:10:53Z">
          <reporter-output>
            <line>
              <![CDATA[Completed executing following method : HomePageTest.tearDown]]>
            </line>
          </reporter-output>
        </test-method> <!-- tearDown -->
        <test-method status="PASS" signature="setUp()[pri:0, instance:com.torenzosite.qa.testcases.HomePageTest@e45f292]" name="setUp" is-config="true" duration-ms="17831" started-at="2018-12-11T10:10:53Z" finished-at="2018-12-11T10:11:10Z">
          <reporter-output>
            <line>
              <![CDATA[Completed executing following method : HomePageTest.setUp]]>
            </line>
          </reporter-output>
        </test-method> <!-- setUp -->
        <test-method status="PASS" signature="verifyWithInvalidEmailAddreeField()[pri:4, instance:com.torenzosite.qa.testcases.HomePageTest@e45f292]" name="verifyWithInvalidEmailAddreeField" duration-ms="23446" started-at="2018-12-11T10:11:10Z" finished-at="2018-12-11T10:11:34Z">
          <reporter-output>
            <line>
              <![CDATA[About to begin executing following method : HomePageTest.verifyWithInvalidEmailAddreeField]]>
            </line>
            <line>
              <![CDATA[Completed executing following method : HomePageTest.verifyWithInvalidEmailAddreeField]]>
            </line>
            <line>
              <![CDATA[About to begin executing following method : HomePageTest.tearDown]]>
            </line>
          </reporter-output>
        </test-method> <!-- verifyWithInvalidEmailAddreeField -->
        <test-method status="PASS" signature="tearDown()[pri:0, instance:com.torenzosite.qa.testcases.HomePageTest@e45f292]" name="tearDown" is-config="true" duration-ms="445" started-at="2018-12-11T10:11:36Z" finished-at="2018-12-11T10:11:36Z">
          <reporter-output>
            <line>
              <![CDATA[Completed executing following method : HomePageTest.tearDown]]>
            </line>
          </reporter-output>
        </test-method> <!-- tearDown -->
      </class> <!-- com.torenzosite.qa.testcases.HomePageTest -->
      <class name="com.torenzosite.qa.testcases.LeaveUsPageTest">
        <test-method status="FAIL" signature="setUp()[pri:0, instance:com.torenzosite.qa.testcases.LeaveUsPageTest@1e397ed7]" name="setUp" is-config="true" duration-ms="59547" started-at="2018-12-11T10:26:11Z" finished-at="2018-12-11T10:27:10Z">
          <exception class="org.openqa.selenium.WebDriverException">
            <message>
              <![CDATA[Timed out waiting 45 seconds for Firefox to start.
Build info: version: '3.14.0', revision: 'aacccce0', time: '2018-08-02T20:19:58.91Z'
System info: host: 'DESKTOP-A3DICO7', ip: '169.254.38.26', os.name: 'Windows 10', os.arch: 'amd64', os.version: '10.0', java.version: '1.8.0_131'
Driver info: driver.version: FirefoxDriver]]>
            </message>
            <full-stacktrace>
              <![CDATA[org.openqa.selenium.WebDriverException: Timed out waiting 45 seconds for Firefox to start.
Build info: version: '3.14.0', revision: 'aacccce0', time: '2018-08-02T20:19:58.91Z'
System info: host: 'DESKTOP-A3DICO7', ip: '169.254.38.26', os.name: 'Windows 10', os.arch: 'amd64', os.version: '10.0', java.version: '1.8.0_131'
Driver info: driver.version: FirefoxDriver
at org.openqa.selenium.firefox.XpiDriverService.waitUntilAvailable(XpiDriverService.java:133)
at org.openqa.selenium.firefox.XpiDriverService.start(XpiDriverService.java:118)
at org.openqa.selenium.remote.service.DriverCommandExecutor.execute(DriverCommandExecutor.java:79)
at org.openqa.selenium.remote.RemoteWebDriver.execute(RemoteWebDriver.java:548)
at org.openqa.selenium.remote.RemoteWebDriver.startSession(RemoteWebDriver.java:212)
at org.openqa.selenium.remote.RemoteWebDriver.<init>(RemoteWebDriver.java:130)
at org.openqa.selenium.firefox.FirefoxDriver.<init>(FirefoxDriver.java:125)
at org.openqa.selenium.firefox.FirefoxDriver.<init>(FirefoxDriver.java:103)
at com.torenzosite.qa.base.TestBase.initialization(TestBase.java:51)
at com.torenzosite.qa.testcases.LeaveUsPageTest.setUp(LeaveUsPageTest.java:41)
at sun.reflect.NativeMethodAccessorImpl.invoke0(Native Method)
at sun.reflect.NativeMethodAccessorImpl.invoke(Unknown Source)
at sun.reflect.DelegatingMethodAccessorImpl.invoke(Unknown Source)
at java.lang.reflect.Method.invoke(Unknown Source)
at org.testng.internal.MethodInvocationHelper.invokeMethod(MethodInvocationHelper.java:124)
at org.testng.internal.MethodInvocationHelper.invokeMethodConsideringTimeout(MethodInvocationHelper.java:59)
at org.testng.internal.Invoker.invokeConfigurationMethod(Invoker.java:455)
at org.testng.internal.Invoker.invokeConfigurations(Invoker.java:222)
at org.testng.internal.Invoker.invokeMethod(Invoker.java:520)
at org.testng.internal.Invoker.invokeTestMethod(Invoker.java:716)
at org.testng.internal.Invoker.invokeTestMethods(Invoker.java:988)
at org.testng.internal.TestMethodWorker.invokeTestMethods(TestMethodWorker.java:125)
at org.testng.internal.TestMethodWorker.run(TestMethodWorker.java:109)
at org.testng.TestRunner.privateRun(TestRunner.java:648)
at org.testng.TestRunner.run(TestRunner.java:505)
at org.testng.SuiteRunner.runTest(SuiteRunner.java:455)
at org.testng.SuiteRunner.runSequentially(SuiteRunner.java:450)
at org.testng.SuiteRunner.privateRun(SuiteRunner.java:415)
at org.testng.SuiteRunner.run(SuiteRunner.java:364)
at org.testng.SuiteRunnerWorker.runSuite(SuiteRunnerWorker.java:52)
at org.testng.SuiteRunnerWorker.run(SuiteRunnerWorker.java:84)
at org.testng.TestNG.runSuitesSequentially(TestNG.java:1208)
at org.testng.TestNG.runSuitesLocally(TestNG.java:1137)
at org.testng.TestNG.runSuites(TestNG.java:1049)
at org.testng.TestNG.run(TestNG.java:1017)
at org.testng.remote.AbstractRemoteTestNG.run(AbstractRemoteTestNG.java:114)
at org.testng.remote.RemoteTestNG.initAndRun(RemoteTestNG.java:251)
at org.testng.remote.RemoteTestNG.main(RemoteTestNG.java:77)
Caused by: org.openqa.selenium.net.UrlChecker$TimeoutException: Timed out waiting for [http://localhost:21109/hub/status] to be available after 45001 ms
at org.openqa.selenium.net.UrlChecker.waitUntilAvailable(UrlChecker.java:100)
at org.openqa.selenium.firefox.XpiDriverService.waitUntilAvailable(XpiDriverService.java:131)
... 37 more
Caused by: java.util.concurrent.TimeoutException
at java.util.concurrent.FutureTask.get(Unknown Source)
at com.google.common.util.concurrent.SimpleTimeLimiter.callWithTimeout(SimpleTimeLimiter.java:156)
at org.openqa.selenium.net.UrlChecker.waitUntilAvailable(UrlChecker.java:75)
... 38 more
]]>
            </full-stacktrace>
          </exception> <!-- org.openqa.selenium.WebDriverException -->
          <reporter-output>
            <line>
              <![CDATA[Completed executing following method : LeaveUsPageTest.setUp]]>
            </line>
          </reporter-output>
        </test-method> <!-- setUp -->
        <test-method status="SKIP" signature="verifyHomePageTitle()[pri:22, instance:com.torenzosite.qa.testcases.LeaveUsPageTest@1e397ed7]" name="verifyHomePageTitle" duration-ms="0" started-at="2018-12-11T10:27:10Z" finished-at="2018-12-11T10:27:10Z">
          <exception class="org.openqa.selenium.WebDriverException">
            <message>
              <![CDATA[Timed out waiting 45 seconds for Firefox to start.
Build info: version: '3.14.0', revision: 'aacccce0', time: '2018-08-02T20:19:58.91Z'
System info: host: 'DESKTOP-A3DICO7', ip: '169.254.38.26', os.name: 'Windows 10', os.arch: 'amd64', os.version: '10.0', java.version: '1.8.0_131'
Driver info: driver.version: FirefoxDriver]]>
            </message>
            <full-stacktrace>
              <![CDATA[org.openqa.selenium.WebDriverException: Timed out waiting 45 seconds for Firefox to start.
Build info: version: '3.14.0', revision: 'aacccce0', time: '2018-08-02T20:19:58.91Z'
System info: host: 'DESKTOP-A3DICO7', ip: '169.254.38.26', os.name: 'Windows 10', os.arch: 'amd64', os.version: '10.0', java.version: '1.8.0_131'
Driver info: driver.version: FirefoxDriver
at org.openqa.selenium.firefox.XpiDriverService.waitUntilAvailable(XpiDriverService.java:133)
at org.openqa.selenium.firefox.XpiDriverService.start(XpiDriverService.java:118)
at org.openqa.selenium.remote.service.DriverCommandExecutor.execute(DriverCommandExecutor.java:79)
at org.openqa.selenium.remote.RemoteWebDriver.execute(RemoteWebDriver.java:548)
at org.openqa.selenium.remote.RemoteWebDriver.startSession(RemoteWebDriver.java:212)
at org.openqa.selenium.remote.RemoteWebDriver.<init>(RemoteWebDriver.java:130)
at org.openqa.selenium.firefox.FirefoxDriver.<init>(FirefoxDriver.java:125)
at org.openqa.selenium.firefox.FirefoxDriver.<init>(FirefoxDriver.java:103)
at com.torenzosite.qa.base.TestBase.initialization(TestBase.java:51)
at com.torenzosite.qa.testcases.LeaveUsPageTest.setUp(LeaveUsPageTest.java:41)
at sun.reflect.NativeMethodAccessorImpl.invoke0(Native Method)
at sun.reflect.NativeMethodAccessorImpl.invoke(Unknown Source)
at sun.reflect.DelegatingMethodAccessorImpl.invoke(Unknown Source)
at java.lang.reflect.Method.invoke(Unknown Source)
at org.testng.internal.MethodInvocationHelper.invokeMethod(MethodInvocationHelper.java:124)
at org.testng.internal.MethodInvocationHelper.invokeMethodConsideringTimeout(MethodInvocationHelper.java:59)
at org.testng.internal.Invoker.invokeConfigurationMethod(Invoker.java:455)
at org.testng.internal.Invoker.invokeConfigurations(Invoker.java:222)
at org.testng.internal.Invoker.invokeMethod(Invoker.java:520)
at org.testng.internal.Invoker.invokeTestMethod(Invoker.java:716)
at org.testng.internal.Invoker.invokeTestMethods(Invoker.java:988)
at org.testng.internal.TestMethodWorker.invokeTestMethods(TestMethodWorker.java:125)
at org.testng.internal.TestMethodWorker.run(TestMethodWorker.java:109)
at org.testng.TestRunner.privateRun(TestRunner.java:648)
at org.testng.TestRunner.run(TestRunner.java:505)
at org.testng.SuiteRunner.runTest(SuiteRunner.java:455)
at org.testng.SuiteRunner.runSequentially(SuiteRunner.java:450)
at org.testng.SuiteRunner.privateRun(SuiteRunner.java:415)
at org.testng.SuiteRunner.run(SuiteRunner.java:364)
at org.testng.SuiteRunnerWorker.runSuite(SuiteRunnerWorker.java:52)
at org.testng.SuiteRunnerWorker.run(SuiteRunnerWorker.java:84)
at org.testng.TestNG.runSuitesSequentially(TestNG.java:1208)
at org.testng.TestNG.runSuitesLocally(TestNG.java:1137)
at org.testng.TestNG.runSuites(TestNG.java:1049)
at org.testng.TestNG.run(TestNG.java:1017)
at org.testng.remote.AbstractRemoteTestNG.run(AbstractRemoteTestNG.java:114)
at org.testng.remote.RemoteTestNG.initAndRun(RemoteTestNG.java:251)
at org.testng.remote.RemoteTestNG.main(RemoteTestNG.java:77)
Caused by: org.openqa.selenium.net.UrlChecker$TimeoutException: Timed out waiting for [http://localhost:21109/hub/status] to be available after 45001 ms
at org.openqa.selenium.net.UrlChecker.waitUntilAvailable(UrlChecker.java:100)
at org.openqa.selenium.firefox.XpiDriverService.waitUntilAvailable(XpiDriverService.java:131)
... 37 more
Caused by: java.util.concurrent.TimeoutException
at java.util.concurrent.FutureTask.get(Unknown Source)
at com.google.common.util.concurrent.SimpleTimeLimiter.callWithTimeout(SimpleTimeLimiter.java:156)
at org.openqa.selenium.net.UrlChecker.waitUntilAvailable(UrlChecker.java:75)
... 38 more
]]>
            </full-stacktrace>
          </exception> <!-- org.openqa.selenium.WebDriverException -->
          <reporter-output>
            <line>
              <![CDATA[(About@Test Method)Test Method resides in com.torenzosite.qa.testcases.LeaveUsPageTest]]>
            </line>
            <line>
              <![CDATA[Test Status: Skipped]]>
            </line>
            <line>
              <![CDATA[About to begin executing following method : LeaveUsPageTest.verifyHomePageTitle]]>
            </line>
            <line>
              <![CDATA[Completed executing following method : LeaveUsPageTest.verifyHomePageTitle]]>
            </line>
          </reporter-output>
        </test-method> <!-- verifyHomePageTitle -->
        <test-method status="SKIP" signature="tearDown()[pri:0, instance:com.torenzosite.qa.testcases.LeaveUsPageTest@1e397ed7]" name="tearDown" is-config="true" duration-ms="0" started-at="2018-12-11T10:27:11Z" finished-at="2018-12-11T10:27:11Z">
          <reporter-output>
          </reporter-output>
        </test-method> <!-- tearDown -->
        <test-method status="SKIP" signature="setUp()[pri:0, instance:com.torenzosite.qa.testcases.LeaveUsPageTest@1e397ed7]" name="setUp" is-config="true" duration-ms="0" started-at="2018-12-11T10:27:11Z" finished-at="2018-12-11T10:27:11Z">
          <reporter-output>
          </reporter-output>
        </test-method> <!-- setUp -->
        <test-method status="SKIP" signature="verifyLeaveUsPageTitle()[pri:23, instance:com.torenzosite.qa.testcases.LeaveUsPageTest@1e397ed7]" name="verifyLeaveUsPageTitle" duration-ms="0" started-at="2018-12-11T10:27:12Z" finished-at="2018-12-11T10:27:12Z">
          <exception class="org.openqa.selenium.WebDriverException">
            <message>
              <![CDATA[Timed out waiting 45 seconds for Firefox to start.
Build info: version: '3.14.0', revision: 'aacccce0', time: '2018-08-02T20:19:58.91Z'
System info: host: 'DESKTOP-A3DICO7', ip: '169.254.38.26', os.name: 'Windows 10', os.arch: 'amd64', os.version: '10.0', java.version: '1.8.0_131'
Driver info: driver.version: FirefoxDriver]]>
            </message>
            <full-stacktrace>
              <![CDATA[org.openqa.selenium.WebDriverException: Timed out waiting 45 seconds for Firefox to start.
Build info: version: '3.14.0', revision: 'aacccce0', time: '2018-08-02T20:19:58.91Z'
System info: host: 'DESKTOP-A3DICO7', ip: '169.254.38.26', os.name: 'Windows 10', os.arch: 'amd64', os.version: '10.0', java.version: '1.8.0_131'
Driver info: driver.version: FirefoxDriver
at org.openqa.selenium.firefox.XpiDriverService.waitUntilAvailable(XpiDriverService.java:133)
at org.openqa.selenium.firefox.XpiDriverService.start(XpiDriverService.java:118)
at org.openqa.selenium.remote.service.DriverCommandExecutor.execute(DriverCommandExecutor.java:79)
at org.openqa.selenium.remote.RemoteWebDriver.execute(RemoteWebDriver.java:548)
at org.openqa.selenium.remote.RemoteWebDriver.startSession(RemoteWebDriver.java:212)
at org.openqa.selenium.remote.RemoteWebDriver.<init>(RemoteWebDriver.java:130)
at org.openqa.selenium.firefox.FirefoxDriver.<init>(FirefoxDriver.java:125)
at org.openqa.selenium.firefox.FirefoxDriver.<init>(FirefoxDriver.java:103)
at com.torenzosite.qa.base.TestBase.initialization(TestBase.java:51)
at com.torenzosite.qa.testcases.LeaveUsPageTest.setUp(LeaveUsPageTest.java:41)
at sun.reflect.NativeMethodAccessorImpl.invoke0(Native Method)
at sun.reflect.NativeMethodAccessorImpl.invoke(Unknown Source)
at sun.reflect.DelegatingMethodAccessorImpl.invoke(Unknown Source)
at java.lang.reflect.Method.invoke(Unknown Source)
at org.testng.internal.MethodInvocationHelper.invokeMethod(MethodInvocationHelper.java:124)
at org.testng.internal.MethodInvocationHelper.invokeMethodConsideringTimeout(MethodInvocationHelper.java:59)
at org.testng.internal.Invoker.invokeConfigurationMethod(Invoker.java:455)
at org.testng.internal.Invoker.invokeConfigurations(Invoker.java:222)
at org.testng.internal.Invoker.invokeMethod(Invoker.java:520)
at org.testng.internal.Invoker.invokeTestMethod(Invoker.java:716)
at org.testng.internal.Invoker.invokeTestMethods(Invoker.java:988)
at org.testng.internal.TestMethodWorker.invokeTestMethods(TestMethodWorker.java:125)
at org.testng.internal.TestMethodWorker.run(TestMethodWorker.java:109)
at org.testng.TestRunner.privateRun(TestRunner.java:648)
at org.testng.TestRunner.run(TestRunner.java:505)
at org.testng.SuiteRunner.runTest(SuiteRunner.java:455)
at org.testng.SuiteRunner.runSequentially(SuiteRunner.java:450)
at org.testng.SuiteRunner.privateRun(SuiteRunner.java:415)
at org.testng.SuiteRunner.run(SuiteRunner.java:364)
at org.testng.SuiteRunnerWorker.runSuite(SuiteRunnerWorker.java:52)
at org.testng.SuiteRunnerWorker.run(SuiteRunnerWorker.java:84)
at org.testng.TestNG.runSuitesSequentially(TestNG.java:1208)
at org.testng.TestNG.runSuitesLocally(TestNG.java:1137)
at org.testng.TestNG.runSuites(TestNG.java:1049)
at org.testng.TestNG.run(TestNG.java:1017)
at org.testng.remote.AbstractRemoteTestNG.run(AbstractRemoteTestNG.java:114)
at org.testng.remote.RemoteTestNG.initAndRun(RemoteTestNG.java:251)
at org.testng.remote.RemoteTestNG.main(RemoteTestNG.java:77)
Caused by: org.openqa.selenium.net.UrlChecker$TimeoutException: Timed out waiting for [http://localhost:21109/hub/status] to be available after 45001 ms
at org.openqa.selenium.net.UrlChecker.waitUntilAvailable(UrlChecker.java:100)
at org.openqa.selenium.firefox.XpiDriverService.waitUntilAvailable(XpiDriverService.java:131)
... 37 more
Caused by: java.util.concurrent.TimeoutException
at java.util.concurrent.FutureTask.get(Unknown Source)
at com.google.common.util.concurrent.SimpleTimeLimiter.callWithTimeout(SimpleTimeLimiter.java:156)
at org.openqa.selenium.net.UrlChecker.waitUntilAvailable(UrlChecker.java:75)
... 38 more
]]>
            </full-stacktrace>
          </exception> <!-- org.openqa.selenium.WebDriverException -->
          <reporter-output>
            <line>
              <![CDATA[(About@Test Method)Test Method resides in com.torenzosite.qa.testcases.LeaveUsPageTest]]>
            </line>
            <line>
              <![CDATA[Test Status: Skipped]]>
            </line>
            <line>
              <![CDATA[About to begin executing following method : LeaveUsPageTest.verifyLeaveUsPageTitle]]>
            </line>
            <line>
              <![CDATA[Completed executing following method : LeaveUsPageTest.verifyLeaveUsPageTitle]]>
            </line>
            <line>
              <![CDATA[About to begin executing following method : HardwarePageTest.setUp]]>
            </line>
          </reporter-output>
        </test-method> <!-- verifyLeaveUsPageTitle -->
        <test-method status="SKIP" signature="tearDown()[pri:0, instance:com.torenzosite.qa.testcases.LeaveUsPageTest@1e397ed7]" name="tearDown" is-config="true" duration-ms="0" started-at="2018-12-11T10:27:13Z" finished-at="2018-12-11T10:27:13Z">
          <reporter-output>
          </reporter-output>
        </test-method> <!-- tearDown -->
      </class> <!-- com.torenzosite.qa.testcases.LeaveUsPageTest -->
    </test> <!-- TorenzoTest -->
  </suite> <!-- Android 1 -->
</testng-results>
