<?xml version="1.0" encoding="UTF-8"?>
<!-- Generated by org.testng.reporters.JUnitXMLReporter -->
<testsuite hostname="DESKTOP-A3DICO7" ignored="0" name="TorenzoTest" tests="23" failures="2" timestamp="08 Dec 2018 05:12:39 GMT" time="784.225" errors="0">
  <testcase name="findBrokenLinkOnTorenzoMainPage" time="26.51" classname="com.torenzosite.qa.testcases.BrokenImageAndLinks"/>
  <testcase name="verifyHomePageTitle" time="0.44" classname="com.torenzosite.qa.testcases.HomePageTest"/>
  <testcase name="verifyEmailAddreeField" time="8.681" classname="com.torenzosite.qa.testcases.HomePageTest"/>
  <testcase name="verifyWithEmptyEmailAddreeField" time="24.028" classname="com.torenzosite.qa.testcases.HomePageTest"/>
  <testcase name="verifyWithInvalidEmailAddreeField" time="24.336" classname="com.torenzosite.qa.testcases.HomePageTest"/>
  <testcase name="verifyHomePageTitle" time="0.745" classname="com.torenzosite.qa.testcases.ContactUsPageTest"/>
  <testcase name="verifyContactPage" time="9.726" classname="com.torenzosite.qa.testcases.ContactUsPageTest"/>
  <testcase name="fillFormToConatctUs" time="22.589" classname="com.torenzosite.qa.testcases.ContactUsPageTest"/>
  <testcase name="verifyHomePageTitle" time="0.328" classname="com.torenzosite.qa.testcases.TorenzoPOSPageTest"/>
  <testcase name="verifyTextFromTorenzoPOSPage" time="41.907" classname="com.torenzosite.qa.testcases.TorenzoPOSPageTest">
    <failure type="org.openqa.selenium.NoSuchElementException" message="Unable to locate element: {&amp;quot;method&amp;quot;:&amp;quot;xpath&amp;quot;,&amp;quot;selector&amp;quot;:&amp;quot;//input[@type=&amp;apos;A Point of Sale Solution for the Modern Restaurant&amp;apos;]&amp;quot;}
Command duration or timeout: 0 milliseconds">
      <![CDATA[org.openqa.selenium.NoSuchElementException: Unable to locate element: {"method":"xpath","selector":"//input[@type='A Point of Sale Solution for the Modern Restaurant']"}
Command duration or timeout: 0 milliseconds
at org.openqa.selenium.remote.ErrorHandler.createThrowable(ErrorHandler.java:214)
at org.openqa.selenium.remote.ErrorHandler.throwIfResponseFailed(ErrorHandler.java:166)
at org.openqa.selenium.remote.http.JsonHttpResponseCodec.reconstructValue(JsonHttpResponseCodec.java:40)
at org.openqa.selenium.remote.http.AbstractHttpResponseCodec.decode(AbstractHttpResponseCodec.java:80)
at org.openqa.selenium.remote.http.AbstractHttpResponseCodec.decode(AbstractHttpResponseCodec.java:44)
at org.openqa.selenium.remote.HttpCommandExecutor.execute(HttpCommandExecutor.java:158)
at org.openqa.selenium.remote.service.DriverCommandExecutor.execute(DriverCommandExecutor.java:83)
at org.openqa.selenium.remote.RemoteWebDriver.execute(RemoteWebDriver.java:548)
at org.openqa.selenium.remote.RemoteWebDriver.findElement(RemoteWebDriver.java:322)
at org.openqa.selenium.remote.RemoteWebDriver.findElementByXPath(RemoteWebDriver.java:424)
at org.openqa.selenium.By$ByXPath.findElement(By.java:353)
at org.openqa.selenium.remote.RemoteWebDriver.findElement(RemoteWebDriver.java:314)
at org.openqa.selenium.support.pagefactory.DefaultElementLocator.findElement(DefaultElementLocator.java:69)
at org.openqa.selenium.support.pagefactory.internal.LocatingElementHandler.invoke(LocatingElementHandler.java:38)
at com.sun.proxy.$Proxy10.getText(Unknown Source)
at com.torenzosite.qa.pages.TorenzoPOSPage.validatetextFromTorenzoPOSPage(TorenzoPOSPage.java:29)
at com.torenzosite.qa.testcases.TorenzoPOSPageTest.verifyTextFromTorenzoPOSPage(TorenzoPOSPageTest.java:48)
Caused by: org.openqa.selenium.NoSuchElementException: Unable to locate element: {"method":"xpath","selector":"//input[@type='A Point of Sale Solution for the Modern Restaurant']"}
For documentation on this error, please visit: http://seleniumhq.org/exceptions/no_such_element.html
Build info: version: '3.14.0', revision: 'aacccce0', time: '2018-08-02T20:19:58.91Z'
System info: host: 'DESKTOP-A3DICO7', ip: '169.254.38.26', os.name: 'Windows 10', os.arch: 'amd64', os.version: '10.0', java.version: '1.8.0_131'
Driver info: driver.version: unknown
at <anonymous class>.FirefoxDriver.prototype.findElementInternal_(file:///C:/Users/Sachin/AppData/Local/Temp/anonymous964729006688841978webdriver-profile/extensions/fxdriver@googlecode.com/components/driver-component.js:11878)
at <anonymous class>.fxdriver.Timer.prototype.setTimeout/<.notify(file:///C:/Users/Sachin/AppData/Local/Temp/anonymous964729006688841978webdriver-profile/extensions/fxdriver@googlecode.com/components/driver-component.js:918)
... Removed 29 stack frames]]>
    </failure>
  </testcase> <!-- verifyTextFromTorenzoPOSPage -->
  <testcase name="verifyHomePageTitle" time="1.628" classname="com.torenzosite.qa.testcases.FeaturePageTest"/>
  <testcase name="verifyFeaturesPageTitle" time="10.652" classname="com.torenzosite.qa.testcases.FeaturePageTest"/>
  <testcase name="verifyTryTorenzoForFree" time="14.238" classname="com.torenzosite.qa.testcases.FeaturePageTest"/>
  <testcase name="fillFormFromFeaturePage" time="19.558" classname="com.torenzosite.qa.testcases.FeaturePageTest"/>
  <testcase name="verifyHomePageTitle" time="0.388" classname="com.torenzosite.qa.testcases.LeaveUsPageTest"/>
  <testcase name="verifyLeaveUsPageTitle" time="7.691" classname="com.torenzosite.qa.testcases.LeaveUsPageTest">
    <failure type="java.lang.AssertionError" message="Thank Yo uPage Title not found after failing form and clicking on Submit expected [Thank You! - Detroit, Ann Arbor, Warren | Torenzo] but found [Mobile POS Software for Businesses, Point of Sale Hardware, Retail Management Systems - Detroit, Ann Arbor, Warren | Torenzo]">
      <![CDATA[java.lang.AssertionError: Thank Yo uPage Title not found after failing form and clicking on Submit expected [Thank You! - Detroit, Ann Arbor, Warren | Torenzo] but found [Mobile POS Software for Businesses, Point of Sale Hardware, Retail Management Systems - Detroit, Ann Arbor, Warren | Torenzo]
at com.torenzosite.qa.testcases.LeaveUsPageTest.verifyLeaveUsPageTitle(LeaveUsPageTest.java:54)
... Removed 30 stack frames]]>
    </failure>
  </testcase> <!-- verifyLeaveUsPageTitle -->
  <testcase name="verifyHomePageTitle" time="0.382" classname="com.torenzosite.qa.testcases.HardwarePageTest"/>
  <testcase name="verifyHardwarePageTitle" time="13.11" classname="com.torenzosite.qa.testcases.HardwarePageTest"/>
  <testcase name="verifyContactUsPage" time="11.709" classname="com.torenzosite.qa.testcases.HardwarePageTest"/>
  <testcase name="verifyHomePageTitle" time="0.396" classname="com.torenzosite.qa.testcases.PricingPageTest"/>
  <testcase name="verifyPricingPageTitle" time="13.396" classname="com.torenzosite.qa.testcases.PricingPageTest"/>
  <testcase name="verifyHomePageTitle" time="0.353" classname="com.torenzosite.qa.testcases.TryTorenzoForFreePageTest"/>
  <testcase name="clickOnTryTorenzoForFree" time="16.346" classname="com.torenzosite.qa.testcases.TryTorenzoForFreePageTest"/>
</testsuite> <!-- TorenzoTest -->
