<html>
<head>
<title>TestNG:  TorenzoTest</title>
<link href="../testng.css" rel="stylesheet" type="text/css" />
<link href="../my-testng.css" rel="stylesheet" type="text/css" />

<style type="text/css">
.log { display: none;} 
.stack-trace { display: none;} 
</style>
<script type="text/javascript">
<!--
function flip(e) {
  current = e.style.display;
  if (current == 'block') {
    e.style.display = 'none';
    return 0;
  }
  else {
    e.style.display = 'block';
    return 1;
  }
}

function toggleBox(szDivId, elem, msg1, msg2)
{
  var res = -1;  if (document.getElementById) {
    res = flip(document.getElementById(szDivId));
  }
  else if (document.all) {
    // this is the way old msie versions work
    res = flip(document.all[szDivId]);
  }
  if(elem) {
    if(res == 0) elem.innerHTML = msg1; else elem.innerHTML = msg2;
  }

}

function toggleAllBoxes() {
  if (document.getElementsByTagName) {
    d = document.getElementsByTagName('div');
    for (i = 0; i < d.length; i++) {
      if (d[i].className == 'log') {
        flip(d[i]);
      }
    }
  }
}

// -->
</script>

</head>
<body>
<h2 align='center'>TorenzoTest</h2><table border='1' align="center">
<tr>
<td>Tests passed/Failed/Skipped:</td><td>23/7/1</td>
</tr><tr>
<td>Started on:</td><td>Sat Dec 15 11:14:45 IST 2018</td>
</tr>
<tr><td>Total time:</td><td>1278 seconds (1278949 ms)</td>
</tr><tr>
<td>Included groups:</td><td></td>
</tr><tr>
<td>Excluded groups:</td><td></td>
</tr>
</table><p/>
<small><i>(Hover the method name to see the test class name)</i></small><p/>
<table width='100%' border='1' class='invocation-failed'>
<tr><td colspan='4' align='center'><b>FAILED CONFIGURATIONS</b></td></tr>
<tr><td><b>Test method</b></td>
<td width="30%"><b>Exception</b></td>
<td width="10%"><b>Time (seconds)</b></td>
<td><b>Instance</b></td>
</tr>
<tr>
<td title='com.torenzosite.qa.testcases.BrokenImageAndLinks.setUp()'><b>setUp</b><br>Test class: com.torenzosite.qa.testcases.BrokenImageAndLinks<br/>
<a href="#Output-2003891312" onClick='toggleBox("Output-2003891312", this, "Show output", "Hide output");'>Show output</a>

<a href="#Output-2003891312" onClick="toggleAllBoxes();">Show all outputs</a>
<div class='log' id="Output-2003891312">
Completed executing following method : BrokenImageAndLinks.setUp<br/>
</div>
</td>
<td><div><pre>org.openqa.selenium.WebDriverException: Timed out waiting 45 seconds for Firefox to start.
Build info: version: &apos;3.14.0&apos;, revision: &apos;aacccce0&apos;, time: &apos;2018-08-02T20:19:58.91Z&apos;
System info: host: &apos;DESKTOP-A3DICO7&apos;, ip: &apos;169.254.38.26&apos;, os.name: &apos;Windows 10&apos;, os.arch: &apos;amd64&apos;, os.version: &apos;10.0&apos;, java.version: &apos;1.8.0_131&apos;
Driver info: driver.version: FirefoxDriver
	at org.openqa.selenium.firefox.XpiDriverService.waitUntilAvailable(XpiDriverService.java:133)
	at org.openqa.selenium.firefox.XpiDriverService.start(XpiDriverService.java:118)
	at org.openqa.selenium.remote.service.DriverCommandExecutor.execute(DriverCommandExecutor.java:79)
	at org.openqa.selenium.remote.RemoteWebDriver.execute(RemoteWebDriver.java:548)
	at org.openqa.selenium.remote.RemoteWebDriver.startSession(RemoteWebDriver.java:212)
	at org.openqa.selenium.remote.RemoteWebDriver.&lt;init&gt;(RemoteWebDriver.java:130)
	at org.openqa.selenium.firefox.FirefoxDriver.&lt;init&gt;(FirefoxDriver.java:125)
	at org.openqa.selenium.firefox.FirefoxDriver.&lt;init&gt;(FirefoxDriver.java:103)
	at com.torenzosite.qa.base.TestBase.initialization(TestBase.java:50)
	at com.torenzosite.qa.testcases.BrokenImageAndLinks.setUp(BrokenImageAndLinks.java:37)
Caused by: org.openqa.selenium.net.UrlChecker$TimeoutException: Timed out waiting for [http://localhost:8228/hub/status] to be available after 45027 ms
	at org.openqa.selenium.net.UrlChecker.waitUntilAvailable(UrlChecker.java:100)
	at org.openqa.selenium.firefox.XpiDriverService.waitUntilAvailable(XpiDriverService.java:131)
	... 37 more
Caused by: java.util.concurrent.TimeoutException
	at java.util.concurrent.FutureTask.get(Unknown Source)
	at com.google.common.util.concurrent.SimpleTimeLimiter.callWithTimeout(SimpleTimeLimiter.java:156)
	at org.openqa.selenium.net.UrlChecker.waitUntilAvailable(UrlChecker.java:75)
	... 38 more
... Removed 28 stack frames</pre></div><a href='#' onClick='toggleBox("stack-trace2003891312", this, "Click to show all stack frames", "Click to hide stack frames")'>Click to show all stack frames</a>
<div class='stack-trace' id='stack-trace2003891312'><pre>org.openqa.selenium.WebDriverException: Timed out waiting 45 seconds for Firefox to start.
Build info: version: &apos;3.14.0&apos;, revision: &apos;aacccce0&apos;, time: &apos;2018-08-02T20:19:58.91Z&apos;
System info: host: &apos;DESKTOP-A3DICO7&apos;, ip: &apos;169.254.38.26&apos;, os.name: &apos;Windows 10&apos;, os.arch: &apos;amd64&apos;, os.version: &apos;10.0&apos;, java.version: &apos;1.8.0_131&apos;
Driver info: driver.version: FirefoxDriver
	at org.openqa.selenium.firefox.XpiDriverService.waitUntilAvailable(XpiDriverService.java:133)
	at org.openqa.selenium.firefox.XpiDriverService.start(XpiDriverService.java:118)
	at org.openqa.selenium.remote.service.DriverCommandExecutor.execute(DriverCommandExecutor.java:79)
	at org.openqa.selenium.remote.RemoteWebDriver.execute(RemoteWebDriver.java:548)
	at org.openqa.selenium.remote.RemoteWebDriver.startSession(RemoteWebDriver.java:212)
	at org.openqa.selenium.remote.RemoteWebDriver.&lt;init&gt;(RemoteWebDriver.java:130)
	at org.openqa.selenium.firefox.FirefoxDriver.&lt;init&gt;(FirefoxDriver.java:125)
	at org.openqa.selenium.firefox.FirefoxDriver.&lt;init&gt;(FirefoxDriver.java:103)
	at com.torenzosite.qa.base.TestBase.initialization(TestBase.java:50)
	at com.torenzosite.qa.testcases.BrokenImageAndLinks.setUp(BrokenImageAndLinks.java:37)
	at sun.reflect.NativeMethodAccessorImpl.invoke0(Native Method)
	at sun.reflect.NativeMethodAccessorImpl.invoke(Unknown Source)
	at sun.reflect.DelegatingMethodAccessorImpl.invoke(Unknown Source)
	at java.lang.reflect.Method.invoke(Unknown Source)
	at org.testng.internal.MethodInvocationHelper.invokeMethod(MethodInvocationHelper.java:124)
	at org.testng.internal.MethodInvocationHelper.invokeMethodConsideringTimeout(MethodInvocationHelper.java:59)
	at org.testng.internal.Invoker.invokeConfigurationMethod(Invoker.java:455)
	at org.testng.internal.Invoker.invokeConfigurations(Invoker.java:222)
	at org.testng.internal.Invoker.invokeMethod(Invoker.java:520)
	at org.testng.internal.Invoker.invokeTestMethod(Invoker.java:716)
	at org.testng.internal.Invoker.invokeTestMethods(Invoker.java:988)
	at org.testng.internal.TestMethodWorker.invokeTestMethods(TestMethodWorker.java:125)
	at org.testng.internal.TestMethodWorker.run(TestMethodWorker.java:109)
	at org.testng.TestRunner.privateRun(TestRunner.java:648)
	at org.testng.TestRunner.run(TestRunner.java:505)
	at org.testng.SuiteRunner.runTest(SuiteRunner.java:455)
	at org.testng.SuiteRunner.runSequentially(SuiteRunner.java:450)
	at org.testng.SuiteRunner.privateRun(SuiteRunner.java:415)
	at org.testng.SuiteRunner.run(SuiteRunner.java:364)
	at org.testng.SuiteRunnerWorker.runSuite(SuiteRunnerWorker.java:52)
	at org.testng.SuiteRunnerWorker.run(SuiteRunnerWorker.java:84)
	at org.testng.TestNG.runSuitesSequentially(TestNG.java:1208)
	at org.testng.TestNG.runSuitesLocally(TestNG.java:1137)
	at org.testng.TestNG.runSuites(TestNG.java:1049)
	at org.testng.TestNG.run(TestNG.java:1017)
	at org.testng.remote.AbstractRemoteTestNG.run(AbstractRemoteTestNG.java:114)
	at org.testng.remote.RemoteTestNG.initAndRun(RemoteTestNG.java:251)
	at org.testng.remote.RemoteTestNG.main(RemoteTestNG.java:77)
Caused by: org.openqa.selenium.net.UrlChecker$TimeoutException: Timed out waiting for [http://localhost:8228/hub/status] to be available after 45027 ms
	at org.openqa.selenium.net.UrlChecker.waitUntilAvailable(UrlChecker.java:100)
	at org.openqa.selenium.firefox.XpiDriverService.waitUntilAvailable(XpiDriverService.java:131)
	... 37 more
Caused by: java.util.concurrent.TimeoutException
	at java.util.concurrent.FutureTask.get(Unknown Source)
	at com.google.common.util.concurrent.SimpleTimeLimiter.callWithTimeout(SimpleTimeLimiter.java:156)
	at org.openqa.selenium.net.UrlChecker.waitUntilAvailable(UrlChecker.java:75)
	... 38 more
</pre></div></td>
<td>60</td>
<td>com.torenzosite.qa.testcases.BrokenImageAndLinks@31a5c39e</td></tr>
</table><p>
<table width='100%' border='1' class='invocation-skipped'>
<tr><td colspan='4' align='center'><b>SKIPPED CONFIGURATIONS</b></td></tr>
<tr><td><b>Test method</b></td>
<td width="30%"><b>Exception</b></td>
<td width="10%"><b>Time (seconds)</b></td>
<td><b>Instance</b></td>
</tr>
<tr>
<td title='com.torenzosite.qa.testcases.BrokenImageAndLinks.tearDown()'><b>tearDown</b><br>Test class: com.torenzosite.qa.testcases.BrokenImageAndLinks</td>
<td></td>
<td>0</td>
<td>com.torenzosite.qa.testcases.BrokenImageAndLinks@31a5c39e</td></tr>
</table><p>
<table width='100%' border='1' class='invocation-failed'>
<tr><td colspan='4' align='center'><b>FAILED TESTS</b></td></tr>
<tr><td><b>Test method</b></td>
<td width="30%"><b>Exception</b></td>
<td width="10%"><b>Time (seconds)</b></td>
<td><b>Instance</b></td>
</tr>
<tr>
<td title='com.torenzosite.qa.testcases.TryTorenzoForFreePageTest.clickOnTryTorenzoForFreeAndFillForm()'><b>clickOnTryTorenzoForFreeAndFillForm</b><br>Test class: com.torenzosite.qa.testcases.TryTorenzoForFreePageTest<br/>
<a href="#Output-1142350221" onClick='toggleBox("Output-1142350221", this, "Show output", "Hide output");'>Show output</a>

<a href="#Output-1142350221" onClick="toggleAllBoxes();">Show all outputs</a>
<div class='log' id="Output-1142350221">
About to begin executing following method : TryTorenzoForFreePageTest.clickOnTryTorenzoForFreeAndFillForm<br/>
Completed executing following method : TryTorenzoForFreePageTest.clickOnTryTorenzoForFreeAndFillForm<br/>
About to begin executing following method : TryTorenzoForFreePageTest.tearDown<br/>
</div>
</td>
<td><div><pre>java.lang.AssertionError: Thank You Page Title not found after failing form and clicking on Submit expected [Thank You! - Detroit, Ann Arbor, Warren | Torenzo] but found [Mobile POS Software for Businesses, Point of Sale Hardware, Retail Management Systems - Detroit, Ann Arbor, Warren | Torenzo]
	at com.torenzosite.qa.testcases.TryTorenzoForFreePageTest.clickOnTryTorenzoForFreeAndFillForm(TryTorenzoForFreePageTest.java:116)
... Removed 30 stack frames</pre></div><a href='#' onClick='toggleBox("stack-trace1142350221", this, "Click to show all stack frames", "Click to hide stack frames")'>Click to show all stack frames</a>
<div class='stack-trace' id='stack-trace1142350221'><pre>java.lang.AssertionError: Thank You Page Title not found after failing form and clicking on Submit expected [Thank You! - Detroit, Ann Arbor, Warren | Torenzo] but found [Mobile POS Software for Businesses, Point of Sale Hardware, Retail Management Systems - Detroit, Ann Arbor, Warren | Torenzo]
	at org.testng.Assert.fail(Assert.java:96)
	at org.testng.Assert.failNotEquals(Assert.java:776)
	at org.testng.Assert.assertEqualsImpl(Assert.java:137)
	at org.testng.Assert.assertEquals(Assert.java:118)
	at org.testng.Assert.assertEquals(Assert.java:453)
	at com.torenzosite.qa.testcases.TryTorenzoForFreePageTest.clickOnTryTorenzoForFreeAndFillForm(TryTorenzoForFreePageTest.java:116)
	at sun.reflect.NativeMethodAccessorImpl.invoke0(Native Method)
	at sun.reflect.NativeMethodAccessorImpl.invoke(Unknown Source)
	at sun.reflect.DelegatingMethodAccessorImpl.invoke(Unknown Source)
	at java.lang.reflect.Method.invoke(Unknown Source)
	at org.testng.internal.MethodInvocationHelper.invokeMethod(MethodInvocationHelper.java:124)
	at org.testng.internal.Invoker.invokeMethod(Invoker.java:580)
	at org.testng.internal.Invoker.invokeTestMethod(Invoker.java:716)
	at org.testng.internal.Invoker.invokeTestMethods(Invoker.java:988)
	at org.testng.internal.TestMethodWorker.invokeTestMethods(TestMethodWorker.java:125)
	at org.testng.internal.TestMethodWorker.run(TestMethodWorker.java:109)
	at org.testng.TestRunner.privateRun(TestRunner.java:648)
	at org.testng.TestRunner.run(TestRunner.java:505)
	at org.testng.SuiteRunner.runTest(SuiteRunner.java:455)
	at org.testng.SuiteRunner.runSequentially(SuiteRunner.java:450)
	at org.testng.SuiteRunner.privateRun(SuiteRunner.java:415)
	at org.testng.SuiteRunner.run(SuiteRunner.java:364)
	at org.testng.SuiteRunnerWorker.runSuite(SuiteRunnerWorker.java:52)
	at org.testng.SuiteRunnerWorker.run(SuiteRunnerWorker.java:84)
	at org.testng.TestNG.runSuitesSequentially(TestNG.java:1208)
	at org.testng.TestNG.runSuitesLocally(TestNG.java:1137)
	at org.testng.TestNG.runSuites(TestNG.java:1049)
	at org.testng.TestNG.run(TestNG.java:1017)
	at org.testng.remote.AbstractRemoteTestNG.run(AbstractRemoteTestNG.java:114)
	at org.testng.remote.RemoteTestNG.initAndRun(RemoteTestNG.java:251)
	at org.testng.remote.RemoteTestNG.main(RemoteTestNG.java:77)
</pre></div></td>
<td>42</td>
<td>com.torenzosite.qa.testcases.TryTorenzoForFreePageTest@59494225</td></tr>
<tr>
<td title='com.torenzosite.qa.testcases.FeaturePageTest.fillFormFromFeaturePage()'><b>fillFormFromFeaturePage</b><br>Test class: com.torenzosite.qa.testcases.FeaturePageTest<br/>
<a href="#Output-499609505" onClick='toggleBox("Output-499609505", this, "Show output", "Hide output");'>Show output</a>

<a href="#Output-499609505" onClick="toggleAllBoxes();">Show all outputs</a>
<div class='log' id="Output-499609505">
About to begin executing following method : FeaturePageTest.fillFormFromFeaturePage<br/>
Completed executing following method : FeaturePageTest.fillFormFromFeaturePage<br/>
About to begin executing following method : FeaturePageTest.tearDown<br/>
</div>
</td>
<td><div><pre>java.lang.AssertionError: Thank You Page Title not found after failing form and clicking on Submit expected [Thank You! - Detroit, Ann Arbor, Warren | Torenzo] but found [Mobile POS Software for Businesses, Point of Sale Hardware, Retail Management Systems - Detroit, Ann Arbor, Warren | Torenzo]
	at com.torenzosite.qa.testcases.FeaturePageTest.fillFormFromFeaturePage(FeaturePageTest.java:135)
... Removed 30 stack frames</pre></div><a href='#' onClick='toggleBox("stack-trace499609505", this, "Click to show all stack frames", "Click to hide stack frames")'>Click to show all stack frames</a>
<div class='stack-trace' id='stack-trace499609505'><pre>java.lang.AssertionError: Thank You Page Title not found after failing form and clicking on Submit expected [Thank You! - Detroit, Ann Arbor, Warren | Torenzo] but found [Mobile POS Software for Businesses, Point of Sale Hardware, Retail Management Systems - Detroit, Ann Arbor, Warren | Torenzo]
	at org.testng.Assert.fail(Assert.java:96)
	at org.testng.Assert.failNotEquals(Assert.java:776)
	at org.testng.Assert.assertEqualsImpl(Assert.java:137)
	at org.testng.Assert.assertEquals(Assert.java:118)
	at org.testng.Assert.assertEquals(Assert.java:453)
	at com.torenzosite.qa.testcases.FeaturePageTest.fillFormFromFeaturePage(FeaturePageTest.java:135)
	at sun.reflect.NativeMethodAccessorImpl.invoke0(Native Method)
	at sun.reflect.NativeMethodAccessorImpl.invoke(Unknown Source)
	at sun.reflect.DelegatingMethodAccessorImpl.invoke(Unknown Source)
	at java.lang.reflect.Method.invoke(Unknown Source)
	at org.testng.internal.MethodInvocationHelper.invokeMethod(MethodInvocationHelper.java:124)
	at org.testng.internal.Invoker.invokeMethod(Invoker.java:580)
	at org.testng.internal.Invoker.invokeTestMethod(Invoker.java:716)
	at org.testng.internal.Invoker.invokeTestMethods(Invoker.java:988)
	at org.testng.internal.TestMethodWorker.invokeTestMethods(TestMethodWorker.java:125)
	at org.testng.internal.TestMethodWorker.run(TestMethodWorker.java:109)
	at org.testng.TestRunner.privateRun(TestRunner.java:648)
	at org.testng.TestRunner.run(TestRunner.java:505)
	at org.testng.SuiteRunner.runTest(SuiteRunner.java:455)
	at org.testng.SuiteRunner.runSequentially(SuiteRunner.java:450)
	at org.testng.SuiteRunner.privateRun(SuiteRunner.java:415)
	at org.testng.SuiteRunner.run(SuiteRunner.java:364)
	at org.testng.SuiteRunnerWorker.runSuite(SuiteRunnerWorker.java:52)
	at org.testng.SuiteRunnerWorker.run(SuiteRunnerWorker.java:84)
	at org.testng.TestNG.runSuitesSequentially(TestNG.java:1208)
	at org.testng.TestNG.runSuitesLocally(TestNG.java:1137)
	at org.testng.TestNG.runSuites(TestNG.java:1049)
	at org.testng.TestNG.run(TestNG.java:1017)
	at org.testng.remote.AbstractRemoteTestNG.run(AbstractRemoteTestNG.java:114)
	at org.testng.remote.RemoteTestNG.initAndRun(RemoteTestNG.java:251)
	at org.testng.remote.RemoteTestNG.main(RemoteTestNG.java:77)
</pre></div></td>
<td>24</td>
<td>com.torenzosite.qa.testcases.FeaturePageTest@56ac3a89</td></tr>
<tr>
<td title='com.torenzosite.qa.testcases.FeaturePageTest.fillFormWithEmptyBussinesName()'><b>fillFormWithEmptyBussinesName</b><br>Test class: com.torenzosite.qa.testcases.FeaturePageTest<br/>
<a href="#Output-1565397985" onClick='toggleBox("Output-1565397985", this, "Show output", "Hide output");'>Show output</a>

<a href="#Output-1565397985" onClick="toggleAllBoxes();">Show all outputs</a>
<div class='log' id="Output-1565397985">
About to begin executing following method : FeaturePageTest.fillFormWithEmptyBussinesName<br/>
Completed executing following method : FeaturePageTest.fillFormWithEmptyBussinesName<br/>
About to begin executing following method : FeaturePageTest.tearDown<br/>
</div>
</td>
<td><div><pre>java.lang.AssertionError: Validation message is missing upon clicking on Submit with empty data expected [This field is required.] but found [This field is required. Please enter the first and last name.]
	at com.torenzosite.qa.testcases.FeaturePageTest.fillFormWithEmptyBussinesName(FeaturePageTest.java:252)
... Removed 30 stack frames</pre></div><a href='#' onClick='toggleBox("stack-trace1565397985", this, "Click to show all stack frames", "Click to hide stack frames")'>Click to show all stack frames</a>
<div class='stack-trace' id='stack-trace1565397985'><pre>java.lang.AssertionError: Validation message is missing upon clicking on Submit with empty data expected [This field is required.] but found [This field is required. Please enter the first and last name.]
	at org.testng.Assert.fail(Assert.java:96)
	at org.testng.Assert.failNotEquals(Assert.java:776)
	at org.testng.Assert.assertEqualsImpl(Assert.java:137)
	at org.testng.Assert.assertEquals(Assert.java:118)
	at org.testng.Assert.assertEquals(Assert.java:453)
	at com.torenzosite.qa.testcases.FeaturePageTest.fillFormWithEmptyBussinesName(FeaturePageTest.java:252)
	at sun.reflect.NativeMethodAccessorImpl.invoke0(Native Method)
	at sun.reflect.NativeMethodAccessorImpl.invoke(Unknown Source)
	at sun.reflect.DelegatingMethodAccessorImpl.invoke(Unknown Source)
	at java.lang.reflect.Method.invoke(Unknown Source)
	at org.testng.internal.MethodInvocationHelper.invokeMethod(MethodInvocationHelper.java:124)
	at org.testng.internal.Invoker.invokeMethod(Invoker.java:580)
	at org.testng.internal.Invoker.invokeTestMethod(Invoker.java:716)
	at org.testng.internal.Invoker.invokeTestMethods(Invoker.java:988)
	at org.testng.internal.TestMethodWorker.invokeTestMethods(TestMethodWorker.java:125)
	at org.testng.internal.TestMethodWorker.run(TestMethodWorker.java:109)
	at org.testng.TestRunner.privateRun(TestRunner.java:648)
	at org.testng.TestRunner.run(TestRunner.java:505)
	at org.testng.SuiteRunner.runTest(SuiteRunner.java:455)
	at org.testng.SuiteRunner.runSequentially(SuiteRunner.java:450)
	at org.testng.SuiteRunner.privateRun(SuiteRunner.java:415)
	at org.testng.SuiteRunner.run(SuiteRunner.java:364)
	at org.testng.SuiteRunnerWorker.runSuite(SuiteRunnerWorker.java:52)
	at org.testng.SuiteRunnerWorker.run(SuiteRunnerWorker.java:84)
	at org.testng.TestNG.runSuitesSequentially(TestNG.java:1208)
	at org.testng.TestNG.runSuitesLocally(TestNG.java:1137)
	at org.testng.TestNG.runSuites(TestNG.java:1049)
	at org.testng.TestNG.run(TestNG.java:1017)
	at org.testng.remote.AbstractRemoteTestNG.run(AbstractRemoteTestNG.java:114)
	at org.testng.remote.RemoteTestNG.initAndRun(RemoteTestNG.java:251)
	at org.testng.remote.RemoteTestNG.main(RemoteTestNG.java:77)
</pre></div></td>
<td>36</td>
<td>com.torenzosite.qa.testcases.FeaturePageTest@56ac3a89</td></tr>
<tr>
<td title='com.torenzosite.qa.testcases.FeaturePageTest.fillFormWithEmptyEmaildId()'><b>fillFormWithEmptyEmaildId</b><br>Test class: com.torenzosite.qa.testcases.FeaturePageTest<br/>
<a href="#Output-934636231" onClick='toggleBox("Output-934636231", this, "Show output", "Hide output");'>Show output</a>

<a href="#Output-934636231" onClick="toggleAllBoxes();">Show all outputs</a>
<div class='log' id="Output-934636231">
About to begin executing following method : FeaturePageTest.fillFormWithEmptyEmaildId<br/>
Completed executing following method : FeaturePageTest.fillFormWithEmptyEmaildId<br/>
About to begin executing following method : FeaturePageTest.tearDown<br/>
</div>
</td>
<td><div><pre>java.lang.AssertionError: Validation message is missing upon clicking on Submit with empty data expected [This field is required.] but found [This field is required. Please enter the first and last name.]
	at com.torenzosite.qa.testcases.FeaturePageTest.fillFormWithEmptyEmaildId(FeaturePageTest.java:224)
... Removed 30 stack frames</pre></div><a href='#' onClick='toggleBox("stack-trace934636231", this, "Click to show all stack frames", "Click to hide stack frames")'>Click to show all stack frames</a>
<div class='stack-trace' id='stack-trace934636231'><pre>java.lang.AssertionError: Validation message is missing upon clicking on Submit with empty data expected [This field is required.] but found [This field is required. Please enter the first and last name.]
	at org.testng.Assert.fail(Assert.java:96)
	at org.testng.Assert.failNotEquals(Assert.java:776)
	at org.testng.Assert.assertEqualsImpl(Assert.java:137)
	at org.testng.Assert.assertEquals(Assert.java:118)
	at org.testng.Assert.assertEquals(Assert.java:453)
	at com.torenzosite.qa.testcases.FeaturePageTest.fillFormWithEmptyEmaildId(FeaturePageTest.java:224)
	at sun.reflect.NativeMethodAccessorImpl.invoke0(Native Method)
	at sun.reflect.NativeMethodAccessorImpl.invoke(Unknown Source)
	at sun.reflect.DelegatingMethodAccessorImpl.invoke(Unknown Source)
	at java.lang.reflect.Method.invoke(Unknown Source)
	at org.testng.internal.MethodInvocationHelper.invokeMethod(MethodInvocationHelper.java:124)
	at org.testng.internal.Invoker.invokeMethod(Invoker.java:580)
	at org.testng.internal.Invoker.invokeTestMethod(Invoker.java:716)
	at org.testng.internal.Invoker.invokeTestMethods(Invoker.java:988)
	at org.testng.internal.TestMethodWorker.invokeTestMethods(TestMethodWorker.java:125)
	at org.testng.internal.TestMethodWorker.run(TestMethodWorker.java:109)
	at org.testng.TestRunner.privateRun(TestRunner.java:648)
	at org.testng.TestRunner.run(TestRunner.java:505)
	at org.testng.SuiteRunner.runTest(SuiteRunner.java:455)
	at org.testng.SuiteRunner.runSequentially(SuiteRunner.java:450)
	at org.testng.SuiteRunner.privateRun(SuiteRunner.java:415)
	at org.testng.SuiteRunner.run(SuiteRunner.java:364)
	at org.testng.SuiteRunnerWorker.runSuite(SuiteRunnerWorker.java:52)
	at org.testng.SuiteRunnerWorker.run(SuiteRunnerWorker.java:84)
	at org.testng.TestNG.runSuitesSequentially(TestNG.java:1208)
	at org.testng.TestNG.runSuitesLocally(TestNG.java:1137)
	at org.testng.TestNG.runSuites(TestNG.java:1049)
	at org.testng.TestNG.run(TestNG.java:1017)
	at org.testng.remote.AbstractRemoteTestNG.run(AbstractRemoteTestNG.java:114)
	at org.testng.remote.RemoteTestNG.initAndRun(RemoteTestNG.java:251)
	at org.testng.remote.RemoteTestNG.main(RemoteTestNG.java:77)
</pre></div></td>
<td>40</td>
<td>com.torenzosite.qa.testcases.FeaturePageTest@56ac3a89</td></tr>
<tr>
<td title='com.torenzosite.qa.testcases.FeaturePageTest.fillFormWithEmptyPhoneNumber()'><b>fillFormWithEmptyPhoneNumber</b><br>Test class: com.torenzosite.qa.testcases.FeaturePageTest<br/>
<a href="#Output-80052821" onClick='toggleBox("Output-80052821", this, "Show output", "Hide output");'>Show output</a>

<a href="#Output-80052821" onClick="toggleAllBoxes();">Show all outputs</a>
<div class='log' id="Output-80052821">
About to begin executing following method : FeaturePageTest.fillFormWithEmptyPhoneNumber<br/>
Completed executing following method : FeaturePageTest.fillFormWithEmptyPhoneNumber<br/>
About to begin executing following method : FeaturePageTest.tearDown<br/>
</div>
</td>
<td><div><pre>java.lang.AssertionError: Validation message is missing upon clicking on Submit with empty data expected [This field is required.] but found [This field is required. Please enter the first and last name.]
	at com.torenzosite.qa.testcases.FeaturePageTest.fillFormWithEmptyPhoneNumber(FeaturePageTest.java:195)
... Removed 30 stack frames</pre></div><a href='#' onClick='toggleBox("stack-trace80052821", this, "Click to show all stack frames", "Click to hide stack frames")'>Click to show all stack frames</a>
<div class='stack-trace' id='stack-trace80052821'><pre>java.lang.AssertionError: Validation message is missing upon clicking on Submit with empty data expected [This field is required.] but found [This field is required. Please enter the first and last name.]
	at org.testng.Assert.fail(Assert.java:96)
	at org.testng.Assert.failNotEquals(Assert.java:776)
	at org.testng.Assert.assertEqualsImpl(Assert.java:137)
	at org.testng.Assert.assertEquals(Assert.java:118)
	at org.testng.Assert.assertEquals(Assert.java:453)
	at com.torenzosite.qa.testcases.FeaturePageTest.fillFormWithEmptyPhoneNumber(FeaturePageTest.java:195)
	at sun.reflect.NativeMethodAccessorImpl.invoke0(Native Method)
	at sun.reflect.NativeMethodAccessorImpl.invoke(Unknown Source)
	at sun.reflect.DelegatingMethodAccessorImpl.invoke(Unknown Source)
	at java.lang.reflect.Method.invoke(Unknown Source)
	at org.testng.internal.MethodInvocationHelper.invokeMethod(MethodInvocationHelper.java:124)
	at org.testng.internal.Invoker.invokeMethod(Invoker.java:580)
	at org.testng.internal.Invoker.invokeTestMethod(Invoker.java:716)
	at org.testng.internal.Invoker.invokeTestMethods(Invoker.java:988)
	at org.testng.internal.TestMethodWorker.invokeTestMethods(TestMethodWorker.java:125)
	at org.testng.internal.TestMethodWorker.run(TestMethodWorker.java:109)
	at org.testng.TestRunner.privateRun(TestRunner.java:648)
	at org.testng.TestRunner.run(TestRunner.java:505)
	at org.testng.SuiteRunner.runTest(SuiteRunner.java:455)
	at org.testng.SuiteRunner.runSequentially(SuiteRunner.java:450)
	at org.testng.SuiteRunner.privateRun(SuiteRunner.java:415)
	at org.testng.SuiteRunner.run(SuiteRunner.java:364)
	at org.testng.SuiteRunnerWorker.runSuite(SuiteRunnerWorker.java:52)
	at org.testng.SuiteRunnerWorker.run(SuiteRunnerWorker.java:84)
	at org.testng.TestNG.runSuitesSequentially(TestNG.java:1208)
	at org.testng.TestNG.runSuitesLocally(TestNG.java:1137)
	at org.testng.TestNG.runSuites(TestNG.java:1049)
	at org.testng.TestNG.run(TestNG.java:1017)
	at org.testng.remote.AbstractRemoteTestNG.run(AbstractRemoteTestNG.java:114)
	at org.testng.remote.RemoteTestNG.initAndRun(RemoteTestNG.java:251)
	at org.testng.remote.RemoteTestNG.main(RemoteTestNG.java:77)
</pre></div></td>
<td>38</td>
<td>com.torenzosite.qa.testcases.FeaturePageTest@56ac3a89</td></tr>
<tr>
<td title='com.torenzosite.qa.testcases.FeaturePageTest.fillFormWithIncorrectEmailId()'><b>fillFormWithIncorrectEmailId</b><br>Test class: com.torenzosite.qa.testcases.FeaturePageTest<br/>
<a href="#Output-832743930" onClick='toggleBox("Output-832743930", this, "Show output", "Hide output");'>Show output</a>

<a href="#Output-832743930" onClick="toggleAllBoxes();">Show all outputs</a>
<div class='log' id="Output-832743930">
About to begin executing following method : FeaturePageTest.fillFormWithIncorrectEmailId<br/>
Completed executing following method : FeaturePageTest.fillFormWithIncorrectEmailId<br/>
About to begin executing following method : FeaturePageTest.tearDown<br/>
</div>
</td>
<td><div><pre>java.lang.AssertionError: Validation message is missing upon clicking on Submit with empty data expected [Please enter a valid email address.] but found [This field is required. Please enter the first and last name.]
	at com.torenzosite.qa.testcases.FeaturePageTest.fillFormWithIncorrectEmailId(FeaturePageTest.java:281)
... Removed 30 stack frames</pre></div><a href='#' onClick='toggleBox("stack-trace832743930", this, "Click to show all stack frames", "Click to hide stack frames")'>Click to show all stack frames</a>
<div class='stack-trace' id='stack-trace832743930'><pre>java.lang.AssertionError: Validation message is missing upon clicking on Submit with empty data expected [Please enter a valid email address.] but found [This field is required. Please enter the first and last name.]
	at org.testng.Assert.fail(Assert.java:96)
	at org.testng.Assert.failNotEquals(Assert.java:776)
	at org.testng.Assert.assertEqualsImpl(Assert.java:137)
	at org.testng.Assert.assertEquals(Assert.java:118)
	at org.testng.Assert.assertEquals(Assert.java:453)
	at com.torenzosite.qa.testcases.FeaturePageTest.fillFormWithIncorrectEmailId(FeaturePageTest.java:281)
	at sun.reflect.NativeMethodAccessorImpl.invoke0(Native Method)
	at sun.reflect.NativeMethodAccessorImpl.invoke(Unknown Source)
	at sun.reflect.DelegatingMethodAccessorImpl.invoke(Unknown Source)
	at java.lang.reflect.Method.invoke(Unknown Source)
	at org.testng.internal.MethodInvocationHelper.invokeMethod(MethodInvocationHelper.java:124)
	at org.testng.internal.Invoker.invokeMethod(Invoker.java:580)
	at org.testng.internal.Invoker.invokeTestMethod(Invoker.java:716)
	at org.testng.internal.Invoker.invokeTestMethods(Invoker.java:988)
	at org.testng.internal.TestMethodWorker.invokeTestMethods(TestMethodWorker.java:125)
	at org.testng.internal.TestMethodWorker.run(TestMethodWorker.java:109)
	at org.testng.TestRunner.privateRun(TestRunner.java:648)
	at org.testng.TestRunner.run(TestRunner.java:505)
	at org.testng.SuiteRunner.runTest(SuiteRunner.java:455)
	at org.testng.SuiteRunner.runSequentially(SuiteRunner.java:450)
	at org.testng.SuiteRunner.privateRun(SuiteRunner.java:415)
	at org.testng.SuiteRunner.run(SuiteRunner.java:364)
	at org.testng.SuiteRunnerWorker.runSuite(SuiteRunnerWorker.java:52)
	at org.testng.SuiteRunnerWorker.run(SuiteRunnerWorker.java:84)
	at org.testng.TestNG.runSuitesSequentially(TestNG.java:1208)
	at org.testng.TestNG.runSuitesLocally(TestNG.java:1137)
	at org.testng.TestNG.runSuites(TestNG.java:1049)
	at org.testng.TestNG.run(TestNG.java:1017)
	at org.testng.remote.AbstractRemoteTestNG.run(AbstractRemoteTestNG.java:114)
	at org.testng.remote.RemoteTestNG.initAndRun(RemoteTestNG.java:251)
	at org.testng.remote.RemoteTestNG.main(RemoteTestNG.java:77)
</pre></div></td>
<td>36</td>
<td>com.torenzosite.qa.testcases.FeaturePageTest@56ac3a89</td></tr>
<tr>
<td title='com.torenzosite.qa.testcases.LeaveUsPageTest.verifyLeaveUsPageTitle()'><b>verifyLeaveUsPageTitle</b><br>Test class: com.torenzosite.qa.testcases.LeaveUsPageTest<br/>
<a href="#Output-157843285" onClick='toggleBox("Output-157843285", this, "Show output", "Hide output");'>Show output</a>

<a href="#Output-157843285" onClick="toggleAllBoxes();">Show all outputs</a>
<div class='log' id="Output-157843285">
About to begin executing following method : LeaveUsPageTest.verifyLeaveUsPageTitle<br/>
Completed executing following method : LeaveUsPageTest.verifyLeaveUsPageTitle<br/>
About to begin executing following method : LeaveUsPageTest.tearDown<br/>
</div>
</td>
<td><div><pre>java.lang.AssertionError: Thank You Page Title not found after failing form and clicking on Submit expected [Thank You! - Detroit, Ann Arbor, Warren | Torenzo] but found [Mobile POS Software for Businesses, Point of Sale Hardware, Retail Management Systems - Detroit, Ann Arbor, Warren | Torenzo]
	at com.torenzosite.qa.testcases.LeaveUsPageTest.verifyLeaveUsPageTitle(LeaveUsPageTest.java:92)
... Removed 30 stack frames</pre></div><a href='#' onClick='toggleBox("stack-trace157843285", this, "Click to show all stack frames", "Click to hide stack frames")'>Click to show all stack frames</a>
<div class='stack-trace' id='stack-trace157843285'><pre>java.lang.AssertionError: Thank You Page Title not found after failing form and clicking on Submit expected [Thank You! - Detroit, Ann Arbor, Warren | Torenzo] but found [Mobile POS Software for Businesses, Point of Sale Hardware, Retail Management Systems - Detroit, Ann Arbor, Warren | Torenzo]
	at org.testng.Assert.fail(Assert.java:96)
	at org.testng.Assert.failNotEquals(Assert.java:776)
	at org.testng.Assert.assertEqualsImpl(Assert.java:137)
	at org.testng.Assert.assertEquals(Assert.java:118)
	at org.testng.Assert.assertEquals(Assert.java:453)
	at com.torenzosite.qa.testcases.LeaveUsPageTest.verifyLeaveUsPageTitle(LeaveUsPageTest.java:92)
	at sun.reflect.NativeMethodAccessorImpl.invoke0(Native Method)
	at sun.reflect.NativeMethodAccessorImpl.invoke(Unknown Source)
	at sun.reflect.DelegatingMethodAccessorImpl.invoke(Unknown Source)
	at java.lang.reflect.Method.invoke(Unknown Source)
	at org.testng.internal.MethodInvocationHelper.invokeMethod(MethodInvocationHelper.java:124)
	at org.testng.internal.Invoker.invokeMethod(Invoker.java:580)
	at org.testng.internal.Invoker.invokeTestMethod(Invoker.java:716)
	at org.testng.internal.Invoker.invokeTestMethods(Invoker.java:988)
	at org.testng.internal.TestMethodWorker.invokeTestMethods(TestMethodWorker.java:125)
	at org.testng.internal.TestMethodWorker.run(TestMethodWorker.java:109)
	at org.testng.TestRunner.privateRun(TestRunner.java:648)
	at org.testng.TestRunner.run(TestRunner.java:505)
	at org.testng.SuiteRunner.runTest(SuiteRunner.java:455)
	at org.testng.SuiteRunner.runSequentially(SuiteRunner.java:450)
	at org.testng.SuiteRunner.privateRun(SuiteRunner.java:415)
	at org.testng.SuiteRunner.run(SuiteRunner.java:364)
	at org.testng.SuiteRunnerWorker.runSuite(SuiteRunnerWorker.java:52)
	at org.testng.SuiteRunnerWorker.run(SuiteRunnerWorker.java:84)
	at org.testng.TestNG.runSuitesSequentially(TestNG.java:1208)
	at org.testng.TestNG.runSuitesLocally(TestNG.java:1137)
	at org.testng.TestNG.runSuites(TestNG.java:1049)
	at org.testng.TestNG.run(TestNG.java:1017)
	at org.testng.remote.AbstractRemoteTestNG.run(AbstractRemoteTestNG.java:114)
	at org.testng.remote.RemoteTestNG.initAndRun(RemoteTestNG.java:251)
	at org.testng.remote.RemoteTestNG.main(RemoteTestNG.java:77)
</pre></div></td>
<td>38</td>
<td>com.torenzosite.qa.testcases.LeaveUsPageTest@27c20538</td></tr>
</table><p>
<table width='100%' border='1' class='invocation-passed'>
<tr><td colspan='4' align='center'><b>PASSED TESTS</b></td></tr>
<tr><td><b>Test method</b></td>
<td width="30%"><b>Exception</b></td>
<td width="10%"><b>Time (seconds)</b></td>
<td><b>Instance</b></td>
</tr>
<tr>
<td title='com.torenzosite.qa.testcases.FeaturePageTest.closeToForm()'><b>closeToForm</b><br>Test class: com.torenzosite.qa.testcases.FeaturePageTest<br/>
<a href="#Output-816302479" onClick='toggleBox("Output-816302479", this, "Show output", "Hide output");'>Show output</a>

<a href="#Output-816302479" onClick="toggleAllBoxes();">Show all outputs</a>
<div class='log' id="Output-816302479">
About to begin executing following method : FeaturePageTest.closeToForm<br/>
Completed executing following method : FeaturePageTest.closeToForm<br/>
About to begin executing following method : FeaturePageTest.tearDown<br/>
</div>
</td>
<td></td>
<td>7</td>
<td>com.torenzosite.qa.testcases.FeaturePageTest@56ac3a89</td></tr>
<tr>
<td title='com.torenzosite.qa.testcases.ContactUsPageTest.fillFormToConatctUs()'><b>fillFormToConatctUs</b><br>Test class: com.torenzosite.qa.testcases.ContactUsPageTest<br/>
<a href="#Output-375097969" onClick='toggleBox("Output-375097969", this, "Show output", "Hide output");'>Show output</a>

<a href="#Output-375097969" onClick="toggleAllBoxes();">Show all outputs</a>
<div class='log' id="Output-375097969">
About to begin executing following method : ContactUsPageTest.fillFormToConatctUs<br/>
Completed executing following method : ContactUsPageTest.fillFormToConatctUs<br/>
About to begin executing following method : ContactUsPageTest.tearDown<br/>
</div>
</td>
<td></td>
<td>23</td>
<td>com.torenzosite.qa.testcases.ContactUsPageTest@1e397ed7</td></tr>
<tr>
<td title='com.torenzosite.qa.testcases.ContactUsPageTest.fillFormToConatctUsWithEmpty()'><b>fillFormToConatctUsWithEmpty</b><br>Test class: com.torenzosite.qa.testcases.ContactUsPageTest<br/>
<a href="#Output-641664202" onClick='toggleBox("Output-641664202", this, "Show output", "Hide output");'>Show output</a>

<a href="#Output-641664202" onClick="toggleAllBoxes();">Show all outputs</a>
<div class='log' id="Output-641664202">
About to begin executing following method : ContactUsPageTest.fillFormToConatctUsWithEmpty<br/>
Completed executing following method : ContactUsPageTest.fillFormToConatctUsWithEmpty<br/>
About to begin executing following method : ContactUsPageTest.tearDown<br/>
</div>
</td>
<td></td>
<td>35</td>
<td>com.torenzosite.qa.testcases.ContactUsPageTest@1e397ed7</td></tr>
<tr>
<td title='com.torenzosite.qa.testcases.ContactUsPageTest.fillFormToConatctUsWithIncorrectEmail()'><b>fillFormToConatctUsWithIncorrectEmail</b><br>Test class: com.torenzosite.qa.testcases.ContactUsPageTest<br/>
<a href="#Output-202064342" onClick='toggleBox("Output-202064342", this, "Show output", "Hide output");'>Show output</a>

<a href="#Output-202064342" onClick="toggleAllBoxes();">Show all outputs</a>
<div class='log' id="Output-202064342">
About to begin executing following method : ContactUsPageTest.fillFormToConatctUsWithIncorrectEmail<br/>
Completed executing following method : ContactUsPageTest.fillFormToConatctUsWithIncorrectEmail<br/>
About to begin executing following method : ContactUsPageTest.tearDown<br/>
</div>
</td>
<td></td>
<td>38</td>
<td>com.torenzosite.qa.testcases.ContactUsPageTest@1e397ed7</td></tr>
<tr>
<td title='com.torenzosite.qa.testcases.FeaturePageTest.fillFormWithEmptyData()'><b>fillFormWithEmptyData</b><br>Test class: com.torenzosite.qa.testcases.FeaturePageTest<br/>
<a href="#Output-1943275118" onClick='toggleBox("Output-1943275118", this, "Show output", "Hide output");'>Show output</a>

<a href="#Output-1943275118" onClick="toggleAllBoxes();">Show all outputs</a>
<div class='log' id="Output-1943275118">
About to begin executing following method : FeaturePageTest.fillFormWithEmptyData<br/>
Completed executing following method : FeaturePageTest.fillFormWithEmptyData<br/>
About to begin executing following method : FeaturePageTest.tearDown<br/>
</div>
</td>
<td></td>
<td>38</td>
<td>com.torenzosite.qa.testcases.FeaturePageTest@56ac3a89</td></tr>
<tr>
<td title='com.torenzosite.qa.testcases.ContactUsPageTest.verifyContactPage()'><b>verifyContactPage</b><br>Test class: com.torenzosite.qa.testcases.ContactUsPageTest<br/>
<a href="#Output-1011044643" onClick='toggleBox("Output-1011044643", this, "Show output", "Hide output");'>Show output</a>

<a href="#Output-1011044643" onClick="toggleAllBoxes();">Show all outputs</a>
<div class='log' id="Output-1011044643">
About to begin executing following method : ContactUsPageTest.verifyContactPage<br/>
Completed executing following method : ContactUsPageTest.verifyContactPage<br/>
About to begin executing following method : ContactUsPageTest.tearDown<br/>
</div>
</td>
<td></td>
<td>9</td>
<td>com.torenzosite.qa.testcases.ContactUsPageTest@1e397ed7</td></tr>
<tr>
<td title='com.torenzosite.qa.testcases.HardwarePageTest.verifyContactUsPage()'><b>verifyContactUsPage</b><br>Test class: com.torenzosite.qa.testcases.HardwarePageTest<br/>
<a href="#Output-1700973603" onClick='toggleBox("Output-1700973603", this, "Show output", "Hide output");'>Show output</a>

<a href="#Output-1700973603" onClick="toggleAllBoxes();">Show all outputs</a>
<div class='log' id="Output-1700973603">
About to begin executing following method : HardwarePageTest.verifyContactUsPage<br/>
Completed executing following method : HardwarePageTest.verifyContactUsPage<br/>
About to begin executing following method : HardwarePageTest.tearDown<br/>
</div>
</td>
<td></td>
<td>10</td>
<td>com.torenzosite.qa.testcases.HardwarePageTest@72d818d1</td></tr>
<tr>
<td title='com.torenzosite.qa.testcases.HomePageTest.verifyEmailAddreeField()'><b>verifyEmailAddreeField</b><br>Test class: com.torenzosite.qa.testcases.HomePageTest<br/>
<a href="#Output-1750286943" onClick='toggleBox("Output-1750286943", this, "Show output", "Hide output");'>Show output</a>

<a href="#Output-1750286943" onClick="toggleAllBoxes();">Show all outputs</a>
<div class='log' id="Output-1750286943">
About to begin executing following method : HomePageTest.verifyEmailAddreeField<br/>
Completed executing following method : HomePageTest.verifyEmailAddreeField<br/>
About to begin executing following method : HomePageTest.tearDown<br/>
</div>
</td>
<td></td>
<td>16</td>
<td>com.torenzosite.qa.testcases.HomePageTest@3f49dace</td></tr>
<tr>
<td title='com.torenzosite.qa.testcases.FeaturePageTest.verifyFeaturesPageTitle()'><b>verifyFeaturesPageTitle</b><br>Test class: com.torenzosite.qa.testcases.FeaturePageTest<br/>
<a href="#Output-557342904" onClick='toggleBox("Output-557342904", this, "Show output", "Hide output");'>Show output</a>

<a href="#Output-557342904" onClick="toggleAllBoxes();">Show all outputs</a>
<div class='log' id="Output-557342904">
About to begin executing following method : FeaturePageTest.verifyFeaturesPageTitle<br/>
Completed executing following method : FeaturePageTest.verifyFeaturesPageTitle<br/>
About to begin executing following method : FeaturePageTest.tearDown<br/>
</div>
</td>
<td></td>
<td>9</td>
<td>com.torenzosite.qa.testcases.FeaturePageTest@56ac3a89</td></tr>
<tr>
<td title='com.torenzosite.qa.testcases.HardwarePageTest.verifyHardwarePageTitle()'><b>verifyHardwarePageTitle</b><br>Test class: com.torenzosite.qa.testcases.HardwarePageTest<br/>
<a href="#Output-977952572" onClick='toggleBox("Output-977952572", this, "Show output", "Hide output");'>Show output</a>

<a href="#Output-977952572" onClick="toggleAllBoxes();">Show all outputs</a>
<div class='log' id="Output-977952572">
About to begin executing following method : HardwarePageTest.verifyHardwarePageTitle<br/>
Completed executing following method : HardwarePageTest.verifyHardwarePageTitle<br/>
About to begin executing following method : HardwarePageTest.tearDown<br/>
</div>
</td>
<td></td>
<td>13</td>
<td>com.torenzosite.qa.testcases.HardwarePageTest@72d818d1</td></tr>
<tr>
<td title='com.torenzosite.qa.testcases.HomePageTest.verifyHomePageTitle()'><b>verifyHomePageTitle</b><br>Test class: com.torenzosite.qa.testcases.HomePageTest<br/>
<a href="#Output-968113504" onClick='toggleBox("Output-968113504", this, "Show output", "Hide output");'>Show output</a>

<a href="#Output-968113504" onClick="toggleAllBoxes();">Show all outputs</a>
<div class='log' id="Output-968113504">
About to begin executing following method : HomePageTest.verifyHomePageTitle<br/>
Completed executing following method : HomePageTest.verifyHomePageTitle<br/>
About to begin executing following method : HomePageTest.tearDown<br/>
</div>
</td>
<td></td>
<td>0</td>
<td>com.torenzosite.qa.testcases.HomePageTest@3f49dace</td></tr>
<tr>
<td title='com.torenzosite.qa.testcases.ContactUsPageTest.verifyHomePageTitle()'><b>verifyHomePageTitle</b><br>Test class: com.torenzosite.qa.testcases.ContactUsPageTest<br/>
<a href="#Output-1539947037" onClick='toggleBox("Output-1539947037", this, "Show output", "Hide output");'>Show output</a>

<a href="#Output-1539947037" onClick="toggleAllBoxes();">Show all outputs</a>
<div class='log' id="Output-1539947037">
About to begin executing following method : ContactUsPageTest.verifyHomePageTitle<br/>
Completed executing following method : ContactUsPageTest.verifyHomePageTitle<br/>
About to begin executing following method : ContactUsPageTest.tearDown<br/>
</div>
</td>
<td></td>
<td>0</td>
<td>com.torenzosite.qa.testcases.ContactUsPageTest@1e397ed7</td></tr>
<tr>
<td title='com.torenzosite.qa.testcases.TorenzoPOSPageTest.verifyHomePageTitle()'><b>verifyHomePageTitle</b><br>Test class: com.torenzosite.qa.testcases.TorenzoPOSPageTest<br/>
<a href="#Output-1537912396" onClick='toggleBox("Output-1537912396", this, "Show output", "Hide output");'>Show output</a>

<a href="#Output-1537912396" onClick="toggleAllBoxes();">Show all outputs</a>
<div class='log' id="Output-1537912396">
About to begin executing following method : TorenzoPOSPageTest.verifyHomePageTitle<br/>
Completed executing following method : TorenzoPOSPageTest.verifyHomePageTitle<br/>
About to begin executing following method : TorenzoPOSPageTest.tearDown<br/>
</div>
</td>
<td></td>
<td>0</td>
<td>com.torenzosite.qa.testcases.TorenzoPOSPageTest@490ab905</td></tr>
<tr>
<td title='com.torenzosite.qa.testcases.FeaturePageTest.verifyHomePageTitle()'><b>verifyHomePageTitle</b><br>Test class: com.torenzosite.qa.testcases.FeaturePageTest<br/>
<a href="#Output-1962826086" onClick='toggleBox("Output-1962826086", this, "Show output", "Hide output");'>Show output</a>

<a href="#Output-1962826086" onClick="toggleAllBoxes();">Show all outputs</a>
<div class='log' id="Output-1962826086">
About to begin executing following method : FeaturePageTest.verifyHomePageTitle<br/>
Completed executing following method : FeaturePageTest.verifyHomePageTitle<br/>
About to begin executing following method : FeaturePageTest.tearDown<br/>
</div>
</td>
<td></td>
<td>0</td>
<td>com.torenzosite.qa.testcases.FeaturePageTest@56ac3a89</td></tr>
<tr>
<td title='com.torenzosite.qa.testcases.LeaveUsPageTest.verifyHomePageTitle()'><b>verifyHomePageTitle</b><br>Test class: com.torenzosite.qa.testcases.LeaveUsPageTest<br/>
<a href="#Output-1743702241" onClick='toggleBox("Output-1743702241", this, "Show output", "Hide output");'>Show output</a>

<a href="#Output-1743702241" onClick="toggleAllBoxes();">Show all outputs</a>
<div class='log' id="Output-1743702241">
About to begin executing following method : LeaveUsPageTest.verifyHomePageTitle<br/>
Completed executing following method : LeaveUsPageTest.verifyHomePageTitle<br/>
About to begin executing following method : LeaveUsPageTest.tearDown<br/>
</div>
</td>
<td></td>
<td>0</td>
<td>com.torenzosite.qa.testcases.LeaveUsPageTest@27c20538</td></tr>
<tr>
<td title='com.torenzosite.qa.testcases.HardwarePageTest.verifyHomePageTitle()'><b>verifyHomePageTitle</b><br>Test class: com.torenzosite.qa.testcases.HardwarePageTest<br/>
<a href="#Output-1200601052" onClick='toggleBox("Output-1200601052", this, "Show output", "Hide output");'>Show output</a>

<a href="#Output-1200601052" onClick="toggleAllBoxes();">Show all outputs</a>
<div class='log' id="Output-1200601052">
About to begin executing following method : HardwarePageTest.verifyHomePageTitle<br/>
Completed executing following method : HardwarePageTest.verifyHomePageTitle<br/>
About to begin executing following method : HardwarePageTest.tearDown<br/>
</div>
</td>
<td></td>
<td>0</td>
<td>com.torenzosite.qa.testcases.HardwarePageTest@72d818d1</td></tr>
<tr>
<td title='com.torenzosite.qa.testcases.PricingPageTest.verifyHomePageTitle()'><b>verifyHomePageTitle</b><br>Test class: com.torenzosite.qa.testcases.PricingPageTest<br/>
<a href="#Output-1303427612" onClick='toggleBox("Output-1303427612", this, "Show output", "Hide output");'>Show output</a>

<a href="#Output-1303427612" onClick="toggleAllBoxes();">Show all outputs</a>
<div class='log' id="Output-1303427612">
About to begin executing following method : PricingPageTest.verifyHomePageTitle<br/>
Completed executing following method : PricingPageTest.verifyHomePageTitle<br/>
About to begin executing following method : PricingPageTest.tearDown<br/>
</div>
</td>
<td></td>
<td>0</td>
<td>com.torenzosite.qa.testcases.PricingPageTest@6e06451e</td></tr>
<tr>
<td title='com.torenzosite.qa.testcases.TryTorenzoForFreePageTest.verifyHomePageTitle()'><b>verifyHomePageTitle</b><br>Test class: com.torenzosite.qa.testcases.TryTorenzoForFreePageTest<br/>
<a href="#Output-1497411918" onClick='toggleBox("Output-1497411918", this, "Show output", "Hide output");'>Show output</a>

<a href="#Output-1497411918" onClick="toggleAllBoxes();">Show all outputs</a>
<div class='log' id="Output-1497411918">
About to begin executing following method : TryTorenzoForFreePageTest.verifyHomePageTitle<br/>
Completed executing following method : TryTorenzoForFreePageTest.verifyHomePageTitle<br/>
About to begin executing following method : TryTorenzoForFreePageTest.tearDown<br/>
</div>
</td>
<td></td>
<td>0</td>
<td>com.torenzosite.qa.testcases.TryTorenzoForFreePageTest@59494225</td></tr>
<tr>
<td title='com.torenzosite.qa.testcases.PricingPageTest.verifyPricingPageTitle()'><b>verifyPricingPageTitle</b><br>Test class: com.torenzosite.qa.testcases.PricingPageTest<br/>
<a href="#Output-1753134165" onClick='toggleBox("Output-1753134165", this, "Show output", "Hide output");'>Show output</a>

<a href="#Output-1753134165" onClick="toggleAllBoxes();">Show all outputs</a>
<div class='log' id="Output-1753134165">
About to begin executing following method : PricingPageTest.verifyPricingPageTitle<br/>
Completed executing following method : PricingPageTest.verifyPricingPageTitle<br/>
About to begin executing following method : PricingPageTest.tearDown<br/>
</div>
</td>
<td></td>
<td>12</td>
<td>com.torenzosite.qa.testcases.PricingPageTest@6e06451e</td></tr>
<tr>
<td title='com.torenzosite.qa.testcases.TorenzoPOSPageTest.verifyTextFromTorenzoPOSPage()'><b>verifyTextFromTorenzoPOSPage</b><br>Test class: com.torenzosite.qa.testcases.TorenzoPOSPageTest<br/>
<a href="#Output-1260043537" onClick='toggleBox("Output-1260043537", this, "Show output", "Hide output");'>Show output</a>

<a href="#Output-1260043537" onClick="toggleAllBoxes();">Show all outputs</a>
<div class='log' id="Output-1260043537">
About to begin executing following method : TorenzoPOSPageTest.verifyTextFromTorenzoPOSPage<br/>
Completed executing following method : TorenzoPOSPageTest.verifyTextFromTorenzoPOSPage<br/>
About to begin executing following method : TorenzoPOSPageTest.tearDown<br/>
</div>
</td>
<td></td>
<td>4</td>
<td>com.torenzosite.qa.testcases.TorenzoPOSPageTest@490ab905</td></tr>
<tr>
<td title='com.torenzosite.qa.testcases.FeaturePageTest.verifyTryTorenzoForFree()'><b>verifyTryTorenzoForFree</b><br>Test class: com.torenzosite.qa.testcases.FeaturePageTest<br/>
<a href="#Output-110296358" onClick='toggleBox("Output-110296358", this, "Show output", "Hide output");'>Show output</a>

<a href="#Output-110296358" onClick="toggleAllBoxes();">Show all outputs</a>
<div class='log' id="Output-110296358">
About to begin executing following method : FeaturePageTest.verifyTryTorenzoForFree<br/>
Completed executing following method : FeaturePageTest.verifyTryTorenzoForFree<br/>
About to begin executing following method : FeaturePageTest.tearDown<br/>
</div>
</td>
<td></td>
<td>16</td>
<td>com.torenzosite.qa.testcases.FeaturePageTest@56ac3a89</td></tr>
<tr>
<td title='com.torenzosite.qa.testcases.HomePageTest.verifyWithEmptyEmailAddreeField()'><b>verifyWithEmptyEmailAddreeField</b><br>Test class: com.torenzosite.qa.testcases.HomePageTest<br/>
<a href="#Output-1868805237" onClick='toggleBox("Output-1868805237", this, "Show output", "Hide output");'>Show output</a>

<a href="#Output-1868805237" onClick="toggleAllBoxes();">Show all outputs</a>
<div class='log' id="Output-1868805237">
About to begin executing following method : HomePageTest.verifyWithEmptyEmailAddreeField<br/>
Completed executing following method : HomePageTest.verifyWithEmptyEmailAddreeField<br/>
About to begin executing following method : HomePageTest.tearDown<br/>
</div>
</td>
<td></td>
<td>25</td>
<td>com.torenzosite.qa.testcases.HomePageTest@3f49dace</td></tr>
<tr>
<td title='com.torenzosite.qa.testcases.HomePageTest.verifyWithInvalidEmailAddreeField()'><b>verifyWithInvalidEmailAddreeField</b><br>Test class: com.torenzosite.qa.testcases.HomePageTest<br/>
<a href="#Output-12905860" onClick='toggleBox("Output-12905860", this, "Show output", "Hide output");'>Show output</a>

<a href="#Output-12905860" onClick="toggleAllBoxes();">Show all outputs</a>
<div class='log' id="Output-12905860">
About to begin executing following method : HomePageTest.verifyWithInvalidEmailAddreeField<br/>
Completed executing following method : HomePageTest.verifyWithInvalidEmailAddreeField<br/>
About to begin executing following method : HomePageTest.tearDown<br/>
</div>
</td>
<td></td>
<td>24</td>
<td>com.torenzosite.qa.testcases.HomePageTest@3f49dace</td></tr>
</table><p>
<table width='100%' border='1' class='invocation-skipped'>
<tr><td colspan='4' align='center'><b>SKIPPED TESTS</b></td></tr>
<tr><td><b>Test method</b></td>
<td width="30%"><b>Exception</b></td>
<td width="10%"><b>Time (seconds)</b></td>
<td><b>Instance</b></td>
</tr>
<tr>
<td title='com.torenzosite.qa.testcases.BrokenImageAndLinks.findBrokenLinkOnTorenzoMainPage()'><b>findBrokenLinkOnTorenzoMainPage</b><br>Test class: com.torenzosite.qa.testcases.BrokenImageAndLinks<br/>
<a href="#Output-182531396" onClick='toggleBox("Output-182531396", this, "Show output", "Hide output");'>Show output</a>

<a href="#Output-182531396" onClick="toggleAllBoxes();">Show all outputs</a>
<div class='log' id="Output-182531396">
(About@Test Method)Test Method resides in com.torenzosite.qa.testcases.BrokenImageAndLinks<br/>
Test Status: Skipped<br/>
About to begin executing following method : BrokenImageAndLinks.findBrokenLinkOnTorenzoMainPage<br/>
Completed executing following method : BrokenImageAndLinks.findBrokenLinkOnTorenzoMainPage<br/>
About to begin executing following method : HomePageTest.setUp<br/>
</div>
</td>
<td><div><pre>org.openqa.selenium.WebDriverException: Timed out waiting 45 seconds for Firefox to start.
Build info: version: &apos;3.14.0&apos;, revision: &apos;aacccce0&apos;, time: &apos;2018-08-02T20:19:58.91Z&apos;
System info: host: &apos;DESKTOP-A3DICO7&apos;, ip: &apos;169.254.38.26&apos;, os.name: &apos;Windows 10&apos;, os.arch: &apos;amd64&apos;, os.version: &apos;10.0&apos;, java.version: &apos;1.8.0_131&apos;
Driver info: driver.version: FirefoxDriver
	at org.openqa.selenium.firefox.XpiDriverService.waitUntilAvailable(XpiDriverService.java:133)
	at org.openqa.selenium.firefox.XpiDriverService.start(XpiDriverService.java:118)
	at org.openqa.selenium.remote.service.DriverCommandExecutor.execute(DriverCommandExecutor.java:79)
	at org.openqa.selenium.remote.RemoteWebDriver.execute(RemoteWebDriver.java:548)
	at org.openqa.selenium.remote.RemoteWebDriver.startSession(RemoteWebDriver.java:212)
	at org.openqa.selenium.remote.RemoteWebDriver.&lt;init&gt;(RemoteWebDriver.java:130)
	at org.openqa.selenium.firefox.FirefoxDriver.&lt;init&gt;(FirefoxDriver.java:125)
	at org.openqa.selenium.firefox.FirefoxDriver.&lt;init&gt;(FirefoxDriver.java:103)
	at com.torenzosite.qa.base.TestBase.initialization(TestBase.java:50)
	at com.torenzosite.qa.testcases.BrokenImageAndLinks.setUp(BrokenImageAndLinks.java:37)
Caused by: org.openqa.selenium.net.UrlChecker$TimeoutException: Timed out waiting for [http://localhost:8228/hub/status] to be available after 45027 ms
	at org.openqa.selenium.net.UrlChecker.waitUntilAvailable(UrlChecker.java:100)
	at org.openqa.selenium.firefox.XpiDriverService.waitUntilAvailable(XpiDriverService.java:131)
	... 37 more
Caused by: java.util.concurrent.TimeoutException
	at java.util.concurrent.FutureTask.get(Unknown Source)
	at com.google.common.util.concurrent.SimpleTimeLimiter.callWithTimeout(SimpleTimeLimiter.java:156)
	at org.openqa.selenium.net.UrlChecker.waitUntilAvailable(UrlChecker.java:75)
	... 38 more
... Removed 28 stack frames</pre></div><a href='#' onClick='toggleBox("stack-trace182531396", this, "Click to show all stack frames", "Click to hide stack frames")'>Click to show all stack frames</a>
<div class='stack-trace' id='stack-trace182531396'><pre>org.openqa.selenium.WebDriverException: Timed out waiting 45 seconds for Firefox to start.
Build info: version: &apos;3.14.0&apos;, revision: &apos;aacccce0&apos;, time: &apos;2018-08-02T20:19:58.91Z&apos;
System info: host: &apos;DESKTOP-A3DICO7&apos;, ip: &apos;169.254.38.26&apos;, os.name: &apos;Windows 10&apos;, os.arch: &apos;amd64&apos;, os.version: &apos;10.0&apos;, java.version: &apos;1.8.0_131&apos;
Driver info: driver.version: FirefoxDriver
	at org.openqa.selenium.firefox.XpiDriverService.waitUntilAvailable(XpiDriverService.java:133)
	at org.openqa.selenium.firefox.XpiDriverService.start(XpiDriverService.java:118)
	at org.openqa.selenium.remote.service.DriverCommandExecutor.execute(DriverCommandExecutor.java:79)
	at org.openqa.selenium.remote.RemoteWebDriver.execute(RemoteWebDriver.java:548)
	at org.openqa.selenium.remote.RemoteWebDriver.startSession(RemoteWebDriver.java:212)
	at org.openqa.selenium.remote.RemoteWebDriver.&lt;init&gt;(RemoteWebDriver.java:130)
	at org.openqa.selenium.firefox.FirefoxDriver.&lt;init&gt;(FirefoxDriver.java:125)
	at org.openqa.selenium.firefox.FirefoxDriver.&lt;init&gt;(FirefoxDriver.java:103)
	at com.torenzosite.qa.base.TestBase.initialization(TestBase.java:50)
	at com.torenzosite.qa.testcases.BrokenImageAndLinks.setUp(BrokenImageAndLinks.java:37)
	at sun.reflect.NativeMethodAccessorImpl.invoke0(Native Method)
	at sun.reflect.NativeMethodAccessorImpl.invoke(Unknown Source)
	at sun.reflect.DelegatingMethodAccessorImpl.invoke(Unknown Source)
	at java.lang.reflect.Method.invoke(Unknown Source)
	at org.testng.internal.MethodInvocationHelper.invokeMethod(MethodInvocationHelper.java:124)
	at org.testng.internal.MethodInvocationHelper.invokeMethodConsideringTimeout(MethodInvocationHelper.java:59)
	at org.testng.internal.Invoker.invokeConfigurationMethod(Invoker.java:455)
	at org.testng.internal.Invoker.invokeConfigurations(Invoker.java:222)
	at org.testng.internal.Invoker.invokeMethod(Invoker.java:520)
	at org.testng.internal.Invoker.invokeTestMethod(Invoker.java:716)
	at org.testng.internal.Invoker.invokeTestMethods(Invoker.java:988)
	at org.testng.internal.TestMethodWorker.invokeTestMethods(TestMethodWorker.java:125)
	at org.testng.internal.TestMethodWorker.run(TestMethodWorker.java:109)
	at org.testng.TestRunner.privateRun(TestRunner.java:648)
	at org.testng.TestRunner.run(TestRunner.java:505)
	at org.testng.SuiteRunner.runTest(SuiteRunner.java:455)
	at org.testng.SuiteRunner.runSequentially(SuiteRunner.java:450)
	at org.testng.SuiteRunner.privateRun(SuiteRunner.java:415)
	at org.testng.SuiteRunner.run(SuiteRunner.java:364)
	at org.testng.SuiteRunnerWorker.runSuite(SuiteRunnerWorker.java:52)
	at org.testng.SuiteRunnerWorker.run(SuiteRunnerWorker.java:84)
	at org.testng.TestNG.runSuitesSequentially(TestNG.java:1208)
	at org.testng.TestNG.runSuitesLocally(TestNG.java:1137)
	at org.testng.TestNG.runSuites(TestNG.java:1049)
	at org.testng.TestNG.run(TestNG.java:1017)
	at org.testng.remote.AbstractRemoteTestNG.run(AbstractRemoteTestNG.java:114)
	at org.testng.remote.RemoteTestNG.initAndRun(RemoteTestNG.java:251)
	at org.testng.remote.RemoteTestNG.main(RemoteTestNG.java:77)
Caused by: org.openqa.selenium.net.UrlChecker$TimeoutException: Timed out waiting for [http://localhost:8228/hub/status] to be available after 45027 ms
	at org.openqa.selenium.net.UrlChecker.waitUntilAvailable(UrlChecker.java:100)
	at org.openqa.selenium.firefox.XpiDriverService.waitUntilAvailable(XpiDriverService.java:131)
	... 37 more
Caused by: java.util.concurrent.TimeoutException
	at java.util.concurrent.FutureTask.get(Unknown Source)
	at com.google.common.util.concurrent.SimpleTimeLimiter.callWithTimeout(SimpleTimeLimiter.java:156)
	at org.openqa.selenium.net.UrlChecker.waitUntilAvailable(UrlChecker.java:75)
	... 38 more
</pre></div></td>
<td>0</td>
<td>com.torenzosite.qa.testcases.BrokenImageAndLinks@31a5c39e</td></tr>
</table><p>
</body>
</html>